
--- Job new1.gms Start 01/06/22 12:45:08 37.1.0 r07954d5 WEX-WEI x86 64bit/MS Windows
--- Applying:
    C:\GAMS\37\gmsprmNT.txt
--- GAMS Parameters defined
    Input "C:\Users\semih\Desktop\GAMS CALISMA\ILKLER\6\Kendi_Cozumlerim\new1.gms"
    PageSize 0
    ScrDir "C:\Users\semih\Desktop\GAMS CALISMA\ILKLER\6\Kendi_Cozumlerim\225a\"
    SysDir C:\GAMS\37\
    LogOption 3
    ErrMsg 1
    ErrorLog 99
    IDE 1
    LstTitleLeftAligned 1
Licensee: GAMS Community License for Mehmet Semih BabacanG210511|0002AO-GEN
          Yildiz Technical University                                CL1316
          C:\Users\semih\Documents\GAMS\gamslice.txt
          Mehmet Semih Babacan, l6918040@std.yildiz.edu.tr                 
          Community license for demonstration and instructional purposes only
Processor information: 1 socket(s), 4 core(s), and 8 thread(s) available
GAMS 37.1.0   Copyright (C) 1987-2021 GAMS Development. All rights reserved
--- Starting compilation
--- new1.gms(173) 3 Mb
--- Starting execution: elapsed 0:00:00.014
--- new1.gms(129) 4 Mb
--- Generating MIP model buraktez
--- new1.gms(171) 5 Mb
---   1,082 rows  995 columns  6,399 non-zeroes
---   847 discrete-columns
--- Executing CPLEX (Solvelink=2): elapsed 0:00:00.033

IBM ILOG CPLEX   37.1.0 r07954d5 Released Nov 11, 2021 WEI x86 64bit/MS Window

--- *** This solver runs with a community license. No commercial use.
--- GMO setup time: 0.00s
--- Space for names approximately 0.07 Mb
--- Use option 'names no' to turn use of names off
--- GMO memory 0.74 Mb (peak 0.75 Mb)
--- Dictionary memory 0.00 Mb
--- Cplex 20.1.0.1 link memory 0.03 Mb (peak 0.19 Mb)
--- Starting Cplex

Version identifier: 20.1.0.1 | 2021-04-07 | 3a818710c
CPXPARAM_Advance                                 0
CPXPARAM_Threads                                 1
CPXPARAM_MIP_Display                             4
CPXPARAM_MIP_Pool_Capacity                       0
CPXPARAM_MIP_Tolerances_AbsMIPGap                0
Generic callback                                 0x50
Tried aggregator 1 time.
MIP Presolve eliminated 288 rows and 162 columns.
MIP Presolve modified 28 coefficients.
Reduced MIP has 793 rows, 833 columns, and 4022 nonzeros.
Reduced MIP has 693 binaries, 0 generals, 0 SOSs, and 0 indicators.
Presolve time = 0.00 sec. (2.45 ticks)
Found incumbent of value 3594.539200 after 0.00 sec. (5.23 ticks)
Probing fixed 42 vars, tightened 0 bounds.
Probing time = 0.02 sec. (0.66 ticks)
Tried aggregator 1 time.
Detecting symmetries...
MIP Presolve eliminated 0 rows and 42 columns.
Reduced MIP has 793 rows, 791 columns, and 3854 nonzeros.
Reduced MIP has 651 binaries, 0 generals, 0 SOSs, and 0 indicators.
Presolve time = 0.00 sec. (2.95 ticks)
Probing time = 0.00 sec. (0.55 ticks)
Clique table members: 564.
MIP emphasis: balance optimality and feasibility.
MIP search method: dynamic search.
Parallel mode: none, using 1 thread.
Tried aggregator 1 time.
No LP presolve or aggregator reductions.
Presolve time = 0.00 sec. (0.46 ticks)

Iteration log . . .
Iteration:     1   Dual objective     =             0.000000
Perturbation started.
Iteration:    51   Dual objective     =             0.000000
Iteration:   128   Dual objective     =             7.595104
Removing perturbation.
Root relaxation solution time = 0.00 sec. (2.81 ticks)

        Nodes                                         Cuts/
   Node  Left     Objective  IInf  Best Integer    Best Bound    ItCnt     Gap

*     0+    0                         3594.5392        0.0000           100.00%
Found incumbent of value 3594.539200 after 0.02 sec. (13.77 ticks)
      0     0        9.8028    25     3594.5392        9.8028      199   99.73%
      0     0        9.8028    20     3594.5392      Cuts: 15      212   99.73%
      0     0        9.8028    25     3594.5392      Cuts: 45      232   99.73%
      0     0        9.8028    20     3594.5392       Cuts: 4      240   99.73%
      0     0        9.8028    25     3594.5392      Cuts: 69      254   99.73%
      0     2        9.8028    20     3594.5392        9.8028      254   99.73%
Elapsed time = 0.08 sec. (75.61 ticks, tree = 0.01 MB)
*    50+   42                         1575.8975        9.8361            99.38%
Found incumbent of value 1575.897500 after 0.11 sec. (113.51 ticks)
*    69    60      integral     0     1574.4080        9.8361     1558   99.38%
Found incumbent of value 1574.408000 after 0.13 sec. (125.36 ticks)
*   100+   79                         1424.9912        9.8361            99.31%
                                                  Impl Bds: 6                  
Found incumbent of value 1424.991200 after 0.14 sec. (149.88 ticks)
*   200+  134                          876.4627       10.0205            98.86%
                                                  Impl Bds: 2                  
Found incumbent of value 876.462700 after 0.19 sec. (213.37 ticks)
*   200+  130                          521.7260       10.0205            98.08%
Found incumbent of value 521.726000 after 0.19 sec. (214.05 ticks)
    340   267      365.8018    18      521.7260       10.0246     5827   98.08%
                                                  Impl Bds: 3                  

Performing restart 1

Repeating presolve.
Tried aggregator 1 time.
MIP Presolve eliminated 1 rows and 20 columns.
MIP Presolve modified 192 coefficients.
Reduced MIP has 792 rows, 771 columns, and 3720 nonzeros.
Reduced MIP has 631 binaries, 0 generals, 0 SOSs, and 0 indicators.
Presolve time = 0.00 sec. (2.10 ticks)
Tried aggregator 1 time.
MIP Presolve eliminated 20 rows and 13 columns.
Reduced MIP has 772 rows, 758 columns, and 3645 nonzeros.
Reduced MIP has 620 binaries, 0 generals, 0 SOSs, and 0 indicators.
Presolve time = 0.02 sec. (1.60 ticks)
Tried aggregator 1 time.
Reduced MIP has 772 rows, 758 columns, and 3645 nonzeros.
Reduced MIP has 620 binaries, 0 generals, 0 SOSs, and 0 indicators.
Presolve time = 0.00 sec. (2.85 ticks)
Represolve time = 0.02 sec. (10.58 ticks)
Tried aggregator 1 time.
LP Presolve eliminated 4 rows and 0 columns.
Reduced LP has 821 rows, 758 columns, and 4384 nonzeros.
Presolve time = 0.00 sec. (0.65 ticks)

Iteration log . . .
Iteration:     1   Dual objective     =             3.243375
Iteration:    87   Dual objective     =             6.450437
Iteration:   160   Dual objective     =             9.444600
Initializing dual steep norms . . .
    503     0        9.8028    23      521.7260      Cuts: 21     8710   98.08%
    503     0        9.8028    25      521.7260      Cuts: 18     8730   98.08%
    503     0        9.8028    20      521.7260      Cuts: 15     8741   98.08%
    503     0        9.8028    25      521.7260      Cuts: 17     8754   98.08%
    503     0        9.8028    27      521.7260       Cuts: 2     8780   98.08%
    503     0        9.9146    25      521.7260      Cuts: 16     8835   98.08%
    503     0       10.1241    29      521.7260      Cuts: 74     8870   98.06%
    503     0       10.1241    27      521.7260      Cuts: 14     8890   98.06%
    503     2       10.1241    27      521.7260       10.1241     8890   98.06%
    517    13       13.9061    31      521.7260       10.4472     9542   98.00%
    571    56      166.6229    21      521.7260       10.4568    11038   98.00%
    633   107      330.6541    16      521.7260       10.4568    12362   98.00%
    760   219       11.9407    17      521.7260       10.6850    14958   97.95%
    896   344      167.4761    18      521.7260       10.6850    18096   97.95%
   1098   524      365.4260    19      521.7260       10.9038    21497   97.91%
   1399   774      369.4584    11      521.7260       11.1847    26703   97.86%
*  1737   943      integral     0      517.1927       11.4088    32180   97.79%
Elapsed time = 2.16 sec. (2582.07 ticks, tree = 0.57 MB)
Found incumbent of value 517.192700 after 2.16 sec. (2582.07 ticks)
*  2328  1428      integral     0      515.9084       12.1875    42804   97.64%
Found incumbent of value 515.908400 after 2.55 sec. (3019.76 ticks)
   2912  1895      367.3790    13      515.9084       12.4257    55685   97.59%
                                                      Cuts: 3                  
   3852  2612      367.2998    14      515.9084       12.7104    79231   97.54%
   4784  3341       17.1168    22      515.9084       12.9970    99543   97.48%
                                                  Impl Bds: 4                  
   5654  3999      170.0287    21      515.9084       13.2854   120728   97.42%
   6674  4769       18.2666    25      515.9084       13.4701   144343   97.39%
                                                  Impl Bds: 4                  
   7771  5676      365.5534    12      515.9084       13.6421   166119   97.36%
                                                  Impl Bds: 4                  
   8681  6374      165.7830    24      515.9084       13.7608   186696   97.33%
   9589  7093      367.4404    21      515.9084       13.8708   207423   97.31%
  10564  7818       14.1825    23      515.9084       14.0270   230064   97.28%
  11301  8353      171.2218     8      515.9084       14.1443   249007   97.26%
                                                  Impl Bds: 1                  
Elapsed time = 10.56 sec. (12131.12 ticks, tree = 4.94 MB)
  12323  9144      174.7897    22      515.9084       14.2920   269331   97.23%
                                                  Impl Bds: 1                  
  13330  9945      320.1639     9      515.9084       14.3972   289924   97.21%
  14483 10847    infeasible            515.9084       14.5062   311837   97.19%
                                                  Impl Bds: 4                  
  15571 11673      321.8795    14      515.9084       14.5896   329497   97.17%
  16701 12619      176.9022    22      515.9084       14.7113   345722   97.15%
                                                  Impl Bds: 4                  
  17854 13553       16.4353    21      515.9084       14.7914   362558   97.13%
                                                  Impl Bds: 5                  
  18928 14414      319.7507    10      515.9084       14.8581   378183   97.12%
  20030 15317      474.8169     5      515.9084       14.9146   393397   97.11%
                                                  Impl Bds: 4                  

Performing restart 2

Repeating presolve.
Tried aggregator 1 time.
Reduced MIP has 772 rows, 758 columns, and 3978 nonzeros.
Reduced MIP has 620 binaries, 0 generals, 0 SOSs, and 0 indicators.
Presolve time = 0.00 sec. (1.67 ticks)
Tried aggregator 1 time.
Reduced MIP has 772 rows, 758 columns, and 3978 nonzeros.
Reduced MIP has 620 binaries, 0 generals, 0 SOSs, and 0 indicators.
Presolve time = 0.00 sec. (2.60 ticks)
Represolve time = 0.02 sec. (11.49 ticks)
Tried aggregator 1 time.
No LP presolve or aggregator reductions.
Presolve time = 0.00 sec. (0.75 ticks)

Iteration log . . .
Iteration:     1   Dual objective     =             1.413145
Iteration:    71   Dual objective     =             5.357888
Iteration:   138   Dual objective     =             8.843273
Iteration:   218   Dual objective     =            10.058467
  20627     0       10.1241    27      515.9084      Cuts: 75   403053   97.10%
  20627     0       10.1241    27      515.9084       Cuts: 7   403079   97.10%
  20627     0       10.1352    49      515.9084      Cuts: 22   403140   97.10%
  20627     0       10.1546    48      515.9084      Cuts: 18   403165   97.10%
  20627     0       10.1728    35      515.9084      Cuts: 10   403187   97.10%
  20627     0       10.1819    42      515.9084      Cuts: 47   403198   97.10%
  20627     0       10.1825    49      515.9084       Cuts: 5   403206   97.10%
  20627     2       10.1825    49      515.9084       14.9585   403206   97.10%
  20723    81      367.2318    18      515.9084       14.9585   406863   97.10%
Elapsed time = 19.11 sec. (21860.79 ticks, tree = 0.06 MB)
  20840   173      370.4934    26      515.9084       14.9585   410705   97.10%
                                                     Fract: 1                  
  20988   290      318.7083    32      515.9084       14.9585   415132   97.10%
  21313   563      371.0604    10      515.9084       14.9585   420532   97.10%
  21682   873      376.3995     6      515.9084       14.9585   428304   97.10%
  22226  1358       24.3059    33      515.9084       14.9585   435559   97.10%
                                                    Covers: 2                  
  22946  1992      366.0349    17      515.9084       14.9585   445877   97.10%
                                                      Cuts: 8                  
  23818  2794      166.5314    30      515.9084       14.9585   457170   97.10%
                                                    Covers: 1                  
* 24627+ 3481                          515.7662       14.9585            97.10%
                                                  Impl Bds: 6                  
Found incumbent of value 515.766200 after 25.89 sec. (29449.78 ticks)
  24700  3548      478.9249     9      515.7662       14.9585   472170   97.10%
  25649  4322       14.7420    29      515.7662       14.9585   487902   97.10%
  26701  5233      367.9517    16      515.7662       14.9585   504116   97.10%
Elapsed time = 27.88 sec. (31419.94 ticks, tree = 19.51 MB)
* 26976  5451      integral     0      515.1155       14.9585   508532   97.10%
                                                      Cuts: 3                  
Found incumbent of value 515.115500 after 28.14 sec. (31686.72 ticks)
  27683  6020      322.0804    15      515.1155       14.9585   519649   97.10%
  28799  7001      366.5082     3      515.1155       14.9585   537593   97.10%
                                                      Cuts: 2                  
  29861  7900       23.0012    37      515.1155       14.9585   555653   97.10%
                                                    Covers: 3                  
  30915  8787    infeasible            515.1155       14.9585   574971   97.10%
                                                      Cuts: 5                  
  31852  9585      371.9446    21      515.1155       14.9585   591171   97.10%
                                                     Cuts: 18                  
  32595 10178      169.7228    18      515.1155       14.9585   604842   97.10%
                                                   MIRcuts: 1                  
  33634 11095       16.4533    22      515.1155       14.9585   620026   97.10%
                                                    Covers: 1                  
  34672 11973       16.1338    22      515.1155       14.9585   637661   97.10%
                                                  Impl Bds: 7                  
  35684 12827       26.6477    39      515.1155       14.9585   654980   97.10%
                                                  Impl Bds: 4                  
  36670 13631      366.3472    16      515.1155       14.9585   673141   97.10%
Elapsed time = 38.16 sec. (40966.85 ticks, tree = 32.06 MB)
  37800 14605       20.0914    30      515.1155       14.9585   690715   97.10%
                                                  Flowcuts: 1                  
  38885 15541      166.2454    20      515.1155       14.9585   707631   97.10%
  40046 16550    infeasible            515.1155       14.9585   724866   97.10%
  40951 17261       33.1879    27      515.1155       14.9585   742284   97.10%
                                                  Impl Bds: 3                  
  42017 18174      324.7265     9      515.1155       14.9585   758522   97.10%
                                                  Impl Bds: 3                  
  43205 19251      324.7223    12      515.1155       14.9585   774059   97.10%
  44389 20293      322.4002    16      515.1155       14.9585   789217   97.10%
  45646 21412      172.9180    28      515.1155       14.9585   804922   97.10%
  46734 22381      171.7713    12      515.1155       14.9585   818664   97.10%
                                                      Cuts: 7                  
  47766 23294       19.3657    33      515.1155       14.9920   832912   97.09%
Elapsed time = 49.59 sec. (50511.77 ticks, tree = 81.05 MB)
  48802 24138       16.2816    29      515.1155       15.1214   849412   97.06%
  49860 25015      369.0944    19      515.1155       15.2075   865867   97.05%
  50999 25996      322.2084    20      515.1155       15.2669   882672   97.04%
  51821 26652      328.7531    17      515.1155       15.3171   896487   97.03%
  52776 27470       25.9039    34      515.1155       15.3632   911043   97.02%
                                                      Cuts: 4                  
  53902 28434      368.1926    13      515.1155       15.4070   926996   97.01%
  54954 29352       48.6542    26      515.1155       15.4501   942898   97.00%
  56101 30400      327.8100    17      515.1155       15.4798   958509   96.99%
                                                  Impl Bds: 3                  
  57129 31303      328.0121    10      515.1155       15.5118   972932   96.99%
  58000 32016      369.1443    15      515.1155       15.5536   986837   96.98%
Elapsed time = 60.50 sec. (60054.51 ticks, tree = 129.93 MB)
  59011 32868      478.9435     5      515.1155       15.6035  1001537   96.97%
  59947 33552       31.4096    34      515.1155       15.6659  1019253   96.96%
                                                  Impl Bds: 3                  
  61110 34559      483.2977    15      515.1155       15.7007  1035340   96.95%
  62278 35540       32.3417    34      515.1155       15.7572  1050827   96.94%
  63270 36387      475.3351    10      515.1155       15.7927  1064949   96.93%
  64233 37181      169.3402    17      515.1155       15.8339  1078546   96.93%
  65333 38118      321.4520    16      515.1155       15.8728  1093508   96.92%
  66461 39073       29.5543    25      515.1155       15.9257  1108767   96.91%
                                                  Impl Bds: 4                  
  67627 40066      476.4488    12      515.1155       15.9692  1124608   96.90%
  68884 41147      475.3846    23      515.1155       16.0165  1140481   96.89%
Elapsed time = 71.45 sec. (69598.87 ticks, tree = 198.44 MB)
  69937 42049      328.2838    13      515.1155       16.0497  1155071   96.88%
  70787 42705      195.7039    21      515.1155       16.0916  1169780   96.88%
  71786 43547      322.0265    22      515.1155       16.1317  1184475   96.87%
                                                      Cuts: 2                  
  72849 44430       66.0719    31      515.1155       16.1700  1200688   96.86%
  73977 45340      324.0439    16      515.1155       16.2108  1216910   96.85%
  75126 46301      478.7765     9      515.1155       16.2510  1232518   96.85%
                                                      Cuts: 2                  
  76167 47169      168.3599    16      515.1155       16.2939  1250224   96.84%
  77218 48095       19.4247    22      515.1155       16.3102  1264165   96.83%
  78304 49043      476.1193    14      515.1155       16.3364  1278040   96.83%
  79289 49887      170.9221    20      515.1155       16.3592  1292993   96.82%
Elapsed time = 82.59 sec. (79144.39 ticks, tree = 253.71 MB)
  80421 50827    infeasible            515.1155       16.3859  1309076   96.82%
  81649 51921       34.0547    32      515.1155       16.4223  1324253   96.81%
  82676 52771      321.7636    11      515.1155       16.4572  1340783   96.81%
  83876 53798      171.8187    27      515.1155       16.4890  1356608   96.80%
  84913 54663      475.2093    20      515.1155       16.5388  1370745   96.79%
  85902 55497      171.3950    25      515.1155       16.5659  1385710   96.78%
  86916 56384       18.1508    27      515.1155       16.5959  1400910   96.78%
  88065 57361      328.8224    11      515.1155       16.6329  1417813   96.77%
  89165 58262      168.9611    17      515.1155       16.6848  1434394   96.76%
  93606 62039       26.2297    22      515.1155       16.8429  1495886   96.73%
                                                      Cuts: 3                  
Elapsed time = 96.86 sec. (91559.96 ticks, tree = 296.18 MB)
  98102 65921       19.8251    24      515.1155       16.9776  1556327   96.70%
                                                      Cuts: 4                  
 102599 69806      169.4197    30      515.1155       17.1010  1614898   96.68%
                                                      Cuts: 2                  
 107258 73824    infeasible            515.1155       17.2102  1675320   96.66%
 111577 77485      171.3093    26      515.1155       17.3321  1735897   96.64%
 115936 81183      370.3093    18      515.1155       17.4686  1795744   96.61%
                                                      Cuts: 7                  
 120382 84969       39.6608    29      515.1155       17.5974  1857678   96.58%
 124684 88652      481.6592    10      515.1155       17.6998  1916566   96.56%
                                                      Cuts: 5                  
 128908 92098      322.1915    14      515.1155       17.8563  1981408   96.53%
                                                    Covers: 1                  
 132814 95350      326.2554    11      515.1155       17.9709  2038439   96.51%
                                                     Cuts: 13                  
 137062 98754    infeasible            515.1155       18.1220  2102574   96.48%
Elapsed time = 138.67 sec. (129713.24 ticks, tree = 526.45 MB)
 140651 101525       19.2169    23      515.1155       18.2545  2164713   96.46%
 144642 104635       53.4597    24      515.1155       18.3801  2230111   96.43%
                                                   MIRcuts: 1                  
 148697 107855      321.5360    16      515.1155       18.5085  2291054   96.41%
                                                    Covers: 2                  
 152733 111137      175.7090    25      515.1155       18.6248  2352769   96.38%
                                                      Cuts: 3                  
 156729 114275      172.2250    26      515.1155       18.7483  2417713   96.36%
                                                      Cuts: 2                  
 160400 117234      176.3584    26      515.1155       18.8686  2477596   96.34%
                                                      Cuts: 6                  
 164683 120692       24.1659    33      515.1155       19.0060  2540161   96.31%
 168548 123805       32.5621    38      515.1155       19.1250  2600054   96.29%
                                                      Cuts: 8                  
 172402 126734      175.8110    23      515.1155       19.2542  2660994   96.26%
                                                      Cuts: 3                  
 176317 129706      478.8013     8      515.1155       19.3957  2724751   96.23%
                                                  Impl Bds: 2                  
Elapsed time = 180.52 sec. (167869.40 ticks, tree = 701.87 MB)
 179948 132398      176.5281    24      515.1155       19.5510  2782567   96.20%
                                                    Covers: 3                  
 183969 135448      320.8406     8      515.1155       19.7145  2845242   96.17%
 187647 138128    infeasible            515.1155       19.8723  2906738   96.14%
                                                      Cuts: 4                  
 191309 140791    infeasible            515.1155       20.0103  2965974   96.12%
                                                    Covers: 1                  
 195184 143653      172.8008    25      515.1155       20.1747  3027989   96.08%
                                                     Cuts: 12                  
 199030 146629      327.9553    17      515.1155       20.2851  3087013   96.06%
 202296 148737      175.2291    22      515.1155       20.4855  3149267   96.02%
 205842 151132      178.3790    31      515.1155       20.6696  3212457   95.99%
 209464 153654      171.4341    27      515.1155       20.8485  3274103   95.95%
 212704 155660    infeasible            515.1155       21.0437  3334871   95.91%
                                                      Cuts: 6                  
Elapsed time = 222.28 sec. (206026.57 ticks, tree = 854.43 MB)
 216343 158133      173.9937    30      515.1155       21.2406  3399295   95.88%
                                                    Covers: 1                  
 219750 160372      330.0009    14      515.1155       21.4136  3461044   95.84%
                                                     Cuts: 10                  
 223035 162431      326.0122     4      515.1155       21.6409  3523981   95.80%
 226633 164778      477.6757    19      515.1155       21.8550  3587664   95.76%
                                                    Covers: 1                  
 229938 166829        cutoff            515.1155       22.0735  3648333   95.71%
                                                      Cuts: 8                  
 233229 168743    infeasible            515.1155       22.3142  3710155   95.67%
                                                     Cuts: 12                  
 236650 170669    infeasible            515.1155       22.6220  3776284   95.61%
                                                    Covers: 2                  
 240007 172627      337.1997    25      515.1155       22.8672  3834584   95.56%
                                                      Cuts: 9                  
 243310 174528    infeasible            515.1155       23.1450  3895061   95.51%
                                                     Cuts: 12                  
 246676 176397    infeasible            515.1155       23.4426  3956985   95.45%
                                                      Cuts: 3                  
Elapsed time = 264.53 sec. (244183.39 ticks, tree = 975.94 MB)
 250067 178240    infeasible            515.1155       23.7654  4016982   95.39%
                                                      Cuts: 5                  
 252987 179444      482.4115     5      515.1155       24.1557  4078378   95.31%
                                                     Cuts: 10                  
 256219 181071      478.3850    15      515.1155       24.5407  4142879   95.24%
                                                    Covers: 3                  
 259486 182937      321.6560    14      515.1155       24.9217  4205692   95.16%
                                                    Covers: 3                  
 262553 184442      175.6638    25      515.1155       25.3594  4263906   95.08%
                                                      Cuts: 3                  
 265846 186088      327.4444    23      515.1155       25.8461  4325355   94.98%
 269369 188079      170.7177    26      515.1155       26.3698  4386142   94.88%
                                                      Cuts: 3                  
 272565 189851      385.4352    22      515.1155       27.0096  4442677   94.76%
                                                      Cuts: 2                  
 276117 192050      327.9576    15      515.1155       27.6339  4498223   94.64%
                                                      Cuts: 5                  
 279751 194490      327.9060    10      515.1155       28.3199  4557891   94.50%
                                                     Cuts: 14                  
Elapsed time = 307.08 sec. (282339.62 ticks, tree = 1079.25 MB)
 283410 197055      171.4766    24      515.1155       28.8379  4614081   94.40%
                                                      Cuts: 3                  
 286853 199272      325.2014    11      515.1155       29.5061  4668235   94.27%
                                                      Cuts: 5                  
 290459 201745      191.6324    32      515.1155       30.1572  4727189   94.15%
                                                  Impl Bds: 7                  
 294365 204658      328.6486     7      515.1155       30.7380  4783443   94.03%
 298149 207506      479.5383    16      515.1155       31.3695  4835985   93.91%
                                                    Covers: 3                  
 301962 210273      477.7274    16      515.1155       32.0216  4887518   93.78%
                                                    Covers: 7                  
 305381 212579      325.5544    13      515.1155       32.7779  4944291   93.64%
                                                    Covers: 4                  
 309280 215439      378.9856    18      515.1155       33.4892  4999005   93.50%
                                                      Cuts: 3                  
 312664 217808      477.9973    13      515.1155       34.2640  5055323   93.35%
                                                      Cuts: 3                  
 316081 220313    infeasible            515.1155       35.1165  5106568   93.18%
                                                     Cuts: 14                  
Elapsed time = 349.48 sec. (320493.62 ticks, tree = 1247.67 MB)
 319632 222979      478.2472     8      515.1155       35.9573  5159784   93.02%
                                                     Cuts: 13                  
 323169 225679      174.7666    27      515.1155       36.7201  5214581   92.87%
                                                    Covers: 4                  
 326366 227784      474.3792    15      515.1155       37.7759  5268238   92.67%
                                                     Cuts: 12                  
 329389 229778      324.3434    17      515.1155       39.0240  5320650   92.42%
                                                    Covers: 8                  
 332745 232135      171.2250    15      515.1155       40.2281  5373214   92.19%
                                                    Covers: 5                  
 336035 234431      326.7217     7      515.1155       41.3849  5426301   91.97%
                                                     Cuts: 22                  
 339455 236947      475.2141     7      515.1155       42.6186  5478728   91.73%
                                                      Cuts: 8                  
 342285 239008      479.0815     9      515.1155       43.4805  5530475   91.56%
                                                      Cuts: 5                  
 345310 241148      171.9121    14      515.1155       44.6491  5582341   91.33%
                                                     Cuts: 19                  
 348478 243367      192.9522    37      515.1155       45.7593  5632367   91.12%
                                                      Cuts: 6                  
Elapsed time = 392.14 sec. (358651.12 ticks, tree = 1376.99 MB)
 351591 245532      261.7624    24      515.1155       46.7954  5682891   90.92%
                                                     Cuts: 10                  
 354533 247642      351.5922    12      515.1155       47.8837  5733061   90.70%
                                                    Covers: 5                  
 357587 249850      484.7915    13      515.1155       48.9558  5779588   90.50%
                                                      Cuts: 8                  
 360672 252189      327.2049    16      515.1155       50.0792  5828541   90.28%
                                                      Cuts: 3                  
 363735 254161      187.3217    36      515.1155       52.2195  5879997   89.86%
                                                      Cuts: 4                  
 366797 256317      326.1513    13      515.1155       54.0892  5931782   89.50%
                                                      Cuts: 6                  
 369633 258238      325.1950    10      515.1155       56.0305  5979940   89.12%
                                                  Impl Bds: 5                  
 372564 260392       65.0542    41      515.1155       57.4412  6025228   88.85%
                                                    Covers: 7                  
 375357 262301      481.5889     8      515.1155       59.0161  6072847   88.54%
                                                     Cuts: 11                  
 378399 264467       65.6535    26      515.1155       60.5066  6121697   88.25%
                                                      Cuts: 9                  
Elapsed time = 433.58 sec. (396804.77 ticks, tree = 1562.14 MB)
 381260 266406      324.5812    15      515.1155       61.8377  6171649   88.00%
                                                      Cuts: 6                  
 384251 268531      325.5422    32      515.1155       63.4243  6219054   87.69%
                                                      Cuts: 3                  
 387163 270692      170.9868    24      515.1155       64.8869  6265523   87.40%
                                                    Covers: 2                  
 390064 272863      476.1559     8      515.1155       66.5051  6312985   87.09%
 393015 275019      479.5335     4      515.1155       68.1489  6361408   86.77%
                                                      Cuts: 9                  
 395918 277050      210.0929    31      515.1155       69.9831  6412069   86.41%
                                                  Impl Bds: 2                  
 398757 279113      481.1299     4      515.1155       71.5830  6462040   86.10%
                                                      Cuts: 3                  
 401782 281490      172.3330    28      515.1155       72.7826  6506804   85.87%
 404456 283425      325.6084    16      515.1155       74.2896  6553987   85.58%
                                                      Cuts: 5                  
 407444 285586      177.4575    26      515.1155       75.8171  6602876   85.28%
                                                    Covers: 2                  
Elapsed time = 476.19 sec. (434961.29 ticks, tree = 1708.83 MB)
 410496 287804      178.1673    22      515.1155       77.8169  6650283   84.89%
                                                    Covers: 3                  
 413408 289667      479.2769    26      515.1155       80.7605  6697220   84.32%
                                                     Cuts: 14                  
 416332 291671      477.8978    17      515.1155       83.3505  6741321   83.82%
                                                    Covers: 4                  
 419182 293686      169.3069    26      515.1155       86.1407  6785538   83.28%
                                                      Cuts: 9                  
 422302 295970      166.8434    14      515.1155       88.9100  6829812   82.74%
                                                      Cuts: 8                  
 425432 298232    infeasible            515.1155       91.4149  6876718   82.25%
 428593 300747      169.1416    19      515.1155       93.7257  6923377   81.80%
                                                    Covers: 7                  
 431763 303444      322.7528    22      515.1155       95.3350  6968476   81.49%
 434614 305793      486.0376    11      515.1155       96.6132  7011859   81.24%
                                                    Covers: 5                  
 437627 308272    infeasible            515.1155       97.6386  7056605   81.05%
                                                      Cuts: 4                  
Elapsed time = 516.80 sec. (473116.37 ticks, tree = 1913.88 MB)
 440528 310376      171.4279    23      515.1155       99.0205  7101033   80.78%
 443361 312373      172.6337    28      515.1155      100.8144  7149327   80.43%
                                                      Cuts: 3                  
 446188 314403      380.0982    21      515.1155      102.8049  7195935   80.04%
                                                    Covers: 3                  
 449122 316653      172.9659    26      515.1155      105.3663  7242170   79.55%
                                                    Covers: 3                  
 452093 319086      478.4453     8      515.1155      107.4656  7285201   79.14%
                                                      Cuts: 3                  
 454861 321217      326.9939    14      515.1155      109.6534  7329179   78.71%
                                                      Cuts: 3                  
 457669 323176      329.6294    16      515.1155      113.6635  7375231   77.93%
 460292 324833      369.2319    17      515.1155      119.3000  7422786   76.84%
 463072 326824      197.3526    27      515.1155      123.8922  7467238   75.95%
                                                      Cuts: 9                  
 465876 328980      171.5909    22      515.1155      126.8938  7513113   75.37%
                                                    Covers: 3                  
Elapsed time = 557.98 sec. (511274.49 ticks, tree = 2068.82 MB)
Nodefile size = 21.89 MB (12.06 MB after compression)
 468713 331153      232.6628    23      515.1155      130.4963  7552583   74.67%
                                                      Cuts: 3                  
 471437 333271      355.7557    33      515.1155      133.0596  7593413   74.17%
                                                    Covers: 4                  
 474398 335555      477.6047    14      515.1155      135.7493  7633161   73.65%
                                                    Covers: 2                  
 477347 337841      323.4582    20      515.1155      138.5433  7675801   73.10%
                                                   MIRcuts: 1                  
 480175 339910        cutoff            515.1155      141.8649  7720491   72.46%
                                                    Covers: 2                  
 482677 341561      321.5765     8      515.1155      145.1240  7766129   71.83%
                                                   MIRcuts: 2                  
 485404 343649      476.8272    10      515.1155      147.7540  7808931   71.32%
                                                    Covers: 3                  
 488034 345660      327.0239     7      515.1155      150.8630  7849856   70.71%
                                                      Cuts: 4                  
 490507 347556      321.5762    17      515.1155      153.6580  7894146   70.17%
 493287 349833      171.3204    15      515.1155      156.3322  7935805   69.65%
                                                   MIRcuts: 1                  
Elapsed time = 603.81 sec. (549435.57 ticks, tree = 2256.72 MB)
Nodefile size = 208.74 MB (117.20 MB after compression)
 496217 352068      349.6809    24      515.1155      160.2360  7978949   68.89%
 499007 354524      476.8124    28      515.1155      160.5174  8024051   68.84%
 501703 356823      318.6282    19      515.1155      160.9646  8065569   68.75%
 504214 358972      473.6902    10      515.1155      161.2446  8105786   68.70%
 506886 361294      322.7447    10      515.1155      161.6264  8145468   68.62%
 509655 363679      170.0601    19      515.1155      161.7976  8187964   68.59%
 512196 365776      167.8385    23      515.1155      163.0299  8234075   68.35%
 515090 368363    infeasible            515.1155      163.2776  8275958   68.30%
 517937 370849      317.0346    27      515.1155      163.6457  8318381   68.23%
 521035 373722      318.4807    17      515.1155      163.8980  8358833   68.18%
                                                    Covers: 1                  
Elapsed time = 650.33 sec. (587593.70 ticks, tree = 2467.55 MB)
Nodefile size = 419.70 MB (236.49 MB after compression)
 523760 376170      166.7879    22      515.1155      164.0592  8398428   68.15%
                                                  Impl Bds: 3                  
 526417 378541      329.5400    27      515.1155      164.2194  8439009   68.12%
                                                   MIRcuts: 1                  
 529453 381301      319.1391    28      515.1155      164.3235  8483033   68.10%
 532176 383723      165.9524    16      515.1155      164.3956  8526890   68.09%
 535138 386409      166.8459    27      515.1155      164.4487  8565148   68.08%
 537958 388951      169.7322    23      515.1155      164.5151  8601543   68.06%
 540863 391554      474.5648    21      515.1155      164.5660  8639824   68.05%
 543621 393996      420.5094    26      515.1155      164.6176  8683286   68.04%
                                                      Cuts: 3                  
 546385 396354      322.4248    20      515.1155      164.6937  8726283   68.03%
 549112 398775      167.4348    26      515.1155      164.7330  8765045   68.02%
Elapsed time = 694.38 sec. (625756.31 ticks, tree = 2637.25 MB)
Nodefile size = 589.94 MB (335.42 MB after compression)
 551911 401240      166.2907    18      515.1155      164.7776  8803671   68.01%
 554978 403999      317.4168    22      515.1155      164.8079  8846759   68.01%
 557851 406530      213.3268    28      515.1155      164.8363  8887734   68.00%
 560637 408961      324.3851    14      515.1155      164.8745  8928924   67.99%
 563590 411622      324.1389    13      515.1155      164.8988  8969312   67.99%
 566321 414068        cutoff            515.1155      164.9232  9009463   67.98%
 569270 416707      483.7460     3      515.1155      164.9457  9051507   67.98%
 572247 419362      166.6580    25      515.1155      164.9722  9096998   67.97%
 575336 422107      166.5639    24      515.1155      165.0058  9142157   67.97%
 578142 424560      322.7328    13      515.1155      165.0379  9182236   67.96%
Elapsed time = 741.83 sec. (663916.03 ticks, tree = 2870.34 MB)
Nodefile size = 823.02 MB (468.48 MB after compression)
 580833 426886      322.0132    19      515.1155      165.0667  9221952   67.96%
 583789 429512      168.7699    16      515.1155      165.0922  9264532   67.95%
 586721 432097      476.0168    17      515.1155      165.1188  9308230   67.95%
 589630 434659      174.3247    30      515.1155      165.1459  9351969   67.94%
                                                      Cuts: 3                  

GUB cover cuts applied:  1
Clique cuts applied:  2
Cover cuts applied:  392
Implied bound cuts applied:  214
Flow cuts applied:  7
Mixed integer rounding cuts applied:  54
Zero-half cuts applied:  6
Multi commodity flow cuts applied:  1
Gomory fractional cuts applied:  14

Root node processing (before b&c):
  Real time             =    0.08 sec. (75.66 ticks)
Sequential b&c:
  Real time             =  764.88 sec. (683108.91 ticks)
                          ------------
Total (root+branch&cut) =  764.95 sec. (683184.57 ticks)

--- MIP status (113): aborted.
--- Cplex Time: 764.95sec (det. 683184.57 ticks)

--- Fixing integer variables and solving final LP...

Version identifier: 20.1.0.1 | 2021-04-07 | 3a818710c
CPXPARAM_Advance                                 2
CPXPARAM_Threads                                 1
CPXPARAM_MIP_Display                             4
CPXPARAM_MIP_Pool_Capacity                       0
CPXPARAM_MIP_Tolerances_AbsMIPGap                0
Presolve time = 0.00 sec. (0.31 ticks)

--- Fixed MIP status (13): user aborted.
--- Cplex Time: 0.00sec (det. 0.31 ticks)

--- Rerunning with presolve turned off and solving with LPMETHOD=1.

Version identifier: 20.1.0.1 | 2021-04-07 | 3a818710c
CPXPARAM_Advance                                 2
CPXPARAM_Preprocessing_Presolve                  0
CPXPARAM_LPMethod                                1
CPXPARAM_Threads                                 1
CPXPARAM_MIP_Display                             4
CPXPARAM_MIP_Pool_Capacity                       0
CPXPARAM_MIP_Tolerances_AbsMIPGap                0
Primal superbasis not built.

--- Fixed MIP status (13): user aborted.
--- Cplex Time: 0.02sec (det. 0.60 ticks)

*** WARNING: Final solve did not return an optimal solution.
--- Returning a primal only solution to GAMS (marginals all set to NA).

Problem aborted
MIP Solution:          515.115500    (9387894 iterations, 592227 nodes)
Final Solve:           116.222500    (0 iterations)

Best possible:         165.167835
Absolute gap:          349.947665
Relative gap:            0.679358

--- Reading solution for model buraktez
***
*** Solver did not provide marginals for model buraktez
***
--- Executing after solve: elapsed 0:12:46.426
--- new1.gms(173) 5 Mb
*** Status: Normal completion
--- Job new1.gms Stop 01/06/22 12:57:55 elapsed 0:12:46.426
