--- Job new2.gms Start 01/06/22 12:45:09 37.1.0 r07954d5 WEX-WEI x86 64bit/MS Windows
--- Applying:
    C:\GAMS\37\gmsprmNT.txt
--- GAMS Parameters defined
    Input "C:\Users\semih\Desktop\GAMS CALISMA\ILKLER\6\Kendi_Cozumlerim\new2.gms"
    PageSize 0
    ScrDir "C:\Users\semih\Desktop\GAMS CALISMA\ILKLER\6\Kendi_Cozumlerim\225b\"
    SysDir C:\GAMS\37\
    LogOption 3
    ErrMsg 1
    ErrorLog 99
    IDE 1
    LstTitleLeftAligned 1
Licensee: GAMS Community License for Mehmet Semih BabacanG210511|0002AO-GEN
          Yildiz Technical University                                CL1316
          C:\Users\semih\Documents\GAMS\gamslice.txt
          Mehmet Semih Babacan, l6918040@std.yildiz.edu.tr                 
          Community license for demonstration and instructional purposes only
Processor information: 1 socket(s), 4 core(s), and 8 thread(s) available
GAMS 37.1.0   Copyright (C) 1987-2021 GAMS Development. All rights reserved
--- Starting compilation
--- new2.gms(168) 3 Mb
--- Starting execution: elapsed 0:00:00.011
--- new2.gms(127) 4 Mb
--- Generating MIP model buraktez
--- new2.gms(167) 5 Mb
---   1,082 rows  995 columns  6,399 non-zeroes
---   847 discrete-columns
--- Executing CPLEX (Solvelink=2): elapsed 0:00:00.027

IBM ILOG CPLEX   37.1.0 r07954d5 Released Nov 11, 2021 WEI x86 64bit/MS Window

--- *** This solver runs with a community license. No commercial use.
--- GMO setup time: 0.00s
--- Space for names approximately 0.07 Mb
--- Use option 'names no' to turn use of names off
--- GMO memory 0.74 Mb (peak 0.75 Mb)
--- Dictionary memory 0.00 Mb
--- Cplex 20.1.0.1 link memory 0.03 Mb (peak 0.19 Mb)
--- Starting Cplex

Version identifier: 20.1.0.1 | 2021-04-07 | 3a818710c
CPXPARAM_Advance                                 0
CPXPARAM_Threads                                 1
CPXPARAM_MIP_Display                             4
CPXPARAM_MIP_Pool_Capacity                       0
CPXPARAM_MIP_Tolerances_AbsMIPGap                0
Generic callback                                 0x50
Tried aggregator 1 time.
MIP Presolve eliminated 288 rows and 85 columns.
Reduced MIP has 793 rows, 910 columns, and 4330 nonzeros.
Reduced MIP has 770 binaries, 0 generals, 0 SOSs, and 0 indicators.
Presolve time = 0.00 sec. (2.28 ticks)
Probing time = 0.00 sec. (0.72 ticks)
Tried aggregator 1 time.
Detecting symmetries...
Reduced MIP has 793 rows, 910 columns, and 4330 nonzeros.
Reduced MIP has 770 binaries, 0 generals, 0 SOSs, and 0 indicators.
Presolve time = 0.00 sec. (3.39 ticks)
Probing time = 0.00 sec. (0.78 ticks)
Clique table members: 315.
MIP emphasis: balance optimality and feasibility.
MIP search method: dynamic search.
Parallel mode: none, using 1 thread.
Tried aggregator 1 time.
No LP presolve or aggregator reductions.
Presolve time = 0.00 sec. (0.51 ticks)

Iteration log . . .
Iteration:     1   Dual objective     =             0.000000
Perturbation started.
Iteration:    51   Dual objective     =             0.000000
Iteration:   133   Dual objective     =             6.908406
Removing perturbation.
Root relaxation solution time = 0.00 sec. (2.70 ticks)

        Nodes                                         Cuts/
   Node  Left     Objective  IInf  Best Integer    Best Bound    ItCnt     Gap

      0     0        7.8849    22                      7.8849      177         
      0     0        7.8849    20                    Cuts: 25      203         
      0     0        7.8849    22                    Cuts: 15      222         
      0     0        7.8849    20                    Cuts: 13      236         
*     0+    0                         4546.2690        7.8849            99.83%
Found incumbent of value 4546.269000 after 0.06 sec. (56.26 ticks)
      0     2        7.8849    20     4546.2690        7.8849      236   99.83%
Elapsed time = 0.08 sec. (76.34 ticks, tree = 0.01 MB)
*    84    39      integral     0     1233.7752        7.8849      743   99.36%
Found incumbent of value 1233.775200 after 0.11 sec. (112.06 ticks)
*   151    75      integral     0     1227.9936        7.8849     1230   99.36%
                                                      Cuts: 3                  
Found incumbent of value 1227.993600 after 0.11 sec. (141.15 ticks)
*   251+  132                         1066.7400        7.8849            99.26%
                                                      Cuts: 2                  
Found incumbent of value 1066.740000 after 0.16 sec. (187.35 ticks)
*   513+  384                         1063.9563        7.8849            99.26%
                                                      Cuts: 3                  
Found incumbent of value 1063.956300 after 0.31 sec. (372.34 ticks)
    513   386        7.8849    20     1063.9563        7.8849     3385   99.26%
*   514+  381                          526.1747        7.8849            98.50%
Found incumbent of value 526.174700 after 0.61 sec. (656.91 ticks)
*   514+  381                          523.6619        7.8849            98.49%
Found incumbent of value 523.661900 after 0.63 sec. (679.62 ticks)
*   514+  381                          521.7494        7.8849            98.49%
Found incumbent of value 521.749400 after 0.63 sec. (681.64 ticks)
*   515+  382                          521.0942        7.8849            98.49%
                                                    Covers: 2                  
Found incumbent of value 521.094200 after 0.70 sec. (772.51 ticks)
    516   385        7.8849    20      521.0942        7.8849     3455   98.49%

Performing restart 1

Repeating presolve.
Tried aggregator 1 time.
MIP Presolve eliminated 1 rows and 20 columns.
Reduced MIP has 792 rows, 890 columns, and 4280 nonzeros.
Reduced MIP has 750 binaries, 0 generals, 0 SOSs, and 0 indicators.
Presolve time = 0.00 sec. (1.88 ticks)
Tried aggregator 1 time.
Reduced MIP has 792 rows, 890 columns, and 4280 nonzeros.
Reduced MIP has 750 binaries, 0 generals, 0 SOSs, and 0 indicators.
Presolve time = 0.02 sec. (3.41 ticks)
Represolve time = 0.02 sec. (7.91 ticks)
Tried aggregator 1 time.
No LP presolve or aggregator reductions.
Presolve time = 0.00 sec. (0.53 ticks)

Iteration log . . .
Iteration:     1   Dual objective     =             0.000000
Iteration:    90   Dual objective     =             5.296500
Iteration:   167   Dual objective     =             7.740000
    625     0        7.8849    20      521.0942   Flowcuts: 2     4782   98.49%
    625     0        7.8849    20      521.0942      Cuts: 17     4795   98.49%
    625     0        7.8849    20      521.0942      Cuts: 17     4814   98.49%
    625     0        7.8849    23      521.0942      Cuts: 23     4832   98.49%
    625     0        7.8849    21      521.0942       Cuts: 3     4839   98.49%
    625     2        7.8849    21      521.0942        7.8849     4839   98.49%
    765   103       10.7405     9      521.0942        7.8849     5828   98.49%
    897   212       16.8297    17      521.0942        8.2062     7176   98.43%
                                                      Cuts: 8                  
   1134   406        8.5723    20      521.0942        8.2063     8753   98.43%
   1540   761      364.2111    13      521.0942        8.2063    11511   98.43%
                                                      Cuts: 7                  
*  1746   940      integral     0      519.6308        8.2063    12778   98.42%
Found incumbent of value 519.630800 after 1.78 sec. (2094.54 ticks)
*  1748   940      integral     0      519.5219        8.2063    12793   98.42%
Found incumbent of value 519.521900 after 1.78 sec. (2096.21 ticks)
*  1848+ 1028                          519.3248        8.2066            98.42%
Found incumbent of value 519.324800 after 1.81 sec. (2140.89 ticks)
*  1848+ 1028                          518.9216        8.2066            98.42%
Found incumbent of value 518.921600 after 1.81 sec. (2141.47 ticks)
   2017  1176        9.4030     9      518.9216        8.2087    15195   98.42%
                                                    Covers: 2                  
   2637  1698        9.7016    13      518.9216        8.2872    19395   98.40%
   4625  3398       23.5076    11      518.9216        8.4948    34174   98.36%
                                                     Cuts: 24                  
Elapsed time = 2.84 sec. (3433.76 ticks, tree = 1.90 MB)
*  6044  4589      integral     0      518.6372        8.5659    45398   98.35%
                                                     Cuts: 13                  
Found incumbent of value 518.637200 after 3.33 sec. (4026.35 ticks)
*  6144+ 4664                          514.5782        8.5707            98.33%
                                                    Covers: 3                  
Found incumbent of value 514.578200 after 3.41 sec. (4083.28 ticks)
*  6144+ 4664                          514.2884        8.5707            98.33%
Found incumbent of value 514.288400 after 3.41 sec. (4084.27 ticks)
   6815  5241       11.0498    14      514.2884        8.5743    51264   98.33%
                                                    Covers: 1                  
   8843  6992    infeasible            514.2884        8.7154    68013   98.31%
                                                     Cuts: 10                  
* 10625+ 8476                          512.0006        8.7897            98.28%
                                                     Cuts: 11                  
Found incumbent of value 512.000600 after 4.97 sec. (6111.28 ticks)
  10866  8677       11.1462    16      512.0006        8.7901    84678   98.28%
  12952 10431      371.9658     9      512.0006        8.8579   102450   98.27%
                                                     Cuts: 10                  
  14966 12140       27.2454    13      512.0006        8.8920   120658   98.26%
                                                      Cuts: 4                  
  16974 13778       23.6009    14      512.0006        8.9329   139662   98.26%
                                                    Covers: 3                  
  19075 15521      364.9058     8      512.0006        8.9616   159257   98.25%
                                                      Cuts: 5                  

Performing restart 2

Repeating presolve.
Tried aggregator 1 time.
Reduced MIP has 792 rows, 890 columns, and 4280 nonzeros.
Reduced MIP has 750 binaries, 0 generals, 0 SOSs, and 0 indicators.
Presolve time = 0.00 sec. (1.84 ticks)
Tried aggregator 1 time.
Reduced MIP has 792 rows, 890 columns, and 4280 nonzeros.
Reduced MIP has 750 binaries, 0 generals, 0 SOSs, and 0 indicators.
Presolve time = 0.00 sec. (3.41 ticks)
Represolve time = 0.02 sec. (9.92 ticks)
Tried aggregator 1 time.
No LP presolve or aggregator reductions.
Presolve time = 0.02 sec. (0.59 ticks)

Iteration log . . .
Iteration:     1   Dual objective     =             0.000000
Iteration:    94   Dual objective     =             3.059077
Iteration:   168   Dual objective     =             7.414200
Iteration:   251   Dual objective     =             7.856550
  21109     0        8.1419    28      512.0006      Cuts: 17   176498   98.25%
  21109     0        8.1940    32      512.0006      Cuts: 19   176534   98.25%
  21109     0        8.2062    28      512.0006      Cuts: 17   176550   98.25%
  21109     0        8.2062    22      512.0006      Cuts: 16   176563   98.25%
  21109     0        8.2062    28      512.0006       Cuts: 9   176584   98.25%
  21109     0        8.2062    22      512.0006       Cuts: 8   176587   98.25%
  21109     0        8.2062    29      512.0006      Cuts: 16   176608   98.25%
  21109     0        8.2062    23      512.0006       Cuts: 6   176617   98.25%
  21109     0        8.2062    26      512.0006      Cuts: 32   176635   98.25%
  21109     2        8.2062    20      512.0006        8.9766   176635   98.25%
  21480   339       12.1299    11      512.0006        8.9766   179730   98.25%
                                                    Covers: 1                  
  21957   751       12.0650    15      512.0006        8.9766   184142   98.25%
                                                     Cuts: 12                  
Elapsed time = 10.47 sec. (13425.63 ticks, tree = 0.45 MB)
  22434  1166        9.7677    34      512.0006        8.9766   189401   98.25%
                                                     Cuts: 15                  
  23211  1852       10.2328    22      512.0006        8.9766   198091   98.25%
                                                     Cuts: 10                  
  24120  2675      177.4295    20      512.0006        8.9766   207130   98.25%
                                                      Cuts: 9                  
  25093  3504        9.7024    18      512.0006        8.9766   219359   98.25%
                                                     Cuts: 13                  
  26200  4502      363.4793    12      512.0006        8.9766   229728   98.25%
                                                      Cuts: 3                  
  27419  5583        8.7909    22      512.0006        8.9766   243747   98.25%
                                                     Cuts: 12                  
  28656  6671        9.9376    17      512.0006        8.9766   259046   98.25%
                                                     Cuts: 16                  
  29902  7759       12.8847     8      512.0006        8.9766   272700   98.25%
                                                      Cuts: 9                  
  31101  8777       10.9497    16      512.0006        8.9766   289114   98.25%
                                                      Cuts: 5                  
  32203  9739       12.1015    11      512.0006        9.0063   303703   98.24%
                                                      Cuts: 2                  
Elapsed time = 17.59 sec. (22977.59 ticks, tree = 5.73 MB)
  33307 10657    infeasible            512.0006        9.0486   317667   98.23%
                                                      Cuts: 4                  
  34310 11527       13.0239    16      512.0006        9.1172   331167   98.22%
                                                     Cuts: 16                  
  35545 12599    infeasible            512.0006        9.1512   347301   98.21%
                                                     Cuts: 10                  
  36405 13291       14.7041    16      512.0006        9.1766   360445   98.21%
                                                    Covers: 1                  
  37566 14251    infeasible            512.0006        9.2088   376117   98.20%
                                                      Cuts: 7                  
  38562 15106       11.2530    11      512.0006        9.2520   391369   98.19%
                                                      Cuts: 3                  
  39619 15993       14.2647     9      512.0006        9.2783   405973   98.19%
                                                      Cuts: 3                  
  40644 16871       11.2342    21      512.0006        9.2898   420841   98.19%
                                                    Covers: 4                  
  41669 17730       16.1974    14      512.0006        9.2940   437462   98.18%
                                                    Covers: 1                  
  42623 18524       15.5013    13      512.0006        9.3031   453491   98.18%
                                                     Cuts: 11                  
Elapsed time = 25.19 sec. (32529.86 ticks, tree = 11.06 MB)
  43649 19416       10.6979    16      512.0006        9.3208   468052   98.18%
                                                      Cuts: 3                  
  44523 20168       23.2642    12      512.0006        9.3321   482432   98.18%
  45478 20970       12.2421     8      512.0006        9.3424   497476   98.18%
                                                      Cuts: 3                  
  46288 21641        9.9568    24      512.0006        9.3620   509931   98.17%
                                                    Covers: 3                  
  47142 22334       10.3612    19      512.0006        9.3665   523966   98.17%
                                                      Cuts: 6                  
  48044 23101       24.2777     9      512.0006        9.3790   537432   98.17%
                                                      Cuts: 2                  
  48985 23857       16.3661    11      512.0006        9.3960   551847   98.16%
                                                      Cuts: 2                  
  49935 24647       14.0467    13      512.0006        9.4045   566697   98.16%
                                                      Cuts: 7                  
  50653 25241       15.1319     7      512.0006        9.4107   579629   98.16%
                                                      Cuts: 2                  
  51571 26000       15.1398    12      512.0006        9.4347   592777   98.16%
                                                    Covers: 1                  
Elapsed time = 33.47 sec. (42082.82 ticks, tree = 15.05 MB)
  52498 26767       22.6257    16      512.0006        9.4494   606356   98.15%
  53523 27629    infeasible            512.0006        9.4613   620908   98.15%
                                                    Covers: 3                  
  54365 28328       10.9461    24      512.0006        9.4725   634787   98.15%
  55217 29032       10.7852    17      512.0006        9.4776   648640   98.15%
                                                      Cuts: 3                  
  56085 29732       13.6901     7      512.0006        9.4854   662986   98.15%
                                                      Cuts: 4                  
  56964 30417    infeasible            512.0006        9.5076   678193   98.14%
                                                      Cuts: 2                  
  57779 31063       10.9203    17      512.0006        9.5139   692947   98.14%
  58632 31774       18.5625    12      512.0006        9.5207   704086   98.14%
                                                      Cuts: 6                  
  59517 32516       13.8743    16      512.0006        9.5299   714580   98.14%
                                                    Covers: 1                  
  60389 33231      364.7293     5      512.0006        9.5476   728377   98.14%
                                                      Cuts: 3                  
Elapsed time = 42.20 sec. (51638.99 ticks, tree = 20.29 MB)
  61162 33874      379.4808    17      512.0006        9.5577   743225   98.13%
                                                    Covers: 2                  
  62162 34691    infeasible            512.0006        9.5690   757453   98.13%
                                                      Cuts: 4                  
  63025 35393       18.5414    12      512.0006        9.5814   772022   98.13%
                                                      Cuts: 3                  
  63851 36062      372.8627    11      512.0006        9.5925   784868   98.13%
  64689 36747       14.9919    15      512.0006        9.5982   798480   98.13%
                                                     Cuts: 11                  
  65412 37323      366.3984     9      512.0006        9.6075   813548   98.12%
  66341 38099    infeasible            512.0006        9.6119   827081   98.12%
                                                    Covers: 1                  
  67155 38763       17.3742    20      512.0006        9.6161   839806   98.12%
                                                    Covers: 1                  
  67957 39424       17.3478    11      512.0006        9.6193   855074   98.12%
                                                    Covers: 2                  
  68824 40164       11.8233    21      512.0006        9.6270   867309   98.12%
                                                    Covers: 1                  
Elapsed time = 51.84 sec. (61181.28 ticks, tree = 24.02 MB)
  69617 40840       17.2456    19      512.0006        9.6296   878572   98.12%
  70553 41615       10.2608    16      512.0006        9.6412   893197   98.12%
  71336 42250       14.1492     8      512.0006        9.6480   907018   98.12%
                                                    Covers: 2                  
  72094 42863    infeasible            512.0006        9.6507   922758   98.12%
                                                    Covers: 1                  
  72894 43516       13.5182    10      512.0006        9.6586   936067   98.11%
                                                   MIRcuts: 1                  
  73635 44130       11.7947    14      512.0006        9.6645   949577   98.11%
                                                    Covers: 3                  
  74435 44775       12.6388    17      512.0006        9.6716   962336   98.11%
                                                    Covers: 2                  
  75256 45462       10.8909    13      512.0006        9.6807   974953   98.11%
                                                      Cuts: 5                  
  76072 46109        9.9441    35      512.0006        9.6876   989972   98.11%
                                                      Cuts: 7                  
  76904 46791       18.2344    16      512.0006        9.6925  1004062   98.11%
                                                      Cuts: 7                  
Elapsed time = 60.81 sec. (70736.86 ticks, tree = 27.61 MB)
  77729 47469       16.2953     5      512.0006        9.6999  1018241   98.11%
                                                      Cuts: 5                  
  78515 48099       10.2352    18      512.0006        9.7061  1031868   98.10%
                                                      Cuts: 3                  
  79194 48651       10.7176    20      512.0006        9.7104  1042489   98.10%
  79983 49299       10.0644    11      512.0006        9.7175  1055651   98.10%
                                                      Cuts: 6                  
  80849 50009       12.2555    14      512.0006        9.7272  1067619   98.10%
  81521 50532       19.3854    16      512.0006        9.7320  1081753   98.10%
  82245 51117      378.8255    14      512.0006        9.7392  1094763   98.10%
                                                    Covers: 1                  
  83129 51826       22.5989    19      512.0006        9.7449  1109040   98.10%
                                                    Covers: 1                  
  83896 52432      369.3358    17      512.0006        9.7511  1123935   98.10%
                                                      Cuts: 2                  
  84536 52930    infeasible            512.0006        9.7614  1135881   98.09%
                                                    Covers: 2                  
Elapsed time = 70.05 sec. (80292.80 ticks, tree = 30.96 MB)
  85189 53445       12.4573    31      512.0006        9.7641  1148894   98.09%
  85896 54019       10.6106    10      512.0006        9.7650  1162711   98.09%
  86586 54602       12.5838    33      512.0006        9.7663  1176213   98.09%
                                                    Covers: 1                  
  87379 55244    infeasible            512.0006        9.7711  1189632   98.09%
                                                    Covers: 1                  
  88148 55855       11.9868     9      512.0006        9.7781  1201906   98.09%
                                                    Covers: 3                  
  88968 56541       13.1312    18      512.0006        9.7851  1216948   98.09%
                                                      Cuts: 7                  
  89696 57094    infeasible            512.0006        9.7924  1230011   98.09%
  90491 57760       11.1017    10      512.0006        9.7957  1242948   98.09%
  90999 58125       18.5090    11      512.0006        9.7974  1256668   98.09%
                                                    Covers: 3                  
  93740 60327       14.9073    11      512.0006        9.8064  1307908   98.08%
                                                      Cuts: 3                  
Elapsed time = 82.05 sec. (92725.72 ticks, tree = 35.02 MB)
  96546 62501       18.7874     8      512.0006        9.8297  1362289   98.08%
  99178 64599       12.8570    15      512.0006        9.8453  1412908   98.08%
                                                      Cuts: 6                  
 102580 67448       12.8692    19      512.0006        9.8628  1465069   98.07%
                                                      Cuts: 2                  
 105334 69680       15.8089    22      512.0006        9.8758  1516209   98.07%
                                                     Cuts: 15                  
 108204 72027       14.3418    12      512.0006        9.8853  1566948   98.07%
                                                      Cuts: 5                  
 111119 74391       18.7147    11      512.0006        9.9045  1620743   98.07%
                                                     Cuts: 16                  
 113696 76428       11.3609    19      512.0006        9.9198  1671217   98.06%
                                                    Covers: 5                  
 116510 78734       12.7194    31      512.0006        9.9342  1727926   98.06%
                                                      Cuts: 3                  
 119350 80958    infeasible            512.0006        9.9472  1779221   98.06%
                                                    Covers: 2                  
 121945 83012    infeasible            512.0006        9.9618  1827910   98.05%
                                                      Cuts: 8                  
Elapsed time = 117.05 sec. (130886.39 ticks, tree = 50.44 MB)
 124482 84889    infeasible            512.0006        9.9747  1879164   98.05%
                                                    Covers: 3                  
 126954 86852       10.8550     9      512.0006        9.9830  1933229   98.05%
                                                      Cuts: 3                  
 129450 88769       13.0753    16      512.0006       10.0015  1984503   98.05%
                                                      Cuts: 4                  
 132227 90965       16.5495    11      512.0006       10.0220  2036858   98.04%
                                                      Cuts: 7                  
 135006 93134    infeasible            512.0006       10.0377  2072718   98.04%
                                                    Covers: 1                  
 137940 95480       13.4555     3      512.0006       10.0532  2119113   98.04%
                                                    Covers: 2                  
 141093 98102    infeasible            512.0006       10.0605  2172827   98.04%
                                                    Covers: 8                  
 143630 100049       13.8854    18      512.0006       10.0687  2220989   98.03%
                                                    Covers: 7                  
 146342 102248       11.7345     6      512.0006       10.0796  2271719   98.03%
 149574 104960       11.6248     9      512.0006       10.0893  2320696   98.03%
                                                      Cuts: 2                  
Elapsed time = 151.72 sec. (169076.89 ticks, tree = 62.80 MB)
 152273 107170       12.4353    16      512.0006       10.0960  2368897   98.03%
                                                    Covers: 4                  
 155127 109579       12.4137    15      512.0006       10.1017  2416858   98.03%
                                                    Covers: 3                  
 158109 111985       11.8480    17      512.0006       10.1113  2464977   98.03%
                                                    Covers: 3                  
 160883 114191       11.6609    16      512.0006       10.1223  2514628   98.02%
                                                      Cuts: 5                  
 163491 116281       14.1203     7      512.0006       10.1322  2562282   98.02%
                                                    Covers: 2                  
 166068 118319      367.5627     7      512.0006       10.1398  2611018   98.02%
 168849 120528       11.6507    12      512.0006       10.1514  2658775   98.02%
                                                    Covers: 2                  
 171380 122522       13.2849     7      512.0006       10.1617  2706313   98.02%
                                                      Cuts: 5                  
 174140 124744      370.5225     8      512.0006       10.1699  2756699   98.01%
                                                      Cuts: 7                  
 176667 126723    infeasible            512.0006       10.1812  2806468   98.01%
                                                      Cuts: 5                  
Elapsed time = 185.14 sec. (207305.23 ticks, tree = 75.16 MB)
 179219 128691       12.8415    17      512.0006       10.1946  2853268   98.01%
                                                      Cuts: 8                  
 181969 130919        cutoff            512.0006       10.2032  2901705   98.01%
                                                    Covers: 6                  
 184631 132927      333.0276     7      512.0006       10.2178  2949626   98.00%
                                                      Cuts: 6                  
 187048 134752       15.6363    17      512.0006       10.2343  2992559   98.00%
 189488 136577       11.6886    12      512.0006       10.2411  3038526   98.00%
 192161 138656       11.3258    27      512.0006       10.2535  3085703   98.00%
                                                   MIRcuts: 1                  
 194826 140751      370.0464     3      512.0006       10.2647  3133989   98.00%
                                                    Covers: 2                  
 197317 142690      374.3399     6      512.0006       10.2752  3177852   97.99%
                                                      Cuts: 6                  
 199761 144579       12.3055    19      512.0006       10.2860  3223770   97.99%
                                                      Cuts: 5                  
 202217 146485       15.2014     7      512.0006       10.2980  3274204   97.99%
                                                     Cuts: 14                  
Elapsed time = 218.11 sec. (245460.03 ticks, tree = 89.45 MB)
 204888 148574       12.0227    11      512.0006       10.3077  3320062   97.99%
                                                      Cuts: 9                  
 206982 150213       10.9674     9      512.0006       10.3155  3365527   97.99%
                                                     Cuts: 10                  
 209319 151986       10.6829     6      512.0006       10.3242  3411441   97.98%
                                                    Covers: 3                  
 211718 153869       17.1520     9      512.0006       10.3377  3459169   97.98%
                                                    Covers: 4                  
 214117 155781       11.6408    18      512.0006       10.3455  3506322   97.98%
                                                     Cuts: 10                  
 216353 157485       15.2376    10      512.0006       10.3547  3551414   97.98%
                                                    Covers: 3                  
 218709 159298       12.8680    10      512.0006       10.3638  3597477   97.98%
                                                      Cuts: 8                  
 221171 161246       10.6341     4      512.0006       10.3761  3646848   97.97%
                                                    Covers: 7                  
 223515 163117       11.1033    19      512.0006       10.3832  3694935   97.97%
                                                    Covers: 3                  
 225951 165013      372.5206     7      512.0006       10.3896  3740766   97.97%
                                                    Covers: 7                  
Elapsed time = 251.69 sec. (283618.35 ticks, tree = 101.90 MB)
 228419 166976       13.3705    17      512.0006       10.3960  3785485   97.97%
                                                      Cuts: 4                  
 230941 168903       16.5704    20      512.0006       10.4062  3830639   97.97%
                                                      Cuts: 8                  
 233294 170802       13.6893    12      512.0006       10.4142  3877280   97.97%
                                                      Cuts: 7                  
 235229 172118      374.2561     8      512.0006       10.4166  3919551   97.97%
                                                    Covers: 3                  
 237384 173770       12.7859    22      512.0006       10.4203  3968313   97.96%
                                                      Cuts: 6                  
 239886 175786       14.7285    11      512.0006       10.4254  4015877   97.96%
                                                    Covers: 4                  
 242403 177812      374.2373     4      512.0006       10.4303  4061218   97.96%
                                                      Cuts: 5                  
 244643 179579       12.4030    26      512.0006       10.4359  4103505   97.96%
                                                      Cuts: 6                  
 247109 181631       12.1912    19      512.0006       10.4430  4147080   97.96%
                                                    Covers: 2                  
 249648 183641      371.7566     3      512.0006       10.4505  4192081   97.96%
Elapsed time = 285.28 sec. (321857.98 ticks, tree = 112.88 MB)
 252176 185652       13.1136    19      512.0006       10.4573  4238728   97.96%
                                                      Cuts: 2                  
 254357 187366       12.4996    20      512.0006       10.4640  4285210   97.96%
                                                    Covers: 4                  
 256886 189402       14.0042    25      512.0006       10.4702  4327362   97.96%
                                                      Cuts: 4                  
 259299 191304      366.3839    12      512.0006       10.4791  4373678   97.95%
                                                    Covers: 6                  
 261456 192960       18.7688    14      512.0006       10.4884  4419302   97.95%
                                                    Covers: 2                  
 263774 194806       12.6678    10      512.0006       10.4944  4465313   97.95%
                                                      Cuts: 5                  
 265809 196400       18.4144     7      512.0006       10.5000  4510625   97.95%
                                                    Covers: 2                  
 268109 198179       12.4904    21      512.0006       10.5071  4553910   97.95%
                                                      Cuts: 5                  
 270339 199891       13.8673     5      512.0006       10.5143  4599784   97.95%
 272500 201434       16.6835     7      512.0006       10.5219  4643048   97.94%
                                                    Covers: 3                  
Elapsed time = 318.89 sec. (360099.16 ticks, tree = 125.47 MB)
 274154 202628      366.0625     5      512.0006       10.5233  4690391   97.94%
                                                    Covers: 4                  
 276504 204559    infeasible            512.0006       10.5277  4735226   97.94%
                                                      Cuts: 4                  
 278640 206270      374.0892     7      512.0006       10.5309  4783102   97.94%
                                                    Covers: 5                  
 280875 207990       13.9006     8      512.0006       10.5354  4826502   97.94%
                                                    Covers: 1                  
 283229 209891       13.6027    31      512.0006       10.5407  4866264   97.94%
 285355 211567      372.9555    13      512.0006       10.5462  4909323   97.94%
                                                      Cuts: 6                  
 287780 213533       16.0078    11      512.0006       10.5517  4954726   97.94%
                                                      Cuts: 4                  
 289827 215197      373.5988     4      512.0006       10.5568  5001715   97.94%
                                                    Covers: 2                  
 292102 217017      371.8022     9      512.0006       10.5625  5049341   97.94%
                                                    Covers: 4                  
 294169 218683       30.7958    13      512.0006       10.5664  5093178   97.94%
                                                      Cuts: 9                  
Elapsed time = 354.03 sec. (398263.47 ticks, tree = 135.77 MB)
 296273 220383       12.2248    11      512.0006       10.5698  5136978   97.94%
                                                   Covers: 11                  
 298772 222393       13.3210     7      512.0006       10.5738  5179038   97.93%
                                                      Cuts: 4                  
 300803 223964       13.8378    22      512.0006       10.5775  5221778   97.93%
                                                    Covers: 3                  
 303274 226009       16.5194    28      512.0006       10.5824  5266865   97.93%
                                                    Covers: 2                  
 305439 227755       15.6522     7      512.0006       10.5866  5309438   97.93%
                                                    Covers: 1                  
 307479 229342       11.3928     4      512.0006       10.5922  5352834   97.93%
                                                    Covers: 1                  
 309536 230993       13.6252     8      512.0006       10.5973  5394827   97.93%
                                                      Cuts: 9                  
 311828 232827       12.9483    23      512.0006       10.6016  5438851   97.93%
                                                      Cuts: 7                  
 314146 234719       13.0946    19      512.0006       10.6060  5482706   97.93%
                                                    Covers: 1                  
 316254 236328       14.0401     8      512.0006       10.6110  5524389   97.93%
                                                    Covers: 1                  
Elapsed time = 389.48 sec. (436418.54 ticks, tree = 148.89 MB)
 318247 237940       18.4418     8      512.0006       10.6147  5567336   97.93%
                                                      Cuts: 6                  
 320213 239516    infeasible            512.0006       10.6200  5611367   97.93%
                                                     Cuts: 10                  
 322161 241000       13.1083    12      512.0006       10.6256  5655175   97.92%
                                                    Covers: 1                  
 324129 242578    infeasible            512.0006       10.6301  5699379   97.92%
                                                      Cuts: 9                  
 326309 244307      367.7789    14      512.0006       10.6335  5740119   97.92%
                                                    Covers: 7                  
 328206 245780       15.0738     9      512.0006       10.6379  5780737   97.92%
                                                    Covers: 3                  
 330302 247464       12.2735     7      512.0006       10.6414  5820922   97.92%
                                                    Covers: 2                  
 332437 249123      365.8667    22      512.0006       10.6473  5863154   97.92%
 334825 251056       10.7401    13      512.0006       10.6511  5904054   97.92%
                                                      Cuts: 3                  
 336975 252698       12.6358    11      512.0006       10.6584  5944846   97.92%
                                                    Covers: 5                  
Elapsed time = 423.88 sec. (474584.29 ticks, tree = 158.88 MB)
 338974 254315       16.0969     7      512.0006       10.6639  5987795   97.92%
                                                    Covers: 2                  
 340873 255848       11.9723     8      512.0006       10.6680  6029783   97.92%
                                                      Cuts: 5                  
 342923 257491       15.8648    18      512.0006       10.6707  6070489   97.92%
                                                      Cuts: 5                  
 345019 259172      366.6915     4      512.0006       10.6735  6111017   97.92%
                                                     Cuts: 11                  
 347336 261075        cutoff            512.0006       10.6766  6154003   97.91%
 349392 262638       13.7900    13      512.0006       10.6799  6196676   97.91%
                                                    Covers: 1                  
 351353 264173       20.2401     7      512.0006       10.6842  6236652   97.91%
                                                    Covers: 2                  
 353226 265570    infeasible            512.0006       10.6893  6276676   97.91%
                                                      Cuts: 6                  
 355372 267276       11.2231    12      512.0006       10.6938  6317826   97.91%
                                                    Covers: 3                  
 357400 268887       17.1345     7      512.0006       10.6987  6360552   97.91%
                                                    Covers: 5                  
Elapsed time = 459.61 sec. (512764.01 ticks, tree = 168.82 MB)
 359344 270435    infeasible            512.0006       10.7023  6402781   97.91%
                                                      Cuts: 4                  
 361587 272318       16.6927    15      512.0006       10.7049  6442471   97.91%
 363587 273932       13.5698     6      512.0006       10.7076  6482903   97.91%
                                                      Cuts: 4                  
 365757 275740       12.6026    17      512.0006       10.7101  6523420   97.91%
                                                      Cuts: 7                  
 367871 277463      367.5836     6      512.0006       10.7125  6563875   97.91%
                                                    Covers: 5                  
 369888 279081       14.8743    14      512.0006       10.7154  6605441   97.91%
                                                      Cuts: 5                  
 372214 280958    infeasible            512.0006       10.7193  6647364   97.91%
 374162 282481      367.2766    13      512.0006       10.7227  6689621   97.91%
                                                    Covers: 3                  
 376283 284174    infeasible            512.0006       10.7265  6729223   97.90%
                                                      Cuts: 6                  
 378200 285674    infeasible            512.0006       10.7312  6768055   97.90%
                                                    Covers: 2                  
Elapsed time = 495.02 sec. (550936.66 ticks, tree = 182.16 MB)
 380143 287276       11.3291    21      512.0006       10.7355  6808467   97.90%
                                                     Cuts: 10                  
 382261 289008      382.6198     9      512.0006       10.7392  6851131   97.90%
                                                    Covers: 5                  
 384332 290710       13.5500     3      512.0006       10.7424  6891546   97.90%
                                                    Covers: 5                  
 386188 292152      368.5199     3      512.0006       10.7462  6932672   97.90%
                                                    Covers: 1                  
 388144 293707      373.0684    22      512.0006       10.7490  6973529   97.90%
                                                    Covers: 3                  
 390124 295293    infeasible            512.0006       10.7520  7014618   97.90%
                                                      Cuts: 8                  
 392245 297031       12.9309    28      512.0006       10.7557  7055919   97.90%
                                                    Covers: 6                  
 394130 298528      364.4362     8      512.0006       10.7602  7097920   97.90%
                                                    Covers: 7                  
 395949 300006       11.8827    22      512.0006       10.7639  7142079   97.90%
                                                    Covers: 4                  
 397817 301527       11.9415     9      512.0006       10.7669  7183003   97.90%
                                                      Cuts: 3                  
Elapsed time = 528.95 sec. (589105.07 ticks, tree = 192.07 MB)
 399606 302967       11.9980    12      512.0006       10.7700  7221336   97.90%
 401557 304567       15.8046    26      512.0006       10.7729  7261367   97.90%
                                                    Covers: 1                  
 403480 306157      372.2345     4      512.0006       10.7748  7301928   97.90%
                                                   Covers: 10                  
 405460 307764       13.8969    10      512.0006       10.7782  7343946   97.89%
 407585 309542       16.7397    11      512.0006       10.7806  7386278   97.89%
 409563 311115       11.6710     7      512.0006       10.7835  7427008   97.89%
                                                     Cuts: 12                  
 411428 312601       13.4802    13      512.0006       10.7862  7464438   97.89%
                                                    Covers: 1                  
 413280 314063       11.8059    22      512.0006       10.7888  7503619   97.89%
 415048 315445       11.6668    19      512.0006       10.7919  7544333   97.89%
                                                    Covers: 3                  
 417005 316999       11.3676    13      512.0006       10.7959  7584995   97.89%
                                                    Covers: 2                  
Elapsed time = 562.83 sec. (627283.13 ticks, tree = 201.81 MB)
 419099 318667      368.6649     8      512.0006       10.7997  7625509   97.89%
                                                    Covers: 2                  
 421139 320267    infeasible            512.0006       10.8043  7665106   97.89%
                                                    Covers: 3                  
 422993 321750       18.3422    17      512.0006       10.8081  7707208   97.89%
                                                    Covers: 5                  
 424865 323245       12.9581    10      512.0006       10.8122  7746724   97.89%
                                                    Covers: 2                  
 426599 324617       13.6421    36      512.0006       10.8146  7787119   97.89%
                                                    Covers: 2                  
 428438 326059       11.7615     9      512.0006       10.8174  7828668   97.89%
                                                    Covers: 1                  
 430187 327452       14.6351    11      512.0006       10.8206  7870995   97.89%
                                                    Covers: 7                  
 432226 329075       15.3910     7      512.0006       10.8237  7911278   97.89%
                                                    Covers: 2                  
 434269 330723       12.0305     7      512.0006       10.8274  7949840   97.89%
                                                    Covers: 1                  
 436106 332109       11.4928    19      512.0006       10.8313  7988138   97.88%
                                                      Cuts: 3                  
Elapsed time = 596.98 sec. (665452.58 ticks, tree = 214.91 MB)
 437808 333488    infeasible            512.0006       10.8337  8027233   97.88%
                                                    Covers: 6                  
 439521 334855       12.1390     4      512.0006       10.8365  8066371   97.88%
                                                    Covers: 2                  
 441346 336340      372.1939     4      512.0006       10.8396  8106100   97.88%
                                                      Cuts: 6                  
 443207 337838       12.6997    10      512.0006       10.8437  8144234   97.88%
                                                   MIRcuts: 1                  
 444901 339155       11.3591    16      512.0006       10.8468  8184910   97.88%
                                                     Cuts: 10                  
 446894 340767       11.5351    34      512.0006       10.8499  8223642   97.88%
                                                    Covers: 4                  
 448737 342279       13.3356    21      512.0006       10.8527  8263868   97.88%
                                                    Covers: 5                  
 450419 343598       19.3597    17      512.0006       10.8550  8299948   97.88%
                                                    Covers: 5                  
 452155 344968      368.5065     7      512.0006       10.8575  8336645   97.88%
                                                    Covers: 1                  
 454034 346457    infeasible            512.0006       10.8600  8375181   97.88%
Elapsed time = 631.30 sec. (703651.64 ticks, tree = 224.06 MB)
 455842 347899       13.0839    20      512.0006       10.8625  8415135   97.88%
                                                    Covers: 3                  
 457677 349363       12.7521     9      512.0006       10.8651  8454795   97.88%
                                                    Covers: 1                  
 459441 350767       17.5893     7      512.0006       10.8677  8492790   97.88%
                                                    Covers: 3                  
 461484 352453       18.8931     8      512.0006       10.8707  8528248   97.88%
                                                     Cuts: 10                  
 463295 353862       16.7863    18      512.0006       10.8743  8564720   97.88%
                                                    Covers: 1                  
 465072 355293      366.9585     6      512.0006       10.8772  8603289   97.88%
                                                    Covers: 4                  
 466990 356824       19.1673    10      512.0006       10.8806  8641187   97.87%
                                                    Covers: 2                  
 468626 358113       18.8339     8      512.0006       10.8833  8680724   97.87%
                                                    Covers: 2                  
 470319 359481      367.8926     5      512.0006       10.8858  8719467   97.87%
                                                    Covers: 2                  
 472044 360872       13.1725    13      512.0006       10.8878  8759940   97.87%
                                                    Covers: 4                  
Elapsed time = 665.27 sec. (741824.28 ticks, tree = 233.31 MB)
 473660 362150       11.8772    13      512.0006       10.8895  8798580   97.87%
                                                      Cuts: 5                  
 475257 363423       13.7742    11      512.0006       10.8912  8836176   97.87%
                                                      Cuts: 3                  
 476974 364775       15.4945    14      512.0006       10.8928  8873066   97.87%
                                                    Covers: 5                  
 478538 365975       19.5467    11      512.0006       10.8953  8912637   97.87%
                                                      Cuts: 4                  
 480328 367414       13.0962    25      512.0006       10.8972  8948889   97.87%
 482019 368718       12.5513    12      512.0006       10.8998  8987736   97.87%
                                                    Covers: 1                  
 483540 369918       13.1463    14      512.0006       10.9019  9026101   97.87%
                                                      Cuts: 3                  
 485272 371294    infeasible            512.0006       10.9050  9062919   97.87%
                                                    Covers: 2                  
 486743 372427       13.6102    20      512.0006       10.9078  9100154   97.87%
                                                    Covers: 4                  
 488168 373468    infeasible            512.0006       10.9108  9139092   97.87%
                                                    Covers: 1                  
Elapsed time = 699.48 sec. (779990.27 ticks, tree = 241.45 MB)
 489811 374774    infeasible            512.0006       10.9139  9177302   97.87%
                                                    Covers: 3                  
 491444 376096       16.1958    19      512.0006       10.9167  9216514   97.87%
                                                   MIRcuts: 1                  
 493156 377419       16.5629    14      512.0006       10.9202  9255371   97.87%
                                                    Covers: 1                  
 494968 378864      374.0843     4      512.0006       10.9229  9293931   97.87%
                                                      Cuts: 2                  
 496347 379820       14.6679    17      512.0006       10.9242  9332694   97.87%
                                                   MIRcuts: 1                  
 497728 380810       13.1002     7      512.0006       10.9251  9372635   97.87%
 499521 382258       16.9818     7      512.0006       10.9271  9408984   97.87%
                                                    Covers: 7                  
 501109 383543      363.8456     8      512.0006       10.9291  9448092   97.87%
                                                    Covers: 1                  
 502638 384766       13.3205    19      512.0006       10.9310  9488121   97.87%
                                                      Cuts: 3                  
 504143 385961       13.9326    16      512.0006       10.9327  9527391   97.86%
                                                    Covers: 8                  
Elapsed time = 733.81 sec. (818165.83 ticks, tree = 249.54 MB)
 505897 387386       12.5111     7      512.0006       10.9350  9564684   97.86%
                                                    Covers: 8                  
 507589 388710       17.0396     9      512.0006       10.9375  9603638   97.86%
                                                    Covers: 1                  
 509500 390264       16.3725    11      512.0006       10.9401  9641675   97.86%
                                                    Covers: 4                  
 511029 391481       15.2717    15      512.0006       10.9428  9679288   97.86%
                                                      Cuts: 5                  
 512446 392598      374.9166    11      512.0006       10.9455  9714827   97.86%
                                                      Cuts: 5                  
 514080 393896       12.2053    36      512.0006       10.9483  9754820   97.86%
                                                    Covers: 1                  
 515566 395092      375.7553     3      512.0006       10.9512  9792267   97.86%
                                                    Covers: 4                  
 517109 396298      365.8117     4      512.0006       10.9543  9831013   97.86%
                                                      Cuts: 4                  

Clique cuts applied:  3
Cover cuts applied:  900
Flow cuts applied:  106
Mixed integer rounding cuts applied:  113
Zero-half cuts applied:  8
Gomory fractional cuts applied:  15

Root node processing (before b&c):
  Real time             =    0.09 sec. (76.43 ticks)
Sequential b&c:
  Real time             =  765.56 sec. (852301.17 ticks)
                          ------------
Total (root+branch&cut) =  765.66 sec. (852377.60 ticks)

--- MIP status (113): aborted.
--- Cplex Time: 765.66sec (det. 852377.60 ticks)

--- Fixing integer variables and solving final LP...

Version identifier: 20.1.0.1 | 2021-04-07 | 3a818710c
CPXPARAM_Advance                                 2
CPXPARAM_Threads                                 1
CPXPARAM_MIP_Display                             4
CPXPARAM_MIP_Pool_Capacity                       0
CPXPARAM_MIP_Tolerances_AbsMIPGap                0
Presolve time = 0.00 sec. (0.31 ticks)

--- Fixed MIP status (13): user aborted.
--- Cplex Time: 0.00sec (det. 0.31 ticks)

--- Rerunning with presolve turned off and solving with LPMETHOD=1.

Version identifier: 20.1.0.1 | 2021-04-07 | 3a818710c
CPXPARAM_Advance                                 2
CPXPARAM_Preprocessing_Presolve                  0
CPXPARAM_LPMethod                                1
CPXPARAM_Threads                                 1
CPXPARAM_MIP_Display                             4
CPXPARAM_MIP_Pool_Capacity                       0
CPXPARAM_MIP_Tolerances_AbsMIPGap                0
Primal superbasis not built.

--- Fixed MIP status (13): user aborted.
--- Cplex Time: 0.00sec (det. 0.58 ticks)

*** WARNING: Final solve did not return an optimal solution.
--- Returning a primal only solution to GAMS (marginals all set to NA).

Problem aborted
MIP Solution:          512.000600    (9865003 iterations, 518527 nodes)
Final Solve:            10.002910    (0 iterations)

Best possible:          10.956423
Absolute gap:          501.044177
Relative gap:            0.978601

--- Reading solution for model buraktez
***
*** Solver did not provide marginals for model buraktez
***
*** Status: Normal completion
--- Job new2.gms Stop 01/06/22 12:57:55 elapsed 0:12:45.920
