--- Job new3.gms Start 01/06/22 12:45:30 37.1.0 r07954d5 WEX-WEI x86 64bit/MS Windows
--- Applying:
    C:\GAMS\37\gmsprmNT.txt
--- GAMS Parameters defined
    Input "C:\Users\semih\Desktop\GAMS CALISMA\ILKLER\6\Kendi_Cozumlerim\new3.gms"
    PageSize 0
    ScrDir "C:\Users\semih\Desktop\GAMS CALISMA\ILKLER\6\Kendi_Cozumlerim\225d\"
    SysDir C:\GAMS\37\
    LogOption 3
    ErrMsg 1
    ErrorLog 99
    IDE 1
    LstTitleLeftAligned 1
Licensee: GAMS Community License for Mehmet Semih BabacanG210511|0002AO-GEN
          Yildiz Technical University                                CL1316
          C:\Users\semih\Documents\GAMS\gamslice.txt
          Mehmet Semih Babacan, l6918040@std.yildiz.edu.tr                 
          Community license for demonstration and instructional purposes only
Processor information: 1 socket(s), 4 core(s), and 8 thread(s) available
GAMS 37.1.0   Copyright (C) 1987-2021 GAMS Development. All rights reserved
--- Starting compilation
--- new3.gms(168) 3 Mb
--- Starting execution: elapsed 0:00:00.002
--- new3.gms(127) 4 Mb
--- Generating MIP model buraktez
--- new3.gms(167) 5 Mb
---   1,082 rows  995 columns  6,399 non-zeroes
---   847 discrete-columns
--- Executing CPLEX (Solvelink=2): elapsed 0:00:00.029

IBM ILOG CPLEX   37.1.0 r07954d5 Released Nov 11, 2021 WEI x86 64bit/MS Window

--- *** This solver runs with a community license. No commercial use.
--- GMO setup time: 0.00s
--- Space for names approximately 0.07 Mb
--- Use option 'names no' to turn use of names off
--- GMO memory 0.74 Mb (peak 0.75 Mb)
--- Dictionary memory 0.00 Mb
--- Cplex 20.1.0.1 link memory 0.03 Mb (peak 0.19 Mb)
--- Starting Cplex

Version identifier: 20.1.0.1 | 2021-04-07 | 3a818710c
CPXPARAM_Advance                                 0
CPXPARAM_Threads                                 1
CPXPARAM_MIP_Display                             4
CPXPARAM_MIP_Pool_Capacity                       0
CPXPARAM_MIP_Tolerances_AbsMIPGap                0
Generic callback                                 0x50
Tried aggregator 1 time.
MIP Presolve eliminated 288 rows and 162 columns.
MIP Presolve modified 28 coefficients.
Reduced MIP has 793 rows, 833 columns, and 4022 nonzeros.
Reduced MIP has 693 binaries, 0 generals, 0 SOSs, and 0 indicators.
Presolve time = 0.00 sec. (2.45 ticks)
Found incumbent of value 3594.798400 after 0.00 sec. (5.23 ticks)
Probing fixed 42 vars, tightened 0 bounds.
Probing time = 0.00 sec. (0.66 ticks)
Tried aggregator 1 time.
Detecting symmetries...
MIP Presolve eliminated 0 rows and 42 columns.
Reduced MIP has 793 rows, 791 columns, and 3854 nonzeros.
Reduced MIP has 651 binaries, 0 generals, 0 SOSs, and 0 indicators.
Presolve time = 0.02 sec. (2.95 ticks)
Probing time = 0.00 sec. (0.55 ticks)
Clique table members: 564.
MIP emphasis: balance optimality and feasibility.
MIP search method: dynamic search.
Parallel mode: none, using 1 thread.
Tried aggregator 1 time.
No LP presolve or aggregator reductions.
Presolve time = 0.00 sec. (0.46 ticks)

Iteration log . . .
Iteration:     1   Dual objective     =             0.000000
Perturbation started.
Iteration:    51   Dual objective     =             0.000000
Iteration:   128   Dual objective     =             7.702204
Removing perturbation.
Root relaxation solution time = 0.02 sec. (2.81 ticks)

        Nodes                                         Cuts/
   Node  Left     Objective  IInf  Best Integer    Best Bound    ItCnt     Gap

*     0+    0                         3594.7984        0.0000           100.00%
Found incumbent of value 3594.798400 after 0.03 sec. (13.77 ticks)
      0     0        9.9216    25     3594.7984        9.9216      199   99.72%
      0     0        9.9216    20     3594.7984      Cuts: 15      212   99.72%
      0     0        9.9216    25     3594.7984      Cuts: 45      232   99.72%
      0     0        9.9216    20     3594.7984       Cuts: 4      237   99.72%
      0     0        9.9216    26     3594.7984      Cuts: 66      252   99.72%
*     0+    0                         2538.3364        9.9216            99.61%
Found incumbent of value 2538.336400 after 0.11 sec. (78.31 ticks)
      0     0  -1.00000e+75     0     2538.3364        9.9216      252   99.61%
      0     2        9.9216    20     2538.3364        9.9216      252   99.61%
Elapsed time = 0.11 sec. (79.20 ticks, tree = 0.01 MB)
*    20+   19                         2431.8906        9.9874            99.59%
Found incumbent of value 2431.890600 after 0.13 sec. (100.65 ticks)
*    42    38      integral     0     1574.0480        9.9874      988   99.37%
Found incumbent of value 1574.048000 after 0.14 sec. (111.78 ticks)
*   100    75      integral     0     1573.4234       10.0422     1805   99.36%
                                                  Impl Bds: 6                  
Found incumbent of value 1573.423400 after 0.17 sec. (147.48 ticks)
*   200+  145                          828.7892       10.0422            98.79%
                                                  Impl Bds: 7                  
Found incumbent of value 828.789200 after 0.27 sec. (231.08 ticks)
    435   368       15.6577    21      828.7892       10.0902     6845   98.78%
                                                  Impl Bds: 5                  
    847   727      515.9406    28      828.7892       10.3898    13853   98.75%
                                                  Impl Bds: 6                  
*   940+  742                          717.3160       10.4923            98.54%
                                                  Impl Bds: 2                  
Found incumbent of value 717.316000 after 0.64 sec. (657.21 ticks)
*   980+  776                          675.2720       10.4923            98.45%
Found incumbent of value 675.272000 after 0.66 sec. (681.00 ticks)
*  1080+  869                          675.0902       10.4923            98.45%
Found incumbent of value 675.090200 after 0.72 sec. (744.28 ticks)
*  1080+  869                          674.6366       10.4923            98.44%
Found incumbent of value 674.636600 after 0.73 sec. (746.57 ticks)
*  1090+  872                          673.6034       10.4923            98.44%
Found incumbent of value 673.603400 after 0.75 sec. (762.82 ticks)
*  1190+  967                          673.5404       10.4923            98.44%
Found incumbent of value 673.540400 after 0.81 sec. (822.45 ticks)
   1201   976       11.8557    15      673.5404       10.4923    19123   98.44%

Performing restart 1

Repeating presolve.
Tried aggregator 2 times.
MIP Presolve eliminated 1 rows and 21 columns.
MIP Presolve modified 190 coefficients.
Aggregator did 1 substitutions.
Reduced MIP has 791 rows, 769 columns, and 3714 nonzeros.
Reduced MIP has 630 binaries, 0 generals, 0 SOSs, and 0 indicators.
Presolve time = 0.00 sec. (2.73 ticks)
Tried aggregator 1 time.
MIP Presolve eliminated 19 rows and 11 columns.
Reduced MIP has 772 rows, 758 columns, and 3645 nonzeros.
Reduced MIP has 620 binaries, 0 generals, 0 SOSs, and 0 indicators.
Presolve time = 0.00 sec. (1.60 ticks)
Tried aggregator 1 time.
Reduced MIP has 772 rows, 758 columns, and 3645 nonzeros.
Reduced MIP has 620 binaries, 0 generals, 0 SOSs, and 0 indicators.
Presolve time = 0.00 sec. (2.85 ticks)
Represolve time = 0.02 sec. (11.95 ticks)
Tried aggregator 1 time.
LP Presolve eliminated 1 rows and 0 columns.
Reduced LP has 840 rows, 758 columns, and 5147 nonzeros.
Presolve time = 0.00 sec. (0.70 ticks)

Iteration log . . .
Iteration:     1   Dual objective     =             1.915200
Iteration:    77   Dual objective     =             5.874652
Iteration:   153   Dual objective     =             8.729843
Iteration:   219   Dual objective     =             9.921600
Initializing dual steep norms . . .
   1300     0        9.9216    21      673.5404      Cuts: 30    20916   98.44%
   1300     0        9.9216    22      673.5404      Cuts: 11    20955   98.44%
   1300     0        9.9216    20      673.5404      Cuts: 25    20972   98.44%
   1300     0        9.9216    20      673.5404      Cuts: 28    20984   98.44%
   1303     5       10.2402    20      673.5404       10.4923    21045   98.44%
   1389    78       31.7266    24      673.5404       10.4923    21990   98.44%
                                                  Impl Bds: 3                  
*  1547   181      integral     0      521.8754       10.7348    24074   97.94%
Found incumbent of value 521.875400 after 1.52 sec. (1526.74 ticks)
   1566   198      365.6960    13      521.8754       10.7550    24490   97.94%
   1812   382       11.2639    40      521.8754       10.8908    28216   97.91%
   2110   635       13.8193    27      521.8754       11.4175    33337   97.81%
*  3093  1445      integral     0      520.9070       11.8532    50109   97.72%
                                                      Cuts: 7                  
Elapsed time = 2.69 sec. (2728.23 ticks, tree = 0.79 MB)
Found incumbent of value 520.907000 after 2.69 sec. (2728.23 ticks)
*  3288  1546      integral     0      517.1486       11.9556    53900   97.69%
Found incumbent of value 517.148600 after 2.81 sec. (2853.64 ticks)
   4442  2504       15.8689    20      517.1486       12.2652    74860   97.63%
   5885  3723      516.5195    28      517.1486       12.5678    97195   97.57%
   7225  4818      325.1314    15      517.1486       12.8370   122317   97.52%
                                                      Cuts: 6                  
   8706  6046       17.1334    24      517.1486       13.0421   147881   97.48%
                                                      Cuts: 3                  
   9868  6954      367.2259    11      517.1486       13.2026   171713   97.45%
                                                      Cuts: 4                  
  11224  8095       15.4515    21      517.1486       13.3235   194590   97.42%
  12214  8889    infeasible            517.1486       13.4886   213942   97.39%
                                                      Cuts: 5                  
  13594 10004       17.9227    25      517.1486       13.6513   237832   97.36%
                                                     Cuts: 15                  
  14737 10908       15.9766    27      517.1486       13.7628   261387   97.34%
                                                      Cuts: 2                  
  15930 11872      368.0672    17      517.1486       13.8726   285307   97.32%
                                                      Cuts: 3                  
Elapsed time = 12.66 sec. (12274.32 ticks, tree = 6.42 MB)
  17340 13021      477.4446     2      517.1486       13.9764   311083   97.30%
                                                  Impl Bds: 4                  
  18748 14126       16.0612    22      517.1486       14.1171   337607   97.27%
  20008 15116       91.5570    22      517.1486       14.1806   361318   97.26%
  21163 16010      172.4399    13      517.1486       14.2610   384867   97.24%
                                                      Cuts: 3                  

Performing restart 2

Repeating presolve.
Tried aggregator 1 time.
Reduced MIP has 772 rows, 758 columns, and 3978 nonzeros.
Reduced MIP has 620 binaries, 0 generals, 0 SOSs, and 0 indicators.
Presolve time = 0.00 sec. (1.67 ticks)
Tried aggregator 1 time.
Reduced MIP has 772 rows, 758 columns, and 3978 nonzeros.
Reduced MIP has 620 binaries, 0 generals, 0 SOSs, and 0 indicators.
Presolve time = 0.02 sec. (2.60 ticks)
Represolve time = 0.02 sec. (9.44 ticks)
Tried aggregator 1 time.
No LP presolve or aggregator reductions.
Presolve time = 0.00 sec. (0.52 ticks)

Iteration log . . .
Iteration:     1   Dual objective     =             3.278250
Iteration:    69   Dual objective     =             4.682160
Iteration:   138   Dual objective     =             8.817652
Iteration:   202   Dual objective     =             9.921600
  21424     0        9.9518    27      517.1486      Cuts: 79   390830   97.24%
  21424     0       10.2730    28      517.1486      Cuts: 23   390885   97.24%
  21424     0       10.3608    20      517.1486      Cuts: 31   390909   97.24%
  21424     0       10.3608    20      517.1486      Cuts: 14   390922   97.24%
  21424     0       10.3608    28      517.1486      Cuts: 25   390930   97.24%
  21424     0       10.3608    20      517.1486       Cuts: 4   390938   97.24%
  21424     0       10.3608    28      517.1486      Cuts: 29   390974   97.24%
  21424     0       10.3608    28      517.1486      Cuts: 36   390998   97.24%
  21472    40       11.6536    21      517.1486       14.2727   392492   97.24%
                                                   MIRcuts: 2                  
  21695   230       15.1237    24      517.1486       14.2727   397729   97.24%
                                                      Cuts: 2                  
  21959   470       11.7210    29      517.1486       14.2727   402986   97.24%
  22316   774      365.2694    22      517.1486       14.2727   410823   97.24%
                                                      Cuts: 7                  
  22829  1238       13.8555    19      517.1486       14.2727   418099   97.24%
  23463  1774       21.0971    26      517.1486       14.2727   428346   97.24%
Elapsed time = 22.80 sec. (21837.86 ticks, tree = 2.64 MB)
  24360  2600      369.9519    21      517.1486       14.2727   439643   97.24%
                                                      Cuts: 3                  
  25344  3469       14.2591    30      517.1486       14.2727   452470   97.24%
                                                      Cuts: 9                  
  26466  4480      366.5976    27      517.1486       14.2727   466123   97.24%
  27741  5635      369.5811    21      517.1486       14.2727   480333   97.24%
  28930  6667      366.6032    12      517.1486       14.2727   495741   97.24%
                                                     Cuts: 10                  
  30187  7762       16.1673    21      517.1486       14.2727   512169   97.24%
  31485  8908      367.5409    12      517.1486       14.2727   528915   97.24%
  32834 10124       16.1417     9      517.1486       14.2727   544997   97.24%
  34254 11385       16.9513    20      517.1486       14.2727   561666   97.24%
  35334 12330      366.0478    12      517.1486       14.2727   578547   97.24%
                                                      Cuts: 9                  
Elapsed time = 34.02 sec. (31384.20 ticks, tree = 45.85 MB)
  36409 13263        cutoff            517.1486       14.2727   593039   97.24%
  37498 14191      368.4845    18      517.1486       14.2727   611108   97.24%
                                                     Cuts: 17                  
  38590 15089      169.1152    16      517.1486       14.2727   630316   97.24%
  39809 16158      318.8507    18      517.1486       14.2727   648336   97.24%
  41160 17365      171.1715    25      517.1486       14.2813   665879   97.24%
                                                    Covers: 2                  
  42494 18500      322.4842    19      517.1486       14.3893   688749   97.22%
  43575 19349      169.4674    20      517.1486       14.4697   711665   97.20%
                                                  Impl Bds: 1                  
  44738 20315      474.3427    14      517.1486       14.5460   730635   97.19%
                                                      Cuts: 3                  
  46105 21534      106.2757    22      517.1486       14.5923   752666   97.18%
                                                      Cuts: 3                  
  47464 22724      319.7480    19      517.1486       14.6748   775187   97.16%
                                                      Cuts: 4                  
Elapsed time = 45.03 sec. (40925.93 ticks, tree = 50.78 MB)
  48693 23788    infeasible            517.1486       14.7401   796290   97.15%
  49539 24460      476.2810    11      517.1486       14.8230   815797   97.13%
                                                      Cuts: 5                  
  50948 25705      320.6091    13      517.1486       14.8861   837342   97.12%
                                                  Impl Bds: 3                  
  52156 26723      179.4706    24      517.1486       14.9694   861783   97.11%
  53275 27691      167.7023    19      517.1486       15.0420   879694   97.09%
                                                      Cuts: 2                  
  54418 28673      326.5982     9      517.1486       15.1164   898675   97.08%
  55665 29696      328.9744    22      517.1486       15.1799   921973   97.06%
  56981 30824      166.6948    13      517.1486       15.2510   945539   97.05%
  58038 31701      368.0321     6      517.1486       15.3058   965403   97.04%
  59102 32585      318.2035    20      517.1486       15.3572   983948   97.03%
                                                    Covers: 1                  
Elapsed time = 55.98 sec. (50471.88 ticks, tree = 54.92 MB)
  60444 33802      330.0920    12      517.1486       15.4091  1003394   97.02%
                                                  Impl Bds: 2                  
  61757 34901      320.7225    11      517.1486       15.5073  1026167   97.00%
  63013 35949      167.6671    22      517.1486       15.5961  1049647   96.98%
  63971 36764      319.4790    13      517.1486       15.6525  1069776   96.97%
  64912 37505      370.9250    10      517.1486       15.7121  1089296   96.96%
  66208 38565      367.7254    22      517.1486       15.7830  1111532   96.95%
  67466 39595      371.5842    12      517.1486       15.8556  1134583   96.93%
                                                    Covers: 2                  
  68675 40595      169.7340    16      517.1486       15.9137  1157344   96.92%
  69677 41408      168.4176    19      517.1486       15.9612  1177170   96.91%
  70707 42243      369.5368     8      517.1486       16.0253  1197387   96.90%
Elapsed time = 67.20 sec. (60015.28 ticks, tree = 60.32 MB)
  72049 43373      481.2045    11      517.1486       16.0969  1218943   96.89%
  73314 44364      170.8731    20      517.1486       16.1867  1242184   96.87%
                                                  Impl Bds: 4                  
  74606 45448      514.1658    22      517.1486       16.2464  1265895   96.86%
  75683 46309      324.6109    21      517.1486       16.3048  1285312   96.85%
  76584 46985    infeasible            517.1486       16.3640  1305580   96.84%
                                                  Impl Bds: 2                  
  77507 47666      370.6405    19      517.1486       16.4196  1327921   96.82%
                                                      Cuts: 6                  
  78690 48586      480.6112    10      517.1486       16.4733  1350911   96.81%
                                                    Covers: 1                  
  79860 49528      479.0363     4      517.1486       16.5386  1374178   96.80%
                                                    Covers: 2                  
  80884 50287      332.2452    11      517.1486       16.6208  1394607   96.79%
                                                  Impl Bds: 2                  
  81917 51069      169.8226    21      517.1486       16.6916  1414029   96.77%
Elapsed time = 78.23 sec. (69563.33 ticks, tree = 64.20 MB)
  82874 51758      167.7626    23      517.1486       16.7546  1435423   96.76%
  83929 52567      187.2139    31      517.1486       16.8088  1457802   96.75%
  85110 53452      172.0790    13      517.1486       16.8898  1481758   96.73%
                                                    Covers: 1                  
  86436 54534      324.7678    15      517.1486       16.9372  1504513   96.72%
  87538 55412      481.1056     5      517.1486       16.9777  1524319   96.72%
  88512 56122      321.1825    15      517.1486       17.0447  1545765   96.70%
                                                  Impl Bds: 1                  
  89568 56952      173.2447    23      517.1486       17.0844  1566903   96.70%
  90622 57720       19.8543    15      517.1486       17.1576  1590926   96.68%
                                                    Covers: 2                  
  91694 58520      327.4141     5      517.1486       17.2102  1613802   96.67%
                                                    Covers: 2                  
  92802 59327      371.3532    23      517.1486       17.2754  1637095   96.66%
Elapsed time = 89.13 sec. (79108.64 ticks, tree = 67.83 MB)
  93968 60208      323.6416     9      517.1486       17.3405  1658874   96.65%
                                                      Cuts: 5                  
  94934 60935      168.6816    24      517.1486       17.4242  1678973   96.63%
  95828 61514       58.1243    24      517.1486       17.4755  1700010   96.62%
                                                      Cuts: 6                  
* 96732 62080      integral     0      517.0820       17.5460  1721548   96.61%
                                                    Covers: 1                  
Found incumbent of value 517.082000 after 93.22 sec. (82853.16 ticks)
  96814 62108      322.9493    15      517.0820       17.5581  1723513   96.60%
  97735 62704      171.8579    21      517.0820       17.6313  1746775   96.59%
                                                    Covers: 1                  
  98781 63433      373.2331    27      517.0820       17.7224  1771474   96.57%
  99892 64229      479.1170     9      517.0820       17.8020  1795058   96.56%
                                                      Cuts: 3                  
 100867 64923      191.0150    28      517.0820       17.8635  1816023   96.55%
                                                      Cuts: 3                  
 101827 65634      172.9773    23      517.0820       17.9151  1837327   96.54%
 105826 68351      175.2652    22      517.0820       18.1834  1927979   96.48%
                                                      Cuts: 6                  
Elapsed time = 102.92 sec. (91520.31 ticks, tree = 74.66 MB)
 109231 70427       38.0470    23      517.0820       18.4261  2018830   96.44%
                                                      Cuts: 7                  
 112925 72692      389.9733    17      517.0820       18.7226  2113664   96.38%
                                                      Cuts: 6                  
 116618 74994      170.5623    26      517.0820       19.0193  2204223   96.32%
                                                      Cuts: 6                  
 120298 77133      481.5000    10      517.0820       19.3439  2296001   96.26%
                                                    Covers: 1                  
 123922 79285    infeasible            517.0820       19.7650  2370840   96.18%
                                                      Cuts: 9                  
 127281 81051       24.7163    21      517.0820       20.0953  2436019   96.11%
                                                     Cuts: 14                  
 130676 83059      374.7768    17      517.0820       20.3765  2500176   96.06%
                                                    Covers: 1                  
 134335 85075      370.5833     5      517.0820       20.7324  2589725   95.99%
                                                    Covers: 6                  
 137554 86722        cutoff            517.0820       21.1035  2670259   95.92%
                                                      Cuts: 5                  
 141038 88415       26.1934    33      517.0820       21.5282  2757963   95.84%
                                                      Cuts: 8                  
Elapsed time = 146.69 sec. (129677.90 ticks, tree = 135.54 MB)
 144231 89950      328.0941    23      517.0820       21.9160  2840928   95.76%
                                                      Cuts: 7                  
 147489 91497      324.2384    22      517.0820       22.2801  2929020   95.69%
                                                     Cuts: 11                  
 150307 92654      184.6960    25      517.0820       22.6643  3009898   95.62%
                                                     Cuts: 13                  
 153363 94022       88.6242    26      517.0820       23.1094  3095801   95.53%
                                                    Covers: 3                  
 156229 95083      325.9284    18      517.0820       23.5778  3180304   95.44%
                                                      Cuts: 4                  
 159222 96123       68.1378    29      517.0820       24.0897  3269797   95.34%
                                                     Cuts: 15                  
 161908 96822      101.9841    35      517.0820       24.6483  3352879   95.23%
                                                    Covers: 1                  
 164749 97792      477.8829     9      517.0820       25.3083  3437017   95.11%
                                                      Cuts: 6                  
 167612 98537        cutoff            517.0820       26.0395  3522022   94.96%
                                                     Cuts: 30                  
 170448 99515      409.0040    26      517.0820       26.7482  3598305   94.83%
                                                      Cuts: 3                  
Elapsed time = 189.47 sec. (167831.96 ticks, tree = 149.37 MB)
 173424 100481      325.1955    11      517.0820       27.4919  3681759   94.68%
                                                     Cuts: 11                  
 176191 101252       31.3444    31      517.0820       28.4297  3759371   94.50%
                                                     Cuts: 12                  
 178954 102261      243.8950    35      517.0820       29.4520  3836102   94.30%
                                                      Cuts: 7                  
 181920 103318      477.6748    19      517.0820       30.6923  3915267   94.06%
                                                     Cuts: 20                  
 184689 104052        cutoff            517.0820       32.1466  3990616   93.78%
                                                     Cuts: 15                  
 187684 105528    infeasible            517.0820       33.4970  4067240   93.52%
                                                    Covers: 4                  
 190923 107364      481.6596     9      517.0820       35.0334  4145186   93.22%
                                                     Cuts: 15                  
 193767 108784      387.9170    26      517.0820       36.5866  4217486   92.92%
                                                     Cuts: 10                  
 196404 109840       46.5333    34      517.0820       38.2000  4292140   92.61%
                                                      Cuts: 4                  
 199208 111112      392.7954    23      517.0820       40.0055  4368040   92.26%
                                                     Cuts: 10                  
Elapsed time = 231.73 sec. (205992.13 ticks, tree = 168.36 MB)
 201994 112513    infeasible            517.0820       42.0114  4440687   91.88%
                                                     Cuts: 19                  
 204368 113444      177.0124    32      517.0820       43.8870  4513928   91.51%
                                                     Cuts: 14                  
*204424+113452                          516.7184       43.9459            91.50%
Found incumbent of value 516.718400 after 240.02 sec. (213726.71 ticks)
 207126 114711       68.0385    35      516.7184       45.7572  4588475   91.14%
                                                      Cuts: 8                  
*208889 115385      integral     0      515.5772       46.9295  4633437   90.90%
                                                      Cuts: 2                  
Found incumbent of value 515.577200 after 246.69 sec. (219787.61 ticks)
 209810 115671      402.8255    28      515.5772       47.5902  4661411   90.77%
                                                    Covers: 1                  
 212167 116510      138.6631    39      515.5772       49.4774  4730064   90.40%
                                                      Cuts: 5                  
 214630 117438      180.3809    30      515.5772       51.1181  4803196   90.09%
                                                      Cuts: 3                  
 217672 119350      372.3605    14      515.5772       52.3226  4875058   89.85%
                                                    Covers: 1                  
 220318 120617        cutoff            515.5772       53.7646  4943236   89.57%
                                                      Cuts: 6                  
 222755 121580      173.6140    28      515.5772       55.2435  5013931   89.29%
                                                     Cuts: 10                  
 225267 122522    infeasible            515.5772       56.8035  5088040   88.98%
                                                     Cuts: 12                  
Elapsed time = 273.30 sec. (244154.29 ticks, tree = 180.89 MB)
 227777 123508      474.0324    12      515.5772       58.7836  5159573   88.60%
                                                     Cuts: 13                  
 230158 124528      327.8316    15      515.5772       60.6283  5225486   88.24%
                                                     Cuts: 11                  
 232755 125764      174.5554    27      515.5772       62.8707  5296295   87.81%
                                                      Cuts: 8                  
 235493 127317      179.6936    33      515.5772       65.3130  5365356   87.33%
                                                      Cuts: 3                  
 238115 128660      323.6046    12      515.5772       67.5598  5434228   86.90%
                                                    Covers: 6                  
 240725 130026      448.9235    16      515.5772       69.8939  5499306   86.44%
                                                     Cuts: 11                  
 243161 130901      222.3029    35      515.5772       72.7989  5569465   85.88%
                                                    Covers: 6                  
 245725 131868        cutoff            515.5772       75.2685  5639460   85.40%
                                                      Cuts: 3                  
 247934 132400      112.9133    38      515.5772       78.3468  5705961   84.80%
                                                     Cuts: 10                  
 250015 132668      434.5691    24      515.5772       82.6133  5772194   83.98%
                                                      Cuts: 5                  
Elapsed time = 314.56 sec. (282313.09 ticks, tree = 194.85 MB)
 252342 133374      380.8193    28      515.5772       89.0065  5838528   82.74%
                                                      Cuts: 3                  
 254993 134633      475.5223    20      515.5772       94.3574  5905397   81.70%
                                                     Cuts: 11                  
 257583 136024      416.0209    24      515.5772       98.0397  5970758   80.98%
                                                      Cuts: 8                  
 260011 137161    infeasible            515.5772      102.4202  6029794   80.13%
                                                    Covers: 8                  
 262534 137907      480.5096    23      515.5772      109.0590  6093497   78.85%
                                                      Cuts: 7                  
 264926 138798      403.5553    38      515.5772      117.9502  6159925   77.12%
                                                      Cuts: 8                  
 267187 139475      411.4031    29      515.5772      127.8509  6222445   75.20%
                                                     Cuts: 11                  
 269761 140725      175.2563    29      515.5772      134.1618  6282234   73.98%
                                                    Covers: 6                  
 272031 141530      166.4349    22      515.5772      140.7918  6341222   72.69%
                                                     Cuts: 11                  
 274773 142605        cutoff            515.5772      149.4178  6403827   71.02%
                                                      Cuts: 7                  
Elapsed time = 357.11 sec. (320482.77 ticks, tree = 208.81 MB)
 277324 143733      263.3117    20      515.5772      158.7343  6467239   69.21%
                                                      Cuts: 4                  
 279868 145313      168.4307    21      515.5772      161.2536  6530404   68.72%
 282221 147191      475.7223    27      515.5772      161.2536  6591724   68.72%
 284944 149474      174.9346    21      515.5772      161.2536  6654130   68.72%
 287581 151482      479.1423     8      515.5772      161.7000  6719684   68.64%
 289859 153174      320.6204     9      515.5772      161.7432  6788317   68.63%
 292147 154814      478.3508    20      515.5772      161.8674  6851527   68.60%
 294911 157097      325.7855    15      515.5772      161.8674  6906763   68.60%
 297773 159469      475.9077    13      515.5772      161.8674  6970234   68.60%
 300519 161697      166.5338    24      515.5772      161.8764  7036158   68.60%
Elapsed time = 398.33 sec. (358637.64 ticks, tree = 238.47 MB)
 303664 164384      226.4904    25      515.5772      162.3228  7100293   68.52%
 306156 166334      322.0710    15      515.5772      162.3228  7164015   68.52%
 308692 168422    infeasible            515.5772      162.6278  7225640   68.46%
 311792 170972      321.2602    14      515.5772      163.5891  7288769   68.27%
                                                    Covers: 1                  
 314631 173236      169.3683    27      515.5772      163.9068  7351965   68.21%
 317593 175694      324.1697    11      515.5772      164.0778  7418599   68.18%
 320388 178134      168.5840    23      515.5772      164.0778  7479038   68.18%
 323617 181000      164.7710    17      515.5772      164.1506  7539983   68.16%
                                                    Covers: 1                  
 327191 184264      476.9331    11      515.5772      164.2805  7601851   68.14%
 330681 187415      327.1926    22      515.5772      164.3632  7666911   68.12%
                                                  Impl Bds: 1                  
Elapsed time = 439.00 sec. (396790.70 ticks, tree = 261.33 MB)
 334457 190820      322.4002    13      515.5772      164.4352  7730990   68.11%
 337905 193829      167.5746    18      515.5772      164.4970  7795353   68.09%
                                                      Cuts: 3                  
 341116 196628      165.2566    11      515.5772      164.5454  7858140   68.09%
 344369 199423      169.7207    21      515.5772      164.6117  7922309   68.07%
                                                    Covers: 1                  
 347824 202463      322.0976    16      515.5772      164.6410  7988259   68.07%
 351354 205617      321.8555     8      515.5772      164.6677  8052639   68.06%
 354759 208583      169.1003    25      515.5772      164.6977  8115873   68.06%
 358009 211420      341.7625    21      515.5772      164.7345  8177456   68.05%
 361405 214419      166.0378    20      515.5772      164.7646  8243440   68.04%
*363424+216180                          515.2550      164.7814            68.02%
Found incumbent of value 515.255000 after 477.25 sec. (433385.20 ticks)
 364751 217301      318.2162    12      515.2550      164.7946  8311562   68.02%
Elapsed time = 478.91 sec. (434946.27 ticks, tree = 280.23 MB)
 368302 220422      317.3652    15      515.2550      164.8314  8378056   68.01%
 371681 223390      166.2507    19      515.2550      164.8618  8439963   68.00%
 374950 226291      471.2024    26      515.2550      164.8908  8502691   68.00%
 378307 229189      323.4049    11      515.2550      164.9158  8568997   67.99%
 381884 232392      168.9365    20      515.2550      164.9389  8633608   67.99%
 385449 235566      169.2372    19      515.2550      164.9543  8696413   67.99%
                                                      Cuts: 5                  
 388956 238722      169.6014    23      515.2550      164.9719  8756361   67.98%
 392383 241736      169.8681    14      515.2550      164.9929  8818859   67.98%
 395842 244780      318.9746    14      515.2550      165.0102  8884847   67.98%
 399393 247867    infeasible            515.2550      165.0264  8951371   67.97%
Elapsed time = 517.25 sec. (473113.98 ticks, tree = 300.06 MB)
 402713 250696      320.1907    15      515.2550      165.0541  9016899   67.97%
 405866 253445      166.6355    11      515.2550      165.0747  9079424   67.96%
                                                    Covers: 2                  
 409010 256240      481.1009    12      515.2550      165.0905  9144131   67.96%
                                                    Covers: 1                  
 412344 259184      168.9036    16      515.2550      165.1061  9209748   67.96%
                                                      Cuts: 3                  
 415939 262372      478.1855    22      515.2550      165.1204  9273417   67.95%
                                                    Covers: 4                  
 419200 265241      474.2616    17      515.2550      165.1328  9338100   67.95%
 422426 268101      472.9959    16      515.2550      165.1462  9400025   67.95%
                                                    Covers: 4                  
 425389 270643      166.3836    18      515.2550      165.1592  9464816   67.95%
                                                      Cuts: 3                  
 428722 273572      320.0976    13      515.2550      165.1693  9530808   67.94%
 431981 276498      481.7415    14      515.2550      165.1806  9596737   67.94%
Elapsed time = 555.69 sec. (511275.10 ticks, tree = 319.29 MB)
 435189 279289      167.8661    20      515.2550      165.1929  9660001   67.94%
 438507 282247      324.9633     7      515.2550      165.2041  9719237   67.94%
                                                     Fract: 1                  
 441762 285089      166.5588    10      515.2550      165.2179  9781753   67.93%
 445119 288032      476.8031    28      515.2550      165.2332  9846155   67.93%
 448430 290899      318.7243    12      515.2550      165.2476  9911110   67.93%
 451716 293706      167.8596    23      515.2550      165.2636  9975080   67.93%
 454929 296557      167.9831    22      515.2550      165.2763 10036058   67.92%
 458252 299503      478.2725    12      515.2550      165.2873 10097710   67.92%
 461456 302307      327.0325    21      515.2550      165.3004 10162980   67.92%
 465039 305529      168.4598    20      515.2550      165.3107 10226328   67.92%
Elapsed time = 593.98 sec. (549429.24 ticks, tree = 335.91 MB)
 468192 308271      174.0928    26      515.2550      165.3216 10291238   67.91%
 471311 311016      320.7399    15      515.2550      165.3311 10351657   67.91%
                                                      Cuts: 2                  
 474616 313865      473.9984    25      515.2550      165.3410 10412597   67.91%
                                                   Cliques: 1                  
 477985 316823      321.1117    16      515.2550      165.3503 10476059   67.91%
 481255 319697      167.7780    24      515.2550      165.3600 10541593   67.91%
 484493 322495      322.7880     6      515.2550      165.3719 10607156   67.90%
 487577 325131      325.1254    15      515.2550      165.3846 10670218   67.90%
 490571 327655      166.2748    17      515.2550      165.3970 10732995   67.90%
 493867 330512      324.5129     9      515.2550      165.4093 10797098   67.90%
 497334 333538      320.4905    17      515.2550      165.4193 10861395   67.90%
Elapsed time = 632.28 sec. (587594.20 ticks, tree = 355.54 MB)
 500644 336408      321.1197     3      515.2550      165.4312 10926931   67.89%
 504049 339377      166.0322    11      515.2550      165.4431 10988738   67.89%
 507232 342128    infeasible            515.2550      165.4543 11051279   67.89%
 510424 344918      317.6596    17      515.2550      165.4640 11115478   67.89%
 513739 347743      318.0341    19      515.2550      165.4756 11181469   67.88%
 517241 350920      476.1206    10      515.2550      165.4823 11245033   67.88%
 520659 353959    infeasible            515.2550      165.4920 11308647   67.88%
 523907 356808      170.5433    25      515.2550      165.5044 11370043   67.88%
 527133 359638      186.9541    28      515.2550      165.5129 11432389   67.88%
                                                   MIRcuts: 1                  
 530454 362571      324.2051     9      515.2550      165.5239 11495430   67.88%
Elapsed time = 670.69 sec. (625752.90 ticks, tree = 372.26 MB)
 533650 365350      322.8712    21      515.2550      165.5361 11560365   67.87%
                                                      Cuts: 4                  
 536761 368088      166.0526    26      515.2550      165.5463 11626502   67.87%
                                                      Cuts: 2                  
 539707 370634      168.4106    22      515.2550      165.5547 11690489   67.87%
 543024 373606      322.0876    26      515.2550      165.5610 11752006   67.87%
 546264 376516      168.8811    17      515.2550      165.5677 11816598   67.87%
 549606 379480      325.9353    15      515.2550      165.5761 11881019   67.87%
 552826 382267      323.4910    14      515.2550      165.5850 11946369   67.86%
 556054 385098      168.9193    10      515.2550      165.5921 12010557   67.86%
                                                    Covers: 1                  
 559214 387838      166.9912    20      515.2550      165.6011 12073858   67.86%
 562122 390303      199.2310    24      515.2550      165.6103 12136768   67.86%
Elapsed time = 708.67 sec. (663912.20 ticks, tree = 388.38 MB)
 565711 393477    infeasible            515.2550      165.6190 12200821   67.86%
 568884 396218      318.3429    18      515.2550      165.6277 12267317   67.86%
 572070 398999      471.4708    12      515.2550      165.6358 12333344   67.85%
                                                    Covers: 2                  
 575074 401531      167.2292    12      515.2550      165.6470 12397225   67.85%
                                                      Cuts: 2                  
 578119 404165      474.0606     7      515.2550      165.6556 12458561   67.85%
 581149 406805      476.3259    15      515.2550      165.6617 12521888   67.85%
                                                      Cuts: 4                  
 584513 409744      168.7740    24      515.2550      165.6696 12585483   67.85%
                                                    Covers: 1                  
 587845 412660      166.8288    19      515.2550      165.6786 12648887   67.85%
 591186 415607      169.5212    17      515.2550      165.6852 12712642   67.84%
                                                      Cuts: 2                  

GUB cover cuts applied:  2
Clique cuts applied:  9
Cover cuts applied:  419
Implied bound cuts applied:  180
Flow cuts applied:  6
Mixed integer rounding cuts applied:  91
Zero-half cuts applied:  7
Gomory fractional cuts applied:  16

Root node processing (before b&c):
  Real time             =    0.11 sec. (79.25 ticks)
Sequential b&c:
  Real time             =  747.94 sec. (702280.35 ticks)
                          ------------
Total (root+branch&cut) =  748.05 sec. (702359.60 ticks)

--- MIP status (113): aborted.
--- Cplex Time: 748.05sec (det. 702359.60 ticks)

--- Fixing integer variables and solving final LP...

Version identifier: 20.1.0.1 | 2021-04-07 | 3a818710c
CPXPARAM_Advance                                 2
CPXPARAM_Threads                                 1
CPXPARAM_MIP_Display                             4
CPXPARAM_MIP_Pool_Capacity                       0
CPXPARAM_MIP_Tolerances_AbsMIPGap                0
Presolve time = 0.00 sec. (0.31 ticks)

--- Fixed MIP status (13): user aborted.
--- Cplex Time: 0.00sec (det. 0.31 ticks)

--- Rerunning with presolve turned off and solving with LPMETHOD=1.

Version identifier: 20.1.0.1 | 2021-04-07 | 3a818710c
CPXPARAM_Advance                                 2
CPXPARAM_Preprocessing_Presolve                  0
CPXPARAM_LPMethod                                1
CPXPARAM_Threads                                 1
CPXPARAM_MIP_Display                             4
CPXPARAM_MIP_Pool_Capacity                       0
CPXPARAM_MIP_Tolerances_AbsMIPGap                0
Primal superbasis not built.

--- Fixed MIP status (13): user aborted.
--- Cplex Time: 0.00sec (det. 0.60 ticks)

*** WARNING: Final solve did not return an optimal solution.
--- Returning a primal only solution to GAMS (marginals all set to NA).

Problem aborted
MIP Solution:          515.255000    (12770584 iterations, 594208 nodes)
Final Solve:           116.485000    (0 iterations)

Best possible:         165.690492
Absolute gap:          349.564508
Relative gap:            0.678430

--- Reading solution for model buraktez
***
*** Solver did not provide marginals for model buraktez
***
*** Status: Normal completion
--- Job new3.gms Stop 01/06/22 12:57:58 elapsed 0:12:28.370
