
--- Job new4.gms Start 01/06/22 12:45:49 37.1.0 r07954d5 WEX-WEI x86 64bit/MS Windows
--- Applying:
    C:\GAMS\37\gmsprmNT.txt
--- GAMS Parameters defined
    Input "C:\Users\semih\Desktop\GAMS CALISMA\ILKLER\6\Kendi_Cozumlerim\new4.gms"
    PageSize 0
    ScrDir "C:\Users\semih\Desktop\GAMS CALISMA\ILKLER\6\Kendi_Cozumlerim\225f\"
    SysDir C:\GAMS\37\
    LogOption 3
    ErrMsg 1
    ErrorLog 99
    IDE 1
    LstTitleLeftAligned 1
Licensee: GAMS Community License for Mehmet Semih BabacanG210511|0002AO-GEN
          Yildiz Technical University                                CL1316
          C:\Users\semih\Documents\GAMS\gamslice.txt
          Mehmet Semih Babacan, l6918040@std.yildiz.edu.tr                 
          Community license for demonstration and instructional purposes only
Processor information: 1 socket(s), 4 core(s), and 8 thread(s) available
GAMS 37.1.0   Copyright (C) 1987-2021 GAMS Development. All rights reserved
--- Starting compilation
--- new4.gms(163) 3 Mb
--- Starting execution: elapsed 0:00:00.000
--- new4.gms(123) 4 Mb
--- Generating MIP model buraktez
--- new4.gms(162) 4 Mb
---   623 rows  569 columns  3,657 non-zeroes
---   484 discrete-columns
--- Executing CPLEX (Solvelink=2): elapsed 0:00:00.016

IBM ILOG CPLEX   37.1.0 r07954d5 Released Nov 11, 2021 WEI x86 64bit/MS Window

--- *** This solver runs with a community license. No commercial use.
--- GMO setup time: 0.00s
--- Space for names approximately 0.04 Mb
--- Use option 'names no' to turn use of names off
--- GMO memory 0.64 Mb (peak 0.64 Mb)
--- Dictionary memory 0.00 Mb
--- Cplex 20.1.0.1 link memory 0.02 Mb (peak 0.11 Mb)
--- Starting Cplex

Version identifier: 20.1.0.1 | 2021-04-07 | 3a818710c
CPXPARAM_Advance                                 0
CPXPARAM_Threads                                 1
CPXPARAM_MIP_Display                             4
CPXPARAM_MIP_Pool_Capacity                       0
CPXPARAM_MIP_Tolerances_AbsMIPGap                0
Generic callback                                 0x50
Tried aggregator 1 time.
MIP Presolve eliminated 164 rows and 93 columns.
MIP Presolve modified 16 coefficients.
Reduced MIP has 458 rows, 476 columns, and 2304 nonzeros.
Reduced MIP has 396 binaries, 0 generals, 0 SOSs, and 0 indicators.
Presolve time = 0.00 sec. (1.33 ticks)
Probing fixed 24 vars, tightened 0 bounds.
Probing time = 0.00 sec. (0.38 ticks)
Tried aggregator 1 time.
Detecting symmetries...
MIP Presolve eliminated 0 rows and 24 columns.
Reduced MIP has 458 rows, 452 columns, and 2208 nonzeros.
Reduced MIP has 372 binaries, 0 generals, 0 SOSs, and 0 indicators.
Presolve time = 0.00 sec. (1.76 ticks)
Probing time = 0.02 sec. (0.31 ticks)
Clique table members: 323.
MIP emphasis: balance optimality and feasibility.
MIP search method: dynamic search.
Parallel mode: none, using 1 thread.
Tried aggregator 1 time.
No LP presolve or aggregator reductions.
Presolve time = 0.00 sec. (0.27 ticks)

Iteration log . . .
Iteration:     1   Dual objective     =             0.000000
Iteration:    71   Dual objective     =             6.940800
Root relaxation solution time = 0.00 sec. (1.27 ticks)

        Nodes                                         Cuts/
   Node  Left     Objective  IInf  Best Integer    Best Bound    ItCnt     Gap

      0     0        9.8028    25                      9.8028      120         
      0     0        9.8028    25                    Cuts: 10      131         
      0     0        9.8028    29                    Cuts: 22      146         
*     0+    0                         3016.7160        9.8028            99.68%
Found incumbent of value 3016.716000 after 0.06 sec. (38.49 ticks)
      0     2        9.8028    20     3016.7160        9.8028      146   99.68%
Elapsed time = 0.06 sec. (40.59 ticks, tree = 0.01 MB)
*    60+   58                          629.2032       10.1241            98.39%
Found incumbent of value 629.203200 after 0.11 sec. (71.47 ticks)

Performing restart 1

Repeating presolve.
Tried aggregator 1 time.
MIP Presolve modified 112 coefficients.
Reduced MIP has 458 rows, 452 columns, and 2160 nonzeros.
Reduced MIP has 372 binaries, 0 generals, 0 SOSs, and 0 indicators.
Presolve time = 0.00 sec. (1.19 ticks)
Tried aggregator 1 time.
Reduced MIP has 458 rows, 452 columns, and 2160 nonzeros.
Reduced MIP has 372 binaries, 0 generals, 0 SOSs, and 0 indicators.
Presolve time = 0.00 sec. (1.74 ticks)
Represolve time = 0.02 sec. (4.36 ticks)
Tried aggregator 1 time.
LP Presolve eliminated 1 rows and 0 columns.
Reduced LP has 473 rows, 452 columns, and 2393 nonzeros.
Presolve time = 0.00 sec. (0.36 ticks)

Iteration log . . .
Iteration:     1   Dual objective     =             0.000000
Iteration:    68   Dual objective     =             3.204848
Iteration:   130   Dual objective     =             9.802800
Initializing dual steep norms . . .
    479     0        9.8028    24      629.2032      Cuts: 29     5556   98.34%
    479     0        9.8028    20      629.2032      Cuts: 38     5582   98.34%
    479     0        9.8028    25      629.2032      Cuts: 24     5612   98.34%
    479     0        9.9146    33      629.2032      Cuts: 13     5661   98.34%
    479     0       10.1321    34      629.2032      Cuts: 39     5688   98.34%
    479     0       10.1758    34      629.2032      Cuts: 15     5733   98.34%
    479     0       10.1763    38      629.2032       Cuts: 8     5737   98.34%
    479     0       10.1813    35      629.2032       Cuts: 3     5754   98.34%
    479     0       10.2441    40      629.2032       Cuts: 5     5831   98.34%
    479     0       10.3023    48      629.2032      Cuts: 36     5864   98.34%
    479     0       10.3143    46      629.2032      Cuts: 28     5883   98.34%
*   479+    0                          628.9449       10.4472            98.34%
Found incumbent of value 628.944900 after 0.73 sec. (537.75 ticks)
    479     0  -1.00000e+75     0      628.9449       10.4472     5883   98.34%
    479     2       10.3143    46      628.9449       10.4472     5883   98.34%
    524    41      322.8182    11      628.9449       10.5615     7030   98.32%
    693   185       12.1062    25      628.9449       12.1077     9555   98.07%
   1219   665       13.3408    27      628.9449       12.3689    15320   98.03%
                                                      Cuts: 5                  
   1800  1202       15.8537    37      628.9449       12.6992    23247   97.98%
   2315  1659      479.7058     7      628.9449       12.9019    30407   97.95%
                                                      Cuts: 4                  
*  2554  1871      integral     0      628.5660       13.0588    33362   97.92%
Found incumbent of value 628.566000 after 2.23 sec. (1887.62 ticks)
*  2654+ 1960                          624.4206       13.1321            97.90%
                                                      Cuts: 6                  
Found incumbent of value 624.420600 after 2.31 sec. (1941.21 ticks)
   3054  2335      349.5939    19      624.4206       13.2325    40030   97.88%
   3589  2825      328.1763    12      624.4206       13.3256    47816   97.87%
   5858  4881       17.6370    34      624.4206       13.8991    79391   97.77%
                                                      Cuts: 2                  
Elapsed time = 3.97 sec. (3330.05 ticks, tree = 2.06 MB)
*  7236  6118      integral     0      623.8185       14.0587   100444   97.75%
                                                      Cuts: 6                  
Found incumbent of value 623.818500 after 4.86 sec. (4023.02 ticks)
   7777  6607      323.4438    27      623.8185       14.1192   109855   97.74%
*  8479+ 7232                          623.5935       14.1825            97.73%
                                                      Cuts: 8                  
Found incumbent of value 623.593500 after 5.50 sec. (4575.76 ticks)
   9844  8470      326.7417    22      623.5935       14.3250   139789   97.70%
  11221  9701       15.4636    26      623.5935       14.4711   162204   97.68%
                                                    Covers: 1                  
  13431 11708      478.2170    29      623.5935       14.7579   194140   97.63%
  15553 13638      486.2060    12      623.5935       14.9645   223877   97.60%
                                                   MIRcuts: 1                  
  17917 15792      474.9242    16      623.5935       15.1464   257364   97.57%

Performing restart 2

Repeating presolve.
Tried aggregator 1 time.
Reduced MIP has 458 rows, 452 columns, and 2360 nonzeros.
Reduced MIP has 372 binaries, 0 generals, 0 SOSs, and 0 indicators.
Presolve time = 0.00 sec. (0.99 ticks)
Tried aggregator 1 time.
Reduced MIP has 458 rows, 452 columns, and 2360 nonzeros.
Reduced MIP has 372 binaries, 0 generals, 0 SOSs, and 0 indicators.
Presolve time = 0.00 sec. (1.73 ticks)
Represolve time = 0.02 sec. (9.44 ticks)
Tried aggregator 1 time.
No LP presolve or aggregator reductions.
Presolve time = 0.02 sec. (0.44 ticks)

Iteration log . . .
Iteration:     1   Dual objective     =             2.187000
Iteration:    63   Dual objective     =             7.106770
Iteration:   125   Dual objective     =             9.045310
Iteration:   187   Dual objective     =             9.755165
Iteration:   249   Dual objective     =            10.289213
  19643     0       10.3755    47      623.5935      Cuts: 29   279847   97.56%
  19643     0       10.4035    52      623.5935      Cuts: 14   279876   97.56%
  19643     0       10.4558    49      623.5935      Cuts: 23   279906   97.56%
  19643     0       10.5028    48      623.5935      Cuts: 12   279932   97.56%
  19643     0       10.5740    51      623.5935       Cuts: 7   279977   97.56%
  19643     0       10.7183    48      623.5935      Cuts: 43   280021   97.56%
  19643     0       10.9060    48      623.5935      Cuts: 17   280068   97.56%
  19643     0       11.0452    38      623.5935      Cuts: 12   280126   97.56%
  19643     0       11.1499    45      623.5935      Cuts: 45   280184   97.56%
  19643     2       11.1499    45      623.5935       15.2464   280184   97.56%
  19803   148       13.6930    31      623.5935       15.2464   285134   97.56%
  20170   479      324.5321    17      623.5935       15.2464   291641   97.56%
  21120  1357      169.3426    18      623.5935       15.2464   306428   97.56%
                                                      Cuts: 4                  
Elapsed time = 15.48 sec. (13086.41 ticks, tree = 0.57 MB)
  22863  2965      318.9887    15      623.5935       15.2464   333968   97.56%
                                                      Cuts: 9                  
  25105  5041      328.8662    18      623.5935       15.2464   365491   97.56%
                                                      Cuts: 6                  
  27128  6884       16.4081    28      623.5935       15.3022   393718   97.55%
                                                      Cuts: 6                  
* 27643+ 7354                          623.5890       15.3650            97.54%
Found incumbent of value 623.589000 after 19.09 sec. (16171.16 ticks)
  29410  8986      322.0058    23      623.5890       15.6216   426372   97.49%
                                                      Cuts: 3                  
  31714 11108      175.9807    27      623.5890       15.8232   459429   97.46%
                                                      Cuts: 9                  
  34071 13246      172.0342    16      623.5890       15.9627   491327   97.44%
                                                      Cuts: 4                  
  36208 15179      323.7854    18      623.5890       16.1132   522932   97.42%
                                                      Cuts: 5                  
  38124 16906      493.9289    21      623.5890       16.2155   551833   97.40%
                                                  Impl Bds: 3                  
  40116 18691      168.5408    20      623.5890       16.3395   581055   97.38%
                                                      Cuts: 4                  
  42159 20552      168.0547    25      623.5890       16.4298   610867   97.37%
                                                     Cuts: 13                  
Elapsed time = 26.97 sec. (22628.29 ticks, tree = 8.57 MB)
  44092 22316       56.1415    21      623.5890       16.5574   637616   97.34%
  46255 24258       56.5875    27      623.5890       16.6791   668125   97.33%
  48137 25948       21.5075    32      623.5890       16.7693   694474   97.31%
  50137 27736      173.0584    19      623.5890       16.8847   725361   97.29%
                                                      Cuts: 7                  
  52023 29449      480.0104    16      623.5890       16.9384   753467   97.28%
  54069 31285      323.4245    26      623.5890       17.0287   783492   97.27%
* 54328 31516      integral     0      623.0265       17.0326   786303   97.27%
                                                  ZeroHalf: 1                  
Found incumbent of value 623.026500 after 34.00 sec. (28460.20 ticks)
  56241 33225      326.3421    10      623.0265       17.1006   813842   97.26%
  58288 35057       19.3797    32      623.0265       17.1645   844162   97.24%
                                                      Cuts: 2                  
  60041 36632      333.0810    21      623.0265       17.2140   871924   97.24%
                                                      Cuts: 8                  
Elapsed time = 37.41 sec. (31322.53 ticks, tree = 15.59 MB)
* 61643+38066                          622.8717       17.2898            97.22%
Found incumbent of value 622.871700 after 38.31 sec. (32085.90 ticks)
  62079 38469      231.2871    27      622.8717       17.2966   902095   97.22%
  63827 40006      170.5121    26      622.8717       17.3622   929751   97.21%
  65769 41741      481.7669    12      622.8717       17.4290   960779   97.20%
                                                      Cuts: 4                  
  67725 43519      326.0052    21      622.8717       17.4890   987644   97.19%
                                                    Covers: 1                  
  69776 45343       22.2835    39      622.8717       17.5485  1016798   97.18%
  71801 47121      482.9154     6      622.8717       17.6241  1045723   97.17%
                                                  Impl Bds: 8                  
* 72643+47859                          622.6755       17.6468            97.17%
Found incumbent of value 622.675500 after 45.00 sec. (37535.33 ticks)
  73622 48741      326.9615    29      622.6755       17.6680  1073372   97.16%
* 74758 49753      integral     0      622.3614       17.6851  1089605   97.16%
Found incumbent of value 622.361400 after 46.19 sec. (38530.30 ticks)
  76633 51428      170.9284    33      622.3614       17.7254  1119229   97.15%
  78522 53131      169.5957    42      622.3614       17.7769  1146437   97.14%
                                                      Cuts: 7                  
Elapsed time = 48.48 sec. (40438.79 ticks, tree = 21.41 MB)
  80556 54932       19.5045    24      622.3614       17.8206  1177514   97.14%
  82383 56528      322.2108    17      622.3614       17.8803  1205923   97.13%
  84258 58200      476.3637    14      622.3614       17.9145  1235893   97.12%
  86190 59916      172.8949    23      622.3614       17.9645  1265769   97.11%
                                                      Cuts: 2                  
  88053 61566      170.6450    25      622.3614       17.9967  1293005   97.11%
                                                      Cuts: 2                  
* 89643+62971                          622.1652       18.0257            97.10%
Found incumbent of value 622.165200 after 55.23 sec. (46012.45 ticks)
  89999 63282      328.3675     9      622.1652       18.0342  1323252   97.10%
  92121 65176      477.4930    11      622.1652       18.0801  1353609   97.09%
                                                      Cuts: 2                  
  93793 66628      476.2791    11      622.1652       18.1084  1381785   97.09%
  95842 68439       20.2841    30      622.1652       18.1435  1411729   97.08%
                                                    Covers: 2                  
  97837 70219      481.9911    13      622.1652       18.1858  1441563   97.08%
Elapsed time = 59.81 sec. (49981.15 ticks, tree = 30.29 MB)
  99689 71857      324.9742    16      622.1652       18.2177  1469170   97.07%
                                                  Impl Bds: 2                  
 101717 73666      328.3099    17      622.1652       18.2667  1498926   97.06%
 103778 75512      324.3097    21      622.1652       18.3155  1528772   97.06%
 105661 77159      327.9817    19      622.1652       18.3592  1556374   97.05%
 107757 79004      478.9226    20      622.1652       18.4092  1586786   97.04%
 109759 80792      325.4659    11      622.1652       18.4612  1616799   97.03%
 111767 82569      170.1240    25      622.1652       18.5092  1643073   97.03%
                                                    Covers: 1                  
 113902 84464      172.5330    25      622.1652       18.5526  1673200   97.02%
*114643+85124                          621.8763       18.5669            97.01%
Found incumbent of value 621.876300 after 69.03 sec. (57952.48 ticks)
 116000 86342      175.1736    19      621.8763       18.5985  1703457   97.01%
 117907 88033      171.4905    24      621.8763       18.6455  1731641   97.00%
Elapsed time = 70.69 sec. (59520.65 ticks, tree = 36.57 MB)
 119895 89790      476.9837     4      621.8763       18.6819  1761695   97.00%
 122008 91661      487.3962    21      621.8763       18.7210  1792943   96.99%
 123832 93279      480.8040     9      621.8763       18.7580  1820610   96.98%
 125804 95019      196.8191    24      621.8763       18.7931  1849824   96.98%
                                                      Cuts: 2                  
 127874 96834      326.8429     8      621.8763       18.8271  1880554   96.97%
 129847 98573      177.0075    17      621.8763       18.8631  1908709   96.97%
 131690 100198      173.8231    24      621.8763       18.8911  1937989   96.96%
                                                      Cuts: 3                  
 133818 102080    infeasible            621.8763       18.9274  1968193   96.96%
 135754 103804      180.3354    25      621.8763       18.9705  1997511   96.95%
                                                      Cuts: 3                  
 137745 105586      171.5189    18      621.8763       18.9965  2024606   96.95%
                                                  Impl Bds: 1                  
Elapsed time = 81.48 sec. (69062.61 ticks, tree = 42.77 MB)
 139788 107395      173.0773    25      621.8763       19.0282  2053468   96.94%
                                                    Covers: 1                  
 141785 109147      171.5998    31      621.8763       19.0590  2083461   96.94%
 143711 110863      478.7838    17      621.8763       19.0928  2110773   96.93%
                                                      Cuts: 3                  
 145700 112619      173.9141    25      621.8763       19.1264  2139456   96.92%
 147759 114439      174.3566    17      621.8763       19.1610  2169647   96.92%
 149673 116131       23.3217    28      621.8763       19.1854  2198207   96.91%
                                                      Cuts: 3                  
 151471 117707      554.7973    17      621.8763       19.2214  2226324   96.91%
 153388 119396      322.7569    20      621.8763       19.2574  2255049   96.90%
                                                      Cuts: 5                  
 155397 121184      171.3106    20      621.8763       19.2893  2284274   96.90%
 157230 122798      172.3727    19      621.8763       19.3175  2312118   96.89%
Elapsed time = 92.25 sec. (78605.65 ticks, tree = 48.94 MB)
 159184 124544       21.7158    25      621.8763       19.3516  2340216   96.89%
 161207 126348      172.7345    27      621.8763       19.3839  2370235   96.88%
                                                    Covers: 1                  
 163109 128030       97.8619    30      621.8763       19.4023  2398651   96.88%
 164856 129548      171.9169    19      621.8763       19.4216  2426512   96.88%
                                                      Cuts: 5                  
 166854 131324      484.6936    24      621.8763       19.4513  2453902   96.87%
 168850 133069      173.3882    22      621.8763       19.4762  2483403   96.87%
 170712 134725      343.1968    18      621.8763       19.5019  2512054   96.86%
                                                    Covers: 1                  
 172510 136293    infeasible            621.8763       19.5335  2539310   96.86%
 174402 137941      331.9938    13      621.8763       19.5578  2567186   96.86%
                                                      Cuts: 4                  
 181878 144470       23.0246    34      621.8763       19.6705  2679956   96.84%
                                                      Cuts: 5                  
Elapsed time = 106.86 sec. (91007.00 ticks, tree = 59.70 MB)
 189442 151133      174.3206    17      621.8763       19.7833  2791035   96.82%
                                                      Cuts: 4                  
 197033 157776      329.5425    18      621.8763       19.8917  2902185   96.80%
                                                      Cuts: 5                  
 204353 164163      172.7570    23      621.8763       19.9977  3012338   96.78%
                                                      Cuts: 8                  
 211583 170473       75.5989    28      621.8763       20.1061  3123070   96.77%
                                                    Covers: 1                  
 218766 176752       27.2337    34      621.8763       20.2154  3237230   96.75%
                                                      Cuts: 4                  
 225792 182913      175.0381    23      621.8763       20.3170  3347787   96.73%
                                                    Covers: 2                  
 232761 188976      176.2314    23      621.8763       20.3971  3460266   96.72%
 239998 195333      173.8446    23      621.8763       20.4858  3569738   96.71%
                                                      Cuts: 6                  
 247195 201595      325.7540    16      621.8763       20.5741  3677956   96.69%
                                                      Cuts: 4                  
 254321 207796      484.8690     4      621.8763       20.6738  3787141   96.68%
                                                    Covers: 3                  
Elapsed time = 149.19 sec. (129157.28 ticks, tree = 86.47 MB)
 261720 214282      475.3827     6      621.8763       20.7880  3895641   96.66%
                                                      Cuts: 6                  
 268882 220529      171.1229    31      621.8763       20.8862  4003488   96.64%
                                                      Cuts: 3                  
 275933 226689      479.4347     9      621.8763       20.9790  4111112   96.63%
                                                    Covers: 2                  
 282998 232814      477.8762     7      621.8763       21.0731  4218059   96.61%
 289843 238737      328.6091    18      621.8763       21.1766  4327591   96.59%
                                                      Cuts: 4                  
 296723 244684      498.0828    14      621.8763       21.2761  4433516   96.58%
                                                      Cuts: 8                  
 303764 250818      478.4215     4      621.8763       21.3860  4538132   96.56%
                                                      Cuts: 7                  
 310852 256975      490.4946     4      621.8763       21.4946  4643492   96.54%
                                                      Cuts: 5                  
 317737 262925      482.5483     7      621.8763       21.5903  4749525   96.53%
                                                      Cuts: 4                  
 324389 268673      481.6150     7      621.8763       21.6958  4854614   96.51%
                                                      Cuts: 2                  
Elapsed time = 190.86 sec. (167307.89 ticks, tree = 111.37 MB)
 331182 274505      480.9051     5      621.8763       21.8015  4959778   96.49%
 337935 280347      181.3893    38      621.8763       21.9039  5066925   96.48%
                                                   MIRcuts: 1                  
 344505 285988      176.3623    18      621.8763       22.0048  5172800   96.46%
                                                      Cuts: 5                  
 351190 291706       39.2096    37      621.8763       22.1156  5277619   96.44%
                                                    Covers: 3                  
 357815 297432      477.0564     8      621.8763       22.2147  5383732   96.43%
                                                    Covers: 2                  
 364305 303008      175.7349    22      621.8763       22.3259  5487532   96.41%
                                                      Cuts: 7                  
 371099 308893      476.6150    17      621.8763       22.4339  5592758   96.39%
                                                      Cuts: 5                  
 377774 314646      174.5434    26      621.8763       22.5361  5698216   96.38%
                                                      Cuts: 2                  
 384129 320168      176.3987    24      621.8763       22.6327  5801051   96.36%
                                                   MIRcuts: 1                  
 390523 325643      177.1898    18      621.8763       22.7513  5906364   96.34%
Elapsed time = 232.98 sec. (205460.88 ticks, tree = 135.54 MB)
 397148 331367      174.1954    22      621.8763       22.8614  6011028   96.32%
                                                    Covers: 1                  
 403739 337032      327.8096    16      621.8763       22.9873  6112215   96.30%
                                                      Cuts: 3                  
 410406 342760      331.2447    15      621.8763       23.0966  6217944   96.29%
                                                    Covers: 1                  
 416619 348069      480.4458     4      621.8763       23.2087  6321956   96.27%
 423283 353800      327.2879    20      621.8763       23.3147  6424447   96.25%
                                                  Impl Bds: 2                  
 429965 359559      488.5570     4      621.8763       23.4271  6528462   96.23%
 436467 365129       49.0018    34      621.8763       23.5493  6630158   96.21%
                                                      Cuts: 7                  
 443167 370854      176.7291    24      621.8763       23.6595  6734929   96.20%
 449746 376456      331.0442    13      621.8763       23.7773  6837725   96.18%
 456390 382039       27.9689    28      621.8763       23.8984  6941127   96.16%
                                                      Cuts: 2                  
Elapsed time = 274.89 sec. (243613.07 ticks, tree = 160.21 MB)
 462807 387472      176.2705    24      621.8763       24.0028  7045501   96.14%
                                                    Covers: 1                  
 469228 392913      324.4552    14      621.8763       24.1249  7148959   96.12%
 475630 398294      487.7211    15      621.8763       24.2481  7254140   96.10%
 481864 403515      334.7089    28      621.8763       24.3660  7354207   96.08%
                                                      Cuts: 3                  
 488556 409199      177.6036    22      621.8763       24.4902  7458288   96.06%
                                                  Impl Bds: 1                  
 495065 414709       69.1341    37      621.8763       24.6271  7559094   96.04%
                                                      Cuts: 5                  
 501663 420290      236.7929    15      621.8763       24.7513  7661461   96.02%
                                                    Covers: 1                  
 508073 425618      326.7741    13      621.8763       24.8972  7763560   96.00%
                                                    Covers: 3                  
 514471 430987      175.5276    19      621.8763       25.0454  7864383   95.97%
                                                      Cuts: 7                  
 520885 436381      179.7261    30      621.8763       25.1827  7966059   95.95%
                                                      Cuts: 2                  
Elapsed time = 317.91 sec. (281763.11 ticks, tree = 184.91 MB)
 527031 441442      329.6633    20      621.8763       25.3358  8066388   95.93%
 533646 446985      331.3972    29      621.8763       25.4984  8167655   95.90%
                                                    Covers: 2                  
 539809 452140      179.9792    30      621.8763       25.6457  8266837   95.88%
                                                  Impl Bds: 2                  
 546357 457590      183.6604    35      621.8763       25.8078  8369527   95.85%
 552590 462765      325.5959    10      621.8763       25.9523  8468654   95.83%
 559025 468067      332.7032    25      621.8763       26.1371  8570627   95.80%
 565137 473097      174.9781    25      621.8763       26.3029  8670225   95.77%
                                                    Covers: 1                  
 571377 478253      181.8496    38      621.8763       26.4942  8771074   95.74%
                                                      Cuts: 6                  
 577454 483259      330.6640    16      621.8763       26.6589  8869861   95.71%
                                                    Covers: 1                  
 583701 488416      179.2839    39      621.8763       26.8331  8971181   95.69%
                                                      Cuts: 4                  
Elapsed time = 361.84 sec. (319913.93 ticks, tree = 209.71 MB)
 589839 493502      483.1660    14      621.8763       27.0194  9070383   95.66%
                                                    Covers: 4                  
 596127 498689      479.7403    15      621.8763       27.1949  9170398   95.63%
                                                      Cuts: 7                  
 602193 503647      481.5453    11      621.8763       27.3804  9268434   95.60%
                                                    Covers: 2                  
 608281 508620      490.9928    24      621.8763       27.6302  9368859   95.56%
                                                      Cuts: 6                  
 614471 513678      481.8610     7      621.8763       27.8717  9466011   95.52%
                                                      Cuts: 6                  
 620663 518790      192.3253    22      621.8763       28.1305  9563096   95.48%
                                                    Covers: 2                  
 626494 523569      344.9461    19      621.8763       28.4089  9660105   95.43%
                                                      Cuts: 9                  
 632536 528533      182.7314    36      621.8763       28.6879  9758168   95.39%
                                                      Cuts: 6                  
 638200 533142      179.0900    23      621.8763       28.9599  9852831   95.34%
                                                     Cuts: 13                  
 644041 537944    infeasible            621.8763       29.2525  9949288   95.30%
                                                      Cuts: 8                  
Elapsed time = 404.53 sec. (358066.93 ticks, tree = 228.76 MB)
 649551 542401      180.5705    27      621.8763       29.5805 10042283   95.24%
                                                      Cuts: 9                  
 655207 547022      185.5229    25      621.8763       29.9208 10137067   95.19%
                                                      Cuts: 3                  
 660827 551663      485.3073     8      621.8763       30.2343 10228426   95.14%
                                                      Cuts: 8                  
 666538 556336      123.3568    35      621.8763       30.6230 10320220   95.08%
                                                      Cuts: 6                  
 672270 561100      478.3192     9      621.8763       30.9665 10411672   95.02%
                                                      Cuts: 4                  
 677797 565672      184.9357    27      621.8763       31.2721 10502525   94.97%
                                                      Cuts: 7                  
 683423 570403      332.2866    27      621.8763       31.6117 10593996   94.92%
                                                      Cuts: 6                  
 689047 575120      174.3478    18      621.8763       31.9448 10683280   94.86%
                                                    Covers: 2                  
 694634 579781    infeasible            621.8763       32.2758 10775236   94.81%
                                                      Cuts: 4                  
 700156 584415      325.3298    21      621.8763       32.6996 10864186   94.74%
                                                   MIRcuts: 1                  
Elapsed time = 448.17 sec. (396219.43 ticks, tree = 253.21 MB)
 705732 589061      177.5132    32      621.8763       33.1534 10954287   94.67%
 711214 593637      336.1520    18      621.8763       33.5811 11045700   94.60%
                                                   MIRcuts: 2                  
 716546 598059      175.8489    21      621.8763       34.0125 11134752   94.53%
                                                      Cuts: 3                  
 722071 602673      329.4497     8      621.8763       34.5617 11224418   94.44%
                                                    Covers: 1                  
 727305 607041      325.4059    25      621.8763       35.0348 11311312   94.37%
                                                      Cuts: 7                  
 732661 611475      485.2888    16      621.8763       35.5664 11401102   94.28%
                                                     Cuts: 13                  
 737963 615956      324.6259    21      621.8763       36.0514 11486073   94.20%
                                                     Cuts: 13                  
 743291 620365       38.9040    39      621.8763       36.5301 11570688   94.13%
                                                     Cuts: 10                  
 748705 624866      328.5731    23      621.8763       37.1183 11655937   94.03%
                                                      Cuts: 4                  
 753889 629175      174.0618    38      621.8763       37.5792 11737768   93.96%
                                                     Cuts: 15                  
Elapsed time = 488.67 sec. (434376.53 ticks, tree = 271.18 MB)
 758918 633307      481.0853    14      621.8763       38.1553 11823475   93.86%
                                                      Cuts: 9                  
 764012 637477      328.0559    11      621.8763       38.6476 11908144   93.79%
                                                      Cuts: 5                  
 768942 641515      325.2291    26      621.8763       39.3294 11992035   93.68%
 774030 645684      341.8765    24      621.8763       39.9509 12077253   93.58%
 778897 649604    infeasible            621.8763       40.5683 12161634   93.48%
                                                    Covers: 5                  
 783930 653761    infeasible            621.8763       41.2283 12247144   93.37%
 788843 657810      324.4762     9      621.8763       41.7839 12332368   93.28%
                                                      Cuts: 7                  
 793763 661913      477.9485    16      621.8763       42.3761 12415139   93.19%
                                                      Cuts: 2                  
 798729 666068      325.7886    16      621.8763       43.0412 12500202   93.08%
                                                      Cuts: 5                  
 803634 670116      182.2780    37      621.8763       43.6743 12582914   92.98%
                                                      Cuts: 9                  
Elapsed time = 529.08 sec. (472538.72 ticks, tree = 287.98 MB)
 808503 674202      346.7927    24      621.8763       44.2841 12664034   92.88%
                                                      Cuts: 4                  
 813508 678405      478.4780    12      621.8763       44.8512 12747081   92.79%
                                                      Cuts: 4                  
 818520 682594      484.4457    11      621.8763       45.4153 12827333   92.70%
                                                      Cuts: 8                  
 823465 686731      194.4969    26      621.8763       46.0230 12907784   92.60%
                                                    Covers: 3                  
 828445 690866      475.0066    17      621.8763       46.6769 12990186   92.49%
                                                      Cuts: 2                  
 833433 694983      476.4698    11      621.8763       47.2585 13069088   92.40%
                                                      Cuts: 4                  
 838437 699197      328.1296    17      621.8763       47.8104 13149861   92.31%
                                                  Impl Bds: 3                  
 843416 703301      341.1435    24      621.8763       48.4484 13233518   92.21%
 848220 707302      469.7507    20      621.8763       49.0110 13314161   92.12%
                                                      Cuts: 5                  
 853004 711212       52.5861    32      621.8763       49.6662 13397048   92.01%
Elapsed time = 569.34 sec. (510691.18 ticks, tree = 312.34 MB)
 858000 715351      480.0916    17      621.8763       50.2786 13478426   91.92%
                                                      Cuts: 4                  
 862654 719155       78.5184    45      621.8763       50.9140 13557607   91.81%
                                                      Cuts: 5                  
 867500 723182      328.5192     8      621.8763       51.5943 13638477   91.70%
                                                    Covers: 3                  
 872395 727285      177.6956    39      621.8763       52.3694 13718673   91.58%
                                                      Cuts: 4                  
 876891 730963      201.4941    29      621.8763       53.0982 13797512   91.46%
                                                      Cuts: 3                  
 881492 734778      197.4740    35      621.8763       53.8644 13877835   91.34%
                                                      Cuts: 4                  
 886310 738710      347.8510    20      621.8763       54.6635 13958891   91.21%
                                                    Covers: 4                  
 890704 742324      331.7312    14      621.8763       55.3278 14038672   91.10%
                                                      Cuts: 3                  
 895343 746118      174.2338    20      621.8763       56.0503 14118116   90.99%
                                                    Covers: 2                  
 899970 749953      177.4035    20      621.8763       56.7266 14199090   90.88%
                                                    Covers: 1                  
Elapsed time = 609.16 sec. (548855.03 ticks, tree = 328.59 MB)
 904689 753856      479.4976    10      621.8763       57.4637 14276700   90.76%
                                                      Cuts: 4                  
 909404 757680      496.8540    13      621.8763       58.2159 14354212   90.64%
                                                      Cuts: 7                  
 914294 761711      202.4356    28      621.8763       58.8507 14434027   90.54%
 919080 765707      345.9073    22      621.8763       59.3657 14512881   90.45%
                                                   MIRcuts: 3                  
 924052 769896      480.5752    10      621.8763       59.9323 14591531   90.36%
                                                   MIRcuts: 2                  
 929036 774097    infeasible            621.8763       60.4602 14670624   90.28%
                                                      Cuts: 5                  
 933998 778270      335.6873    25      621.8763       61.0198 14748261   90.19%
                                                    Covers: 2                  
 938781 782241      479.5517    13      621.8763       61.6583 14824855   90.09%
                                                    Covers: 6                  
 943671 786326      176.3763    20      621.8763       62.2728 14903096   89.99%
                                                      Cuts: 3                  
 948481 790279      228.5899    28      621.8763       62.9349 14981529   89.88%
Elapsed time = 648.73 sec. (587005.71 ticks, tree = 345.64 MB)
 953040 794035      329.0087    28      621.8763       63.6703 15056608   89.76%
                                                      Cuts: 6                  
 957747 797916    infeasible            621.8763       64.2835 15134134   89.66%
                                                      Cuts: 7                  
 962489 801816      228.2766    44      621.8763       64.9896 15211592   89.55%
                                                      Cuts: 5                  
 967173 805675      328.4107    22      621.8763       65.5922 15286328   89.45%
                                                    Covers: 3                  
 971650 809302      223.3624    30      621.8763       66.3569 15363347   89.33%
                                                    Covers: 4                  
 976223 812998      480.6633    13      621.8763       67.1200 15440165   89.21%
                                                    Covers: 2                  
 980797 816700      479.6004    21      621.8763       67.8850 15515495   89.08%
 985318 820344      189.8776    39      621.8763       68.9148 15590128   88.92%
                                                    Covers: 7                  
 989950 824043      349.2267    22      621.8763       69.9897 15666845   88.75%
                                                   MIRcuts: 1                  
 994403 827586      332.0389    14      621.8763       71.1135 15742717   88.56%
                                                      Cuts: 5                  
Elapsed time = 688.58 sec. (625162.59 ticks, tree = 370.34 MB)
 998889 831223      331.3281    22      621.8763       72.0772 15815895   88.41%
                                                    Covers: 1                  
 1003381 834896      324.9453    24      621.8763       73.2294 15890580   88.22%
                                                    Covers: 2                  
 1007815 838531    infeasible            621.8763       74.5977 15967210   88.00%
                                                    Covers: 6                  
 1012043 841972      225.3154    27      621.8763       75.5155 16041956   87.86%
 1016536 845651      180.0832    38      621.8763       76.4843 16116117   87.70%
                                                    Covers: 3                  
 1021086 849291       86.3471    47      621.8763       77.5349 16191469   87.53%
                                                    Covers: 1                  
 1025648 852990      481.7754    19      621.8763       78.6112 16266806   87.36%
                                                  Impl Bds: 2                  
 1029940 856423      479.1328    19      621.8763       79.7041 16340412   87.18%
                                                    Covers: 3                  
 1034572 860211      111.7399    40      621.8763       80.6677 16414304   87.03%
 1039090 863917      211.4044    26      621.8763       81.7399 16489645   86.86%
Elapsed time = 728.86 sec. (663312.92 ticks, tree = 385.97 MB)

Clique cuts applied:  8
Cover cuts applied:  387
Implied bound cuts applied:  163
Flow cuts applied:  13
Mixed integer rounding cuts applied:  101
Zero-half cuts applied:  37
Gomory fractional cuts applied:  14

Root node processing (before b&c):
  Real time             =    0.06 sec. (40.63 ticks)
Sequential b&c:
  Real time             =  729.78 sec. (664912.97 ticks)
                          ------------
Total (root+branch&cut) =  729.84 sec. (664953.60 ticks)

--- MIP status (113): aborted.
--- Cplex Time: 729.84sec (det. 664953.60 ticks)

--- Fixing integer variables and solving final LP...

Version identifier: 20.1.0.1 | 2021-04-07 | 3a818710c
CPXPARAM_Advance                                 2
CPXPARAM_Threads                                 1
CPXPARAM_MIP_Display                             4
CPXPARAM_MIP_Pool_Capacity                       0
CPXPARAM_MIP_Tolerances_AbsMIPGap                0
Presolve time = 0.00 sec. (0.18 ticks)

--- Fixed MIP status (13): user aborted.
--- Cplex Time: 0.00sec (det. 0.18 ticks)

--- Rerunning with presolve turned off and solving with LPMETHOD=1.

Version identifier: 20.1.0.1 | 2021-04-07 | 3a818710c
CPXPARAM_Advance                                 2
CPXPARAM_Preprocessing_Presolve                  0
CPXPARAM_LPMethod                                1
CPXPARAM_Threads                                 1
CPXPARAM_MIP_Display                             4
CPXPARAM_MIP_Pool_Capacity                       0
CPXPARAM_MIP_Tolerances_AbsMIPGap                0
Primal superbasis not built.

--- Fixed MIP status (13): user aborted.
--- Cplex Time: 0.00sec (det. 0.35 ticks)

*** WARNING: Final solve did not return an optimal solution.
--- Returning a primal only solution to GAMS (marginals all set to NA).

Problem aborted
MIP Solution:          621.876300    (16514339 iterations, 1040531 nodes)
Final Solve:            70.162500    (0 iterations)

Best possible:          82.089212
Absolute gap:          539.787088
Relative gap:            0.867998

--- Reading solution for model buraktez
***
*** Solver did not provide marginals for model buraktez
***
*** Status: Normal completion
--- Job new4.gms Stop 01/06/22 12:58:00 elapsed 0:12:10.196
