--- Job new5.gms Start 01/06/22 12:45:37 37.1.0 r07954d5 WEX-WEI x86 64bit/MS Windows
--- Applying:
    C:\GAMS\37\gmsprmNT.txt
--- GAMS Parameters defined
    Input "C:\Users\semih\Desktop\GAMS CALISMA\ILKLER\6\Kendi_Cozumlerim\new5.gms"
    PageSize 0
    ScrDir "C:\Users\semih\Desktop\GAMS CALISMA\ILKLER\6\Kendi_Cozumlerim\225e\"
    SysDir C:\GAMS\37\
    LogOption 3
    ErrMsg 1
    ErrorLog 99
    IDE 1
    LstTitleLeftAligned 1
Licensee: GAMS Community License for Mehmet Semih BabacanG210511|0002AO-GEN
          Yildiz Technical University                                CL1316
          C:\Users\semih\Documents\GAMS\gamslice.txt
          Mehmet Semih Babacan, l6918040@std.yildiz.edu.tr                 
          Community license for demonstration and instructional purposes only
Processor information: 1 socket(s), 4 core(s), and 8 thread(s) available
GAMS 37.1.0   Copyright (C) 1987-2021 GAMS Development. All rights reserved
--- Starting compilation
--- new5.gms(159) 3 Mb
--- Starting execution: elapsed 0:00:00.000
--- new5.gms(119) 4 Mb
--- Generating MIP model buraktez
--- new5.gms(158) 4 Mb
---   317 rows  285 columns  1,829 non-zeroes
---   242 discrete-columns
--- Executing CPLEX (Solvelink=2): elapsed 0:00:00.014

IBM ILOG CPLEX   37.1.0 r07954d5 Released Nov 11, 2021 WEI x86 64bit/MS Window

--- *** This solver runs with a community license. No commercial use.
--- GMO setup time: 0.00s
--- Space for names approximately 0.02 Mb
--- Use option 'names no' to turn use of names off
--- GMO memory 0.57 Mb (peak 0.57 Mb)
--- Dictionary memory 0.00 Mb
--- Cplex 20.1.0.1 link memory 0.01 Mb (peak 0.05 Mb)
--- Starting Cplex

Version identifier: 20.1.0.1 | 2021-04-07 | 3a818710c
CPXPARAM_Advance                                 0
CPXPARAM_Threads                                 1
CPXPARAM_MIP_Display                             4
CPXPARAM_MIP_Pool_Capacity                       0
CPXPARAM_MIP_Tolerances_AbsMIPGap                0
Generic callback                                 0x50
Tried aggregator 1 time.
MIP Presolve eliminated 82 rows and 47 columns.
MIP Presolve modified 8 coefficients.
Reduced MIP has 234 rows, 238 columns, and 1152 nonzeros.
Reduced MIP has 198 binaries, 0 generals, 0 SOSs, and 0 indicators.
Presolve time = 0.00 sec. (0.95 ticks)
Found incumbent of value 2839.701700 after 0.02 sec. (1.94 ticks)
Probing fixed 12 vars, tightened 0 bounds.
Probing time = 0.00 sec. (0.19 ticks)
Tried aggregator 2 times.
Detecting symmetries...
MIP Presolve eliminated 0 rows and 12 columns.
Aggregator did 10 substitutions.
Reduced MIP has 224 rows, 216 columns, and 1084 nonzeros.
Reduced MIP has 186 binaries, 0 generals, 0 SOSs, and 0 indicators.
Presolve time = 0.00 sec. (0.94 ticks)
Probing time = 0.00 sec. (0.16 ticks)
Clique table members: 162.
MIP emphasis: balance optimality and feasibility.
MIP search method: dynamic search.
Parallel mode: none, using 1 thread.
Tried aggregator 1 time.
No LP presolve or aggregator reductions.
Presolve time = 0.00 sec. (0.13 ticks)

Iteration log . . .
Iteration:     1   Dual objective     =             0.000000
Root relaxation solution time = 0.00 sec. (0.41 ticks)

        Nodes                                         Cuts/
   Node  Left     Objective  IInf  Best Integer    Best Bound    ItCnt     Gap

*     0+    0                         2839.7017        0.0000           100.00%
Found incumbent of value 2839.701700 after 0.02 sec. (4.10 ticks)
      0     0        9.8028    20     2839.7017        9.8028       47   99.65%
      0     0        9.8028    21     2839.7017      Cuts: 37       65   99.65%
      0     0        9.9448    22     2839.7017      Cuts: 26       81   99.65%
      0     0       10.0206    20     2839.7017      Cuts: 41       92   99.65%
      0     0       10.2384    20     2839.7017       Cuts: 9      105   99.64%
      0     0       10.2384    20     2839.7017      Cuts: 20      113   99.64%
Detecting symmetries...
*     0+    0                         1076.4087       10.2384            99.05%
Found incumbent of value 1076.408700 after 0.03 sec. (19.39 ticks)
Detecting symmetries...
      0     2       10.2384    20     1076.4087       10.2384      113   99.05%
Elapsed time = 0.03 sec. (22.35 ticks, tree = 0.01 MB)
*    23    17      integral     0     1071.5766       10.4368      400   99.03%
Found incumbent of value 1071.576600 after 0.03 sec. (27.00 ticks)
*    29    18      integral     0     1070.9718       10.4368      475   99.03%
Found incumbent of value 1070.971800 after 0.03 sec. (28.10 ticks)
*    30+   16                          723.5125       10.4368            98.56%
Found incumbent of value 723.512500 after 0.05 sec. (30.21 ticks)
*   130+   88                          716.3863       10.7335            98.50%
                                                  Impl Bds: 4                  
Found incumbent of value 716.386300 after 0.08 sec. (63.91 ticks)
*   130+   86                          715.9381       10.7335            98.50%
Found incumbent of value 715.938100 after 0.09 sec. (64.28 ticks)

Performing restart 1

Repeating presolve.
Tried aggregator 1 time.
MIP Presolve modified 56 coefficients.
Reduced MIP has 224 rows, 216 columns, and 1060 nonzeros.
Reduced MIP has 186 binaries, 0 generals, 0 SOSs, and 0 indicators.
Presolve time = 0.00 sec. (0.58 ticks)
Tried aggregator 1 time.
Reduced MIP has 224 rows, 216 columns, and 1060 nonzeros.
Reduced MIP has 186 binaries, 0 generals, 0 SOSs, and 0 indicators.
Presolve time = 0.00 sec. (0.62 ticks)
Represolve time = 0.02 sec. (1.94 ticks)
Tried aggregator 1 time.
No LP presolve or aggregator reductions.
Presolve time = 0.00 sec. (0.16 ticks)

Iteration log . . .
Iteration:     1   Dual objective     =             1.450800
Iteration:    62   Dual objective     =            10.238400
    524     0       10.4039    24      715.9381      Cuts: 41     5982   98.38%
    524     0       10.7950    18      715.9381      Cuts: 35     6001   98.38%
    524     0       11.3233    29      715.9381      Cuts: 36     6027   98.38%
    524     0       11.4443    28      715.9381      Cuts: 45     6069   98.38%
    524     0       11.4944    29      715.9381      Cuts: 40     6096   98.38%
    524     0       11.7715    32      715.9381      Cuts: 21     6131   98.36%
    524     0       11.9283    26      715.9381      Cuts: 20     6165   98.33%
    524     0       11.9816    31      715.9381      Cuts: 43     6204   98.33%
    524     0       12.0255    31      715.9381      Cuts: 26     6217   98.32%
    524     0       12.0255    30      715.9381       Cuts: 7     6229   98.32%
    524     0       12.0255    30      715.9381   Flowcuts: 3     6232   98.32%
    524     2       12.0255    30      715.9381       12.0390     6232   98.32%
    716   156        cutoff            715.9381       12.4470     9114   98.26%
                                                      Cuts: 6                  
   1374   673      228.5347    19      715.9381       13.7743    18368   98.08%
                                                   MIRcuts: 1                  
*  1491   765      integral     0      715.8400       13.8669    20062   98.06%
                                                  Impl Bds: 3                  
Found incumbent of value 715.840000 after 1.03 sec. (795.35 ticks)
   2141  1264       15.5078    19      715.8400       14.3973    29238   97.99%
                                                      Cuts: 5                  
   2669  1615      367.6023    11      715.8400       14.7066    38905   97.95%
                                                   Cliques: 1                  
   3298  1994        cutoff            715.8400       15.0528    50121   97.90%
   4026  2502       16.0435    15      715.8400       15.2851    60801   97.86%
                                                      Cuts: 6                  
   4582  2822      370.6171    15      715.8400       15.5040    71207   97.83%
                                                    Covers: 1                  
   5113  3108      367.5908    17      715.8400       15.7109    82051   97.81%
   7189  3962      369.5212     9      715.8400       16.8805   129645   97.64%
Elapsed time = 4.11 sec. (3145.40 ticks, tree = 1.13 MB)
   9201  4565    infeasible            715.8400       18.4902   175764   97.42%
                                                      Cuts: 2                  
  11193  4870      366.6508    19      715.8400       24.6855   223317   96.55%
  13476  5569      369.5857    13      715.8400       61.0539   265371   91.47%
                                                     Cuts: 22                  
* 15544  6098      integral     0      715.3630      117.0102   298553   83.64%
                                                     Cuts: 20                  
Found incumbent of value 715.363000 after 8.78 sec. (6827.29 ticks)
* 15644+ 6106                          715.1758      121.0178            83.08%
Found incumbent of value 715.175800 after 8.86 sec. (6873.02 ticks)
  15861  6137      367.5315    13      715.1758      130.6926   304670   81.73%
  18212  6337      466.5759    10      715.1758      344.3024   346063   51.86%
                                                  Impl Bds: 1                  
* 19386  6797      integral     0      715.1155      363.2238   365754   49.21%
                                                      Cuts: 4                  
Found incumbent of value 715.115500 after 10.78 sec. (8400.25 ticks)
  21600  7730      366.5350    18      715.1155      364.6333   404291   49.01%
                                                    Covers: 2                  
  23892  8644      368.0963    12      715.1155      365.1227   444304   48.94%
  26189  9320      368.8544     6      715.1155      365.4846   487176   48.89%
  28550 10051        cutoff            715.1155      365.7644   528994   48.85%
                                                      Cuts: 6                  
Elapsed time = 15.91 sec. (12216.50 ticks, tree = 3.16 MB)
  30868 10728      369.1192    11      715.1155      366.0035   570083   48.82%
                                                      Cuts: 4                  
  33101 11313      368.4911     9      715.1155      366.2330   612546   48.79%
                                                      Cuts: 3                  
  35408 11848        cutoff            715.1155      366.4487   654484   48.76%
                                                      Cuts: 4                  
  37653 12260      369.4292    10      715.1155      366.6509   697648   48.73%
                                                      Cuts: 7                  
  39876 12652      367.6989    14      715.1155      366.8670   739525   48.70%
                                                    Covers: 7                  
  42119 12961    infeasible            715.1155      367.0601   781866   48.67%
                                                      Cuts: 3                  
  44362 13246      370.1412    14      715.1155      367.2443   824550   48.65%
                                                   MIRcuts: 1                  
  46600 13434      368.8117    16      715.1155      367.4333   867602   48.62%
  48918 13769      373.0477    17      715.1155      367.6015   909700   48.60%
  51211 14045      371.5924     8      715.1155      367.7603   951173   48.57%
                                                      Cuts: 8                  
Elapsed time = 28.73 sec. (21756.31 ticks, tree = 4.18 MB)
  53482 14297      370.5953     8      715.1155      367.9101   992529   48.55%
                                                      Cuts: 5                  
  55662 14396      373.7830     5      715.1155      368.0642  1033390   48.53%
                                                     Cuts: 14                  
  57863 14498      376.3233     5      715.1155      368.2241  1075165   48.51%
  60014 14564      374.2444    21      715.1155      368.3725  1115750   48.49%
                                                      Cuts: 4                  
  62256 14585    infeasible            715.1155      368.5233  1157812   48.47%
                                                    Covers: 1                  
  64524 14590      369.9199     9      715.1155      368.6744  1198650   48.45%
                                                    Covers: 1                  
  66767 14701      370.1627     5      715.1155      368.7969  1238149   48.43%
                                                    Covers: 4                  
  69015 14720    infeasible            715.1155      368.9259  1277642   48.41%
                                                    Covers: 6                  
  71138 14659    infeasible            715.1155      369.0563  1317645   48.39%
                                                    Covers: 5                  
  73304 14529      369.6704    14      715.1155      369.2020  1359251   48.37%
                                                    Covers: 1                  
Elapsed time = 40.64 sec. (31294.98 ticks, tree = 4.38 MB)
  75520 14388      370.3773     5      715.1155      369.3389  1400460   48.35%
  77741 14206    infeasible            715.1155      369.5024  1441186   48.33%
  79981 14015    infeasible            715.1155      369.6479  1482100   48.31%
  82130 13787    infeasible            715.1155      369.7876  1523431   48.29%
  84314 13492    infeasible            715.1155      369.9482  1564673   48.27%
  86404 13093      374.6078    12      715.1155      370.1015  1604201   48.25%
  88564 12735    infeasible            715.1155      370.2711  1645170   48.22%
  90766 12309      371.8351     7      715.1155      370.4405  1686099   48.20%
  93013 11816        cutoff            715.1155      370.6281  1727694   48.17%
  95252 11326    infeasible            715.1155      370.8320  1769473   48.14%
Elapsed time = 52.48 sec. (40834.85 ticks, tree = 3.58 MB)
  97479 10807      371.3486     6      715.1155      371.0452  1811651   48.11%
  99716 10216    infeasible            715.1155      371.2643  1854636   48.08%
 101955  9551    infeasible            715.1155      371.4994  1897491   48.05%
 104237  8905      372.8299     6      715.1155      371.7651  1940073   48.01%
 106502  8200        cutoff            715.1155      372.0355  1982064   47.98%
 108767  7391      378.7263    10      715.1155      372.3803  2025846   47.93%
 111035  6416      374.3573     9      715.1155      372.8061  2069543   47.87%
 113282  5282        cutoff            715.1155      373.4000  2112372   47.78%
 115573  4052    infeasible            715.1155      374.3161  2155491   47.66%
 117938  2620        cutoff            715.1155      376.7504  2197596   47.32%
Elapsed time = 64.33 sec. (50375.08 ticks, tree = 1.31 MB)
 121130    71        cutoff            715.1155      713.3354  2230223    0.25%

GUB cover cuts applied:  1
Clique cuts applied:  4
Cover cuts applied:  69
Implied bound cuts applied:  59
Flow cuts applied:  6
Mixed integer rounding cuts applied:  32
Zero-half cuts applied:  15
Lift and project cuts applied:  1
Gomory fractional cuts applied:  8

Root node processing (before b&c):
  Real time             =    0.05 sec. (22.36 ticks)
Sequential b&c:
  Real time             =   65.47 sec. (51351.16 ticks)
                          ------------
Total (root+branch&cut) =   65.52 sec. (51373.52 ticks)

--- MIP status (102): integer optimal, tolerance.
--- Cplex Time: 65.52sec (det. 51373.52 ticks)

--- Fixing integer variables and solving final LP...

Version identifier: 20.1.0.1 | 2021-04-07 | 3a818710c
CPXPARAM_Advance                                 2
CPXPARAM_Threads                                 1
CPXPARAM_MIP_Display                             4
CPXPARAM_MIP_Pool_Capacity                       0
CPXPARAM_MIP_Tolerances_AbsMIPGap                0
Tried aggregator 1 time.
LP Presolve eliminated 213 rows and 265 columns.
Aggregator did 4 substitutions.
Reduced LP has 99 rows, 16 columns, and 198 nonzeros.
Presolve time = 0.00 sec. (0.30 ticks)
Initializing dual steep norms . . .

Iteration log . . .
Iteration:     1   Dual objective     =           715.115500

--- Fixed MIP status (1): optimal.
--- Cplex Time: 0.00sec (det. 0.48 ticks)


Solution satisfies tolerances
MIP Solution:          715.115500    (2230407 iterations, 121195 nodes)
Final Solve:           715.115500    (2 iterations)

Best possible:         715.049149
Absolute gap:            0.066351
Relative gap:            0.000093

--- Reading solution for model buraktez
--- new5.gms(158) 4 Mb  65 secs
*** Status: Normal completion
--- Job new5.gms Stop 01/06/22 12:46:43 elapsed 0:01:05.601
