--- Job new7.gms Start 01/06/22 12:45:10 37.1.0 r07954d5 WEX-WEI x86 64bit/MS Windows
--- Applying:
    C:\GAMS\37\gmsprmNT.txt
--- GAMS Parameters defined
    Input "C:\Users\semih\Desktop\GAMS CALISMA\ILKLER\6\Kendi_Cozumlerim\new7.gms"
    PageSize 0
    ScrDir "C:\Users\semih\Desktop\GAMS CALISMA\ILKLER\6\Kendi_Cozumlerim\225c\"
    SysDir C:\GAMS\37\
    LogOption 3
    ErrMsg 1
    ErrorLog 99
    IDE 1
    LstTitleLeftAligned 1
Licensee: GAMS Community License for Mehmet Semih BabacanG210511|0002AO-GEN
          Yildiz Technical University                                CL1316
          C:\Users\semih\Documents\GAMS\gamslice.txt
          Mehmet Semih Babacan, l6918040@std.yildiz.edu.tr                 
          Community license for demonstration and instructional purposes only
Processor information: 1 socket(s), 4 core(s), and 8 thread(s) available
GAMS 37.1.0   Copyright (C) 1987-2021 GAMS Development. All rights reserved
--- Starting compilation
--- new7.gms(168) 3 Mb
--- Starting execution: elapsed 0:00:00.000
--- new7.gms(127) 4 Mb
--- Generating MIP model buraktez
--- new7.gms(167) 5 Mb
---   1,082 rows  995 columns  6,399 non-zeroes
---   847 discrete-columns
--- Executing CPLEX (Solvelink=2): elapsed 0:00:00.032

IBM ILOG CPLEX   37.1.0 r07954d5 Released Nov 11, 2021 WEI x86 64bit/MS Window

--- *** This solver runs with a community license. No commercial use.
--- GMO setup time: 0.00s
--- Space for names approximately 0.07 Mb
--- Use option 'names no' to turn use of names off
--- GMO memory 0.74 Mb (peak 0.75 Mb)
--- Dictionary memory 0.00 Mb
--- Cplex 20.1.0.1 link memory 0.03 Mb (peak 0.19 Mb)
--- Starting Cplex

Version identifier: 20.1.0.1 | 2021-04-07 | 3a818710c
CPXPARAM_Advance                                 0
CPXPARAM_Threads                                 1
CPXPARAM_MIP_Display                             4
CPXPARAM_MIP_Pool_Capacity                       0
CPXPARAM_MIP_Tolerances_AbsMIPGap                0
Generic callback                                 0x50
Tried aggregator 1 time.
MIP Presolve eliminated 288 rows and 162 columns.
MIP Presolve modified 28 coefficients.
Reduced MIP has 793 rows, 833 columns, and 4022 nonzeros.
Reduced MIP has 693 binaries, 0 generals, 0 SOSs, and 0 indicators.
Presolve time = 0.00 sec. (2.45 ticks)
Found incumbent of value 3594.495136 after 0.00 sec. (5.23 ticks)
Probing fixed 42 vars, tightened 0 bounds.
Probing time = 0.00 sec. (0.66 ticks)
Tried aggregator 1 time.
Detecting symmetries...
MIP Presolve eliminated 0 rows and 42 columns.
Reduced MIP has 793 rows, 791 columns, and 3854 nonzeros.
Reduced MIP has 651 binaries, 0 generals, 0 SOSs, and 0 indicators.
Presolve time = 0.00 sec. (2.95 ticks)
Probing time = 0.00 sec. (0.55 ticks)
Clique table members: 564.
MIP emphasis: balance optimality and feasibility.
MIP search method: dynamic search.
Parallel mode: none, using 1 thread.
Tried aggregator 1 time.
No LP presolve or aggregator reductions.
Presolve time = 0.00 sec. (0.46 ticks)

Iteration log . . .
Iteration:     1   Dual objective     =             0.000000
Perturbation started.
Iteration:    51   Dual objective     =             0.000000
Iteration:   128   Dual objective     =             7.576897
Removing perturbation.
Root relaxation solution time = 0.00 sec. (2.81 ticks)

        Nodes                                         Cuts/
   Node  Left     Objective  IInf  Best Integer    Best Bound    ItCnt     Gap

*     0+    0                         3594.4951        0.0000           100.00%
Found incumbent of value 3594.495136 after 0.02 sec. (13.77 ticks)
      0     0        9.7826    25     3594.4951        9.7826      199   99.73%
      0     0        9.7826    20     3594.4951      Cuts: 15      212   99.73%
      0     0        9.7826    25     3594.4951      Cuts: 44      228   99.73%
      0     0        9.7826    20     3594.4951       Cuts: 4      235   99.73%
      0     0        9.7826    25     3594.4951      Cuts: 65      247   99.73%
      0     2        9.7826    20     3594.4951        9.7826      247   99.73%
Elapsed time = 0.09 sec. (79.71 ticks, tree = 0.01 MB)
*    10+   10                         1576.3009        9.8156            99.38%
Found incumbent of value 1576.300943 after 0.11 sec. (91.09 ticks)
*    20+   20                         1380.7618        9.8156            99.29%
Found incumbent of value 1380.761811 after 0.13 sec. (103.27 ticks)
*    50+   19                         1036.7557        9.8156            99.05%
Found incumbent of value 1036.755739 after 0.14 sec. (128.79 ticks)
*    90+   49                         1030.9681        9.8156            99.05%
Found incumbent of value 1030.968100 after 0.16 sec. (147.23 ticks)
*   190+  137                          878.7812        9.8176            98.88%
                                                  Impl Bds: 8                  
Found incumbent of value 878.781208 after 0.23 sec. (242.69 ticks)
*   190+  115                          680.6913        9.8176            98.56%
Found incumbent of value 680.691305 after 0.23 sec. (245.69 ticks)
*   190+  115                          676.0827        9.8176            98.55%
Found incumbent of value 676.082702 after 0.25 sec. (249.21 ticks)
*   190+  115                          675.3927        9.8176            98.55%
Found incumbent of value 675.392726 after 0.25 sec. (252.56 ticks)
    323   227      165.0231    15      675.3927        9.8176     5291   98.55%

Performing restart 1

Repeating presolve.
Tried aggregator 2 times.
MIP Presolve eliminated 1 rows and 21 columns.
MIP Presolve modified 190 coefficients.
Aggregator did 1 substitutions.
Reduced MIP has 791 rows, 769 columns, and 3714 nonzeros.
Reduced MIP has 630 binaries, 0 generals, 0 SOSs, and 0 indicators.
Presolve time = 0.00 sec. (2.73 ticks)
Tried aggregator 1 time.
MIP Presolve eliminated 19 rows and 11 columns.
Reduced MIP has 772 rows, 758 columns, and 3645 nonzeros.
Reduced MIP has 620 binaries, 0 generals, 0 SOSs, and 0 indicators.
Presolve time = 0.00 sec. (1.60 ticks)
Tried aggregator 1 time.
Reduced MIP has 772 rows, 758 columns, and 3645 nonzeros.
Reduced MIP has 620 binaries, 0 generals, 0 SOSs, and 0 indicators.
Presolve time = 0.00 sec. (2.85 ticks)
Represolve time = 0.02 sec. (11.73 ticks)
Tried aggregator 1 time.
LP Presolve eliminated 2 rows and 0 columns.
Reduced LP has 818 rows, 758 columns, and 4325 nonzeros.
Presolve time = 0.00 sec. (0.64 ticks)

Iteration log . . .
Iteration:     1   Dual objective     =             3.237446
Iteration:    90   Dual objective     =             6.349771
Iteration:   155   Dual objective     =             9.177473
Initializing dual steep norms . . .
    503     0        9.7826    20      675.3927      Cuts: 20     7883   98.51%
    503     0        9.7826    20      675.3927      Cuts: 44     7907   98.51%
    503     0        9.7826    21      675.3927      Cuts: 38     7920   98.51%
    503     0        9.8945    30      675.3927      Cuts: 25     7978   98.51%
    503     0       10.1738    30      675.3927      Cuts: 54     8014   98.49%
    503     0       10.1738    31      675.3927      Cuts: 35     8033   98.49%
    503     0       10.2176    28      675.3927       Cuts: 6     8062   98.49%
    503     0       10.2176    28      675.3927      Cuts: 40     8083   98.49%
*   503+    0                          521.0369       10.2176            98.04%
Found incumbent of value 521.036870 after 0.66 sec. (680.56 ticks)
    503     0  -1.00000e+75     0      521.0369       10.2176     8083   98.04%
    503     2       10.2176    20      521.0369       10.2176     8083   98.04%
    523    21       42.5394    27      521.0369       10.2176     8689   98.04%
    546    40      163.7162    23      521.0369       10.3631     9727   98.01%
    654   130       11.4588    41      521.0369       10.4756    11804   97.99%
                                                  Impl Bds: 4                  
    804   260      365.6926    10      521.0369       10.5415    14205   97.98%
                                                      Cuts: 5                  
   1046   473      363.1574     5      521.0369       10.8694    17461   97.91%
   1236   635      363.0278    10      521.0369       11.3620    22351   97.82%
   1472   836      167.7364    35      521.0369       11.8466    27977   97.73%
*  2336  1609      integral     0      520.9214       12.4047    44652   97.62%
                                                   Cliques: 1                  
Found incumbent of value 520.921400 after 2.72 sec. (3072.60 ticks)
   2685  1925      165.2870    24      520.9214       12.5571    52396   97.59%
Elapsed time = 2.98 sec. (3355.03 ticks, tree = 1.04 MB)
*  2953  2118      integral     0      518.9483       12.5997    57314   97.57%
Found incumbent of value 518.948267 after 3.16 sec. (3542.72 ticks)
   4020  3056       15.7995    22      518.9483       13.1421    77295   97.47%
                                                  Impl Bds: 5                  
   5085  3972      217.0045    16      518.9483       13.4871   100017   97.40%
                                                  Impl Bds: 5                  
*  5732  4492      integral     0      518.4180       13.7207   116057   97.35%
Found incumbent of value 518.417978 after 5.27 sec. (5915.87 ticks)
*  5733  4489      integral     0      518.3430       13.7207   116072   97.35%
Found incumbent of value 518.342990 after 5.27 sec. (5916.98 ticks)
*  5833+ 4544                          517.6515       13.7629            97.34%
Found incumbent of value 517.651520 after 5.38 sec. (6039.81 ticks)
*  5833+ 4542                          517.5765       13.7629            97.34%
Found incumbent of value 517.576532 after 5.38 sec. (6040.44 ticks)
   6042  4722      479.5518     9      517.5765       13.9691   123139   97.30%
   7256  5764      170.2991    20      517.5765       14.2503   146908   97.25%
                                                  Impl Bds: 4                  
   8425  6746      321.3438    18      517.5765       14.4537   170515   97.21%
                                                      Cuts: 4                  
   9600  7762      322.8266     3      517.5765       14.6423   192048   97.17%
  10591  8598    infeasible            517.5765       14.8648   213287   97.13%
                                                 Impl Bds: 10                  
  11622  9422      168.3807    14      517.5765       15.0486   238585   97.09%
                                                      Cuts: 5                  
  12716 10334       17.6475    27      517.5765       15.2649   261870   97.05%
                                                      Cuts: 3                  
  13789 11239      323.1836    15      517.5765       15.4014   284978   97.02%
                                                  Impl Bds: 2                  
Elapsed time = 11.50 sec. (12911.50 ticks, tree = 6.32 MB)
  14800 12087      476.2026     5      517.5765       15.5574   308032   96.99%
  15939 13042       18.7596    24      517.5765       15.7564   332628   96.96%
  17096 14002      323.4249    29      517.5765       15.9578   357380   96.92%
                                                      Cuts: 3                  
* 17718 14490      integral     0      517.0110       16.0693   369965   96.89%
Found incumbent of value 517.010990 after 14.59 sec. (16278.25 ticks)
  18214 14878       18.6702    18      517.0110       16.1633   380581   96.87%
                                                      Cuts: 3                  
  19339 15838      168.7345    23      517.0110       16.2622   403387   96.85%
  20449 16785      323.9949    16      517.0110       16.3507   425424   96.84%
                                                    Covers: 2                  
  21607 17751      323.7714    21      517.0110       16.5472   450372   96.80%
  22641 18589    infeasible            517.0110       16.6663   476006   96.78%
  23793 19537      325.0045    23      517.0110       16.7697   500501   96.76%
  25060 20547      479.2143    17      517.0110       16.9649   523269   96.72%
                                                    Covers: 1                  
Elapsed time = 20.33 sec. (22462.97 ticks, tree = 11.69 MB)
  26239 21520      369.6182    21      517.0110       17.1641   543802   96.68%
  27304 22383      318.4389    10      517.0110       17.3096   564950   96.65%
                                                    Covers: 1                  
  28422 23255      482.2953     3      517.0110       17.4939   585616   96.62%
  29612 24206       20.7283    23      517.0110       17.6386   607810   96.59%
  30899 25294      170.5101    23      517.0110       17.7617   630973   96.56%
  32247 26449      175.3413    12      517.0110       17.9105   652577   96.54%
                                                      Cuts: 2                  
  33569 27548    infeasible            517.0110       18.1091   674970   96.50%
  34885 28610      169.9438    15      517.0110       18.3089   697420   96.46%
  36191 29653      134.9445    25      517.0110       18.5809   718738   96.41%
  37430 30675      332.6028    15      517.0110       18.8331   738179   96.36%
                                                      Cuts: 5                  
Elapsed time = 30.03 sec. (32006.18 ticks, tree = 16.81 MB)
  38696 31691       20.9275    23      517.0110       19.0731   758932   96.31%
  40018 32801      141.9332    23      517.0110       19.3311   779428   96.26%
                                                      Cuts: 4                  

Performing restart 2

Repeating presolve.
Tried aggregator 1 time.
Reduced MIP has 772 rows, 758 columns, and 3978 nonzeros.
Reduced MIP has 620 binaries, 0 generals, 0 SOSs, and 0 indicators.
Presolve time = 0.00 sec. (1.67 ticks)
Tried aggregator 1 time.
Reduced MIP has 772 rows, 758 columns, and 3978 nonzeros.
Reduced MIP has 620 binaries, 0 generals, 0 SOSs, and 0 indicators.
Presolve time = 0.02 sec. (2.60 ticks)
Represolve time = 0.05 sec. (15.05 ticks)
Tried aggregator 1 time.
No LP presolve or aggregator reductions.
Presolve time = 0.00 sec. (0.80 ticks)

Iteration log . . .
Iteration:     1   Dual objective     =             0.812560
Iteration:    82   Dual objective     =             7.907285
Iteration:   153   Dual objective     =             9.585693
Iteration:   219   Dual objective     =            10.073759
  40751     0       10.2176    20      517.0110      Cuts: 51   788634   96.24%
  40751     0       10.2176    36      517.0110      Cuts: 21   788675   96.24%
  40751     0       10.2176    20      517.0110      Cuts: 21   788692   96.24%
  40751     0       10.2176    28      517.0110      Cuts: 39   788717   96.24%
  40751     0       10.2341    48      517.0110      Cuts: 31   788749   96.24%
  40751     0       10.3167    46      517.0110      Cuts: 19   788820   96.24%
  40751     0       10.3700    41      517.0110      Cuts: 44   788859   96.24%
  40751     0       10.4732    42      517.0110      Cuts: 13   788926   96.24%
  40751     2       10.4732    41      517.0110       19.4374   788926   96.24%
  40814    59      164.7289    28      517.0110       19.4374   791441   96.24%
  41034   268       13.9476    35      517.0110       19.4374   793961   96.24%
  41232   446      318.3453    22      517.0110       19.4374   797213   96.24%
* 41308   500      integral     0      516.1110       19.4374   798617   96.23%
Found incumbent of value 516.110990 after 36.06 sec. (38064.77 ticks)
  41583   738      363.6808     9      516.1110       19.4374   803555   96.23%
                                                      Cuts: 4                  
  42088  1167       12.3329    33      516.1110       19.4374   811098   96.23%
                                                      Cuts: 4                  
  42633  1647      365.3117    24      516.1110       19.4374   820352   96.23%
                                                     Cuts: 14                  
Elapsed time = 38.86 sec. (40930.16 ticks, tree = 7.94 MB)
  43395  2350      370.1041    15      516.1110       19.4374   830226   96.23%
                                                      Cuts: 6                  
  43999  2876      165.5773    20      516.1110       19.4374   840448   96.23%
                                                  Impl Bds: 1                  
  44852  3625       14.9596    20      516.1110       19.4374   853798   96.23%
                                                      Cuts: 6                  
  45752  4355       15.1220    24      516.1110       19.4374   870745   96.23%
                                                 Impl Bds: 10                  
  46706  5143      166.5177    26      516.1110       19.4374   887121   96.23%
                                                      Cuts: 4                  
  47872  6179       15.3840    21      516.1110       19.4374   902045   96.23%
  49022  7155    infeasible            516.1110       19.4374   919636   96.23%
  50205  8236      322.4469    20      516.1110       19.4374   941507   96.23%
  51397  9294      476.3071     5      516.1110       19.4374   964383   96.23%
  52381 10126      368.6792    19      516.1110       19.4374   987281   96.23%
                                                      Cuts: 3                  
Elapsed time = 50.17 sec. (50471.89 ticks, tree = 31.91 MB)
  53212 10839      474.6279    14      516.1110       19.4374  1003990   96.23%
  54255 11724       16.1310    22      516.1110       19.4374  1021328   96.23%
  55392 12759      476.1426     8      516.1110       19.4374  1039364   96.23%
  56617 13844    infeasible            516.1110       19.4374  1060368   96.23%
  57821 14938      365.8033    16      516.1110       19.4374  1076974   96.23%
                                                      Cuts: 3                  
  58991 15962      367.1385    13      516.1110       19.4374  1093716   96.23%
                                                      Cuts: 8                  
  60081 16923      321.3113    19      516.1110       19.4374  1114919   96.23%
  61125 17812      370.2735    16      516.1110       19.4374  1135746   96.23%
  62271 18770      167.1668    18      516.1110       19.4374  1154446   96.23%
  63373 19697      369.0595    19      516.1110       19.4374  1178644   96.23%
Elapsed time = 61.11 sec. (60015.85 ticks, tree = 36.67 MB)
  64500 20665      169.7161    15      516.1110       19.4374  1199555   96.23%
                                                    Covers: 2                  
  65460 21449       16.8881    32      516.1110       19.4374  1219679   96.23%
                                                      Cuts: 7                  
  66426 22318      481.3488    15      516.1110       19.4374  1236107   96.23%
  67381 23128      165.7376    18      516.1110       19.4374  1253364   96.23%
  68506 24145      170.1178    22      516.1110       19.4374  1273500   96.23%
  69541 25006      318.3930    17      516.1110       19.4374  1296130   96.23%
  70470 25780      169.2002    25      516.1110       19.4374  1313787   96.23%
  71453 26661      475.9127    12      516.1110       19.4374  1328308   96.23%
  72463 27500      367.7734    11      516.1110       19.4374  1345760   96.23%
                                                      Cuts: 5                  
  73528 28409       16.5227    23      516.1110       19.4374  1367732   96.23%
Elapsed time = 71.95 sec. (69559.09 ticks, tree = 40.29 MB)
  74601 29304      322.9806    21      516.1110       19.4374  1385342   96.23%
  75509 30046      169.0879    19      516.1110       19.4374  1400244   96.23%
  76535 30979      171.5096    26      516.1110       19.4374  1413693   96.23%
                                                      Cuts: 6                  
  77511 31845       77.0137    21      516.1110       19.4374  1428357   96.23%
  78666 32874       18.9689    34      516.1110       19.4374  1444405   96.23%
                                                    Covers: 2                  
  79734 33758       16.3398    15      516.1110       19.4374  1461020   96.23%
                                                      Cuts: 2                  
  80854 34724      472.5160     8      516.1110       19.4374  1477495   96.23%
  81892 35635      368.2700    16      516.1110       19.4374  1492662   96.23%
                                                    Covers: 1                  
  82837 36447      367.3737    17      516.1110       19.4374  1506793   96.23%
                                                      Cuts: 9                  
  83739 37190       27.7847    36      516.1110       19.4374  1521674   96.23%
Elapsed time = 83.00 sec. (79119.64 ticks, tree = 82.15 MB)
  84701 37983      170.4157    15      516.1110       19.4374  1537737   96.23%
  85819 38957      318.8213    12      516.1110       19.4374  1554029   96.23%
  86931 39885      322.0178    32      516.1110       19.4374  1569921   96.23%
  88104 40909       45.2203    34      516.1110       19.4374  1585258   96.23%
  89073 41744      175.7849    23      516.1110       19.4374  1598933   96.23%
                                                  Impl Bds: 3                  
  90026 42541      169.5562    26      516.1110       19.4374  1612562   96.23%
  91151 43527       45.9888    31      516.1110       19.4374  1627148   96.23%
                                                    Covers: 1                  
  92054 44221       15.2410    33      516.1110       19.4374  1643766   96.23%
                                                     Cuts: 10                  
  93119 45136      324.3791    14      516.1110       19.4374  1659585   96.23%
  97009 48370      475.3961    14      516.1110       19.4374  1716516   96.23%
                                                   MIRcuts: 2                  
Elapsed time = 97.27 sec. (91527.91 ticks, tree = 162.89 MB)
 100822 51577       16.8627    33      516.1110       19.4374  1776360   96.23%
                                                      Cuts: 8                  
 104738 54965      349.8703    22      516.1110       19.4374  1833806   96.23%
                                                      Cuts: 3                  
 108578 58058        cutoff            516.1110       19.4374  1894503   96.23%
                                                      Cuts: 7                  
 112083 60901      322.5848    12      516.1110       19.4374  1954865   96.23%
                                                    Covers: 1                  
 115713 63836    infeasible            516.1110       19.4374  2016920   96.23%
                                                     Cuts: 12                  
 119326 66777       19.8755    29      516.1110       19.4374  2076867   96.23%
                                                      Cuts: 5                  
*120751+67885                          515.0918       19.4374            96.23%
Found incumbent of value 515.091785 after 123.92 sec. (115957.92 ticks)
 122892 69638      367.2336     7      515.0918       19.4374  2139119   96.23%
                                                      Cuts: 2                  
 126587 72629      374.9553    24      515.0918       19.4374  2196794   96.23%
                                                      Cuts: 6                  
 129731 75102      167.7527    21      515.0918       19.4374  2258820   96.23%
                                                    Covers: 4                  
 133480 78199      369.3430    24      515.0918       19.4374  2319460   96.23%
                                                      Cuts: 3                  
Elapsed time = 139.39 sec. (129688.50 ticks, tree = 349.41 MB)
 136779 80865      478.0385     8      515.0918       19.4374  2378242   96.23%
                                                    Covers: 2                  
 140564 84060      173.4310    23      515.0918       19.4374  2441862   96.23%
 144071 87021      372.0025    10      515.0918       19.4374  2499977   96.23%
 147896 90118      323.6323    12      515.0918       19.4374  2558637   96.23%
 151325 92925      474.9722     9      515.0918       19.4374  2618805   96.23%
                                                    Covers: 1                  
 154696 95592      169.4641    27      515.0918       19.4374  2677903   96.23%
                                                    Covers: 3                  
 158232 98346       40.7912    35      515.0918       19.4374  2740269   96.23%
 161410 100869      169.5127    34      515.0918       19.4374  2799681   96.23%
                                                      Cuts: 5                  
 164990 103727    infeasible            515.0918       19.4374  2860435   96.23%
                                                      Cuts: 7                  
 168836 106981      173.3914    15      515.0918       19.4374  2916783   96.23%
Elapsed time = 180.84 sec. (167843.65 ticks, tree = 496.07 MB)
 171948 109429      324.8403    13      515.0918       19.4374  2976123   96.23%
                                                      Cuts: 3                  
 175541 112341      171.3041    13      515.0918       19.4374  3037136   96.23%
 179034 115073       22.0797    37      515.0918       19.4374  3092995   96.23%
                                                  Impl Bds: 2                  
 182375 117637      181.1208    26      515.0918       19.4374  3150751   96.23%
 185929 120396      181.1194    28      515.0918       19.4374  3212692   96.23%
 189276 123096      327.7272    19      515.0918       19.4374  3268780   96.23%
 192815 125801      474.1612    24      515.0918       19.4374  3326941   96.23%
                                                      Cuts: 2                  
 196171 128292      219.8622    16      515.0918       19.4374  3390500   96.23%
                                                    Covers: 1                  
 199381 130625    infeasible            515.0918       19.4374  3447747   96.23%
                                                    Covers: 2                  
 202737 133262      476.1719    15      515.0918       19.4374  3508934   96.23%
Elapsed time = 221.69 sec. (205996.60 ticks, tree = 642.85 MB)
 206023 135814      327.6378    13      515.0918       19.4374  3573087   96.23%
 209000 138061       96.9730    24      515.0918       19.4374  3629653   96.23%
                                                     Cuts: 13                  
 212406 140820      369.3379    18      515.0918       19.4374  3685619   96.23%
 215869 143537      478.2114     5      515.0918       19.4374  3741861   96.23%
 219080 146077      480.3425     8      515.0918       19.4374  3798185   96.23%
 222068 148233      330.1024     8      515.0918       19.4374  3855837   96.23%
 225424 150820      323.6647    16      515.0918       19.4374  3917840   96.23%
 228679 153241      482.0814     8      515.0918       19.4374  3975427   96.23%
                                                      Cuts: 2                  
 232066 155799      176.0320    27      515.0918       19.4374  4028697   96.23%
                                                    Covers: 1                  
 235587 158584      483.3669     7      515.0918       19.4374  4086848   96.23%
Elapsed time = 262.39 sec. (244150.62 ticks, tree = 790.98 MB)
 239053 161193      330.0060    32      515.0918       19.4374  4144839   96.23%
                                                      Cuts: 3                  
 242626 164097       26.4445    28      515.0918       19.5025  4198556   96.21%
 246205 166872    infeasible            515.0918       19.6313  4255422   96.19%
                                                      Cuts: 5                  
 249709 169632      327.4509    18      515.0918       19.7477  4314675   96.17%
                                                      Cuts: 7                  
 252941 172233       56.4020    26      515.0918       19.8613  4373133   96.14%
                                                   MIRcuts: 1                  
 256155 174659      477.1746    24      515.0918       19.9812  4429775   96.12%
                                                    Covers: 1                  
 259813 177468    infeasible            515.0918       20.1040  4484374   96.10%
                                                  Impl Bds: 4                  
 263281 180023      323.9241    10      515.0918       20.2652  4540244   96.07%
 266774 182772       26.1431    37      515.0918       20.3695  4592801   96.05%
                                                     Cuts: 10                  
 270006 185199      325.7911    33      515.0918       20.5103  4647928   96.02%
                                                      Cuts: 4                  
Elapsed time = 303.30 sec. (282313.13 ticks, tree = 951.42 MB)
 273278 187644    infeasible            515.0918       20.6445  4705128   95.99%
                                                      Cuts: 3                  
 276261 189732       41.7384    42      515.0918       20.7811  4765089   95.97%
                                                   MIRcuts: 1                  
 279490 192168      482.7271     4      515.0918       20.9214  4817122   95.94%
                                                  Impl Bds: 1                  
 282912 194824      481.6257    27      515.0918       21.0555  4872859   95.91%
                                                      Cuts: 5                  
 286194 197152    infeasible            515.0918       21.2339  4930362   95.88%
                                                      Cuts: 7                  
 289544 199758      371.5341    12      515.0918       21.3794  4983098   95.85%
                                                      Cuts: 3                  
 292654 202006      328.9286    36      515.0918       21.5232  5035876   95.82%
                                                    Covers: 1                  
 295847 204284      489.6748     9      515.0918       21.6540  5093145   95.80%
 298751 206147      328.5380    12      515.0918       21.8319  5152846   95.76%
                                                     Cuts: 12                  
 301822 208374      374.0882    22      515.0918       21.9581  5209804   95.74%
                                                      Cuts: 2                  
Elapsed time = 345.31 sec. (320478.47 ticks, tree = 1088.16 MB)
 305001 210705      328.5013    20      515.0918       22.0957  5262745   95.71%
                                                    Covers: 3                  
 308064 212788    infeasible            515.0918       22.2534  5319146   95.68%
                                                      Cuts: 2                  
 311584 215308      174.8213    22      515.0918       22.4383  5375269   95.64%
                                                    Covers: 3                  
 314621 217464      478.0792    10      515.0918       22.5960  5430271   95.61%
                                                      Cuts: 2                  
 317633 219480      330.3086    26      515.0918       22.8035  5484063   95.57%
                                                      Cuts: 5                  
 320822 221575    infeasible            515.0918       22.9943  5542043   95.54%
                                                    Covers: 4                  
 324225 224087    infeasible            515.0918       23.1289  5597762   95.51%
                                                      Cuts: 4                  
 327261 226178      328.3791    28      515.0918       23.2999  5653222   95.48%
                                                  Impl Bds: 3                  
 330575 228679      173.1814    28      515.0918       23.4696  5708266   95.44%
                                                      Cuts: 4                  
 334113 231277       33.2192    55      515.0918       23.6531  5763300   95.41%
                                                      Cuts: 6                  
Elapsed time = 388.14 sec. (358634.28 ticks, tree = 1236.90 MB)
 337313 233351      478.6535    11      515.0918       23.9140  5819677   95.36%
                                                      Cuts: 3                  
 340508 235442    infeasible            515.0918       24.1264  5875858   95.32%
                                                    Covers: 4                  
 343727 237696      174.3637    28      515.0918       24.3877  5928393   95.27%
                                                    Covers: 3                  
 346851 239618    infeasible            515.0918       24.6846  5984990   95.21%
                                                      Cuts: 5                  
 349957 241541      218.8442    17      515.0918       24.9940  6041610   95.15%
                                                    Covers: 4                  
 352926 243303    infeasible            515.0918       25.3327  6098190   95.08%
                                                    Covers: 1                  
 355777 245050      331.9394    19      515.0918       25.6443  6152321   95.02%
                                                      Cuts: 8                  
 358719 246800      321.1714    21      515.0918       25.9983  6208492   94.95%
                                                      Cuts: 6                  
 361703 248512        cutoff            515.0918       26.4053  6265785   94.87%
 364796 250458        cutoff            515.0918       26.7299  6322743   94.81%
                                                      Cuts: 8                  
Elapsed time = 430.67 sec. (396790.77 ticks, tree = 1349.62 MB)
 367568 252128      325.4033    22      515.0918       27.1567  6377163   94.73%
                                                      Cuts: 3                  
 370583 253953       29.1327    38      515.0918       27.7121  6429937   94.62%
                                                      Cuts: 4                  
 373672 255721       33.1719    37      515.0918       28.3415  6486318   94.50%
 376928 257938      182.9751    25      515.0918       28.8790  6541011   94.39%
                                                     Cuts: 12                  
 379881 259830    infeasible            515.0918       29.4348  6595535   94.29%
                                                      Cuts: 2                  
 382621 261535      318.6655    22      515.0918       30.0522  6646145   94.17%
                                                      Cuts: 3                  
 385417 263207      323.2301     6      515.0918       30.7151  6699774   94.04%
                                                      Cuts: 9                  
 388555 265392      178.3074    41      515.0918       31.4057  6753532   93.90%
                                                      Cuts: 5                  
 391593 267311      480.5037     4      515.0918       32.1385  6805825   93.76%
                                                      Cuts: 8                  
 394286 269002      176.5061    29      515.0918       32.9073  6856132   93.61%
                                                     Cuts: 16                  
Elapsed time = 474.06 sec. (434951.15 ticks, tree = 1461.04 MB)
 396818 270481      327.4439    29      515.0918       33.7275  6907248   93.45%
                                                    Covers: 1                  
 399672 272413      186.6066    24      515.0918       34.5450  6959024   93.29%
                                                     Cuts: 12                  
 402609 274392    infeasible            515.0918       35.4125  7011738   93.13%
                                                    Covers: 6                  
 405352 276336      324.9026    27      515.0918       36.3294  7063178   92.95%
                                                      Cuts: 6                  
 408080 278213       45.3531    49      515.0918       37.3105  7112607   92.76%
                                                      Cuts: 9                  
 410804 280205       42.4626    44      515.0918       38.1381  7160018   92.60%
                                                      Cuts: 5                  
 413561 282317      168.9137    24      515.0918       38.7626  7208632   92.47%
                                                      Cuts: 2                  
 416414 284528      184.1198    29      515.0918       39.4612  7259141   92.34%
 419213 286654       56.6758    42      515.0918       40.1768  7309357   92.20%
                                                      Cuts: 7                  
 422291 289033      476.3184    22      515.0918       40.9696  7358702   92.05%
                                                     Cuts: 12                  
Elapsed time = 515.19 sec. (473120.43 ticks, tree = 1583.66 MB)
 425120 291252      173.2024    47      515.0918       41.8881  7406456   91.87%
                                                      Cuts: 4                  
 428034 293623      172.1466    27      515.0918       42.5203  7451595   91.75%
                                                      Cuts: 3                  
 430825 295714      483.2828     4      515.0918       43.4495  7500433   91.56%
                                                     Cuts: 11                  
 433534 297714      482.6255    12      515.0918       44.1388  7549414   91.43%
                                                     Cuts: 11                  
 436585 300165       47.0888    47      515.0918       44.7870  7596186   91.31%
                                                      Cuts: 3                  
 439436 302306    infeasible            515.0918       45.5953  7642367   91.15%
                                                      Cuts: 9                  
 442192 304429      480.0417     9      515.0918       46.4808  7686784   90.98%
                                                     Cuts: 11                  
 444629 306219       47.3369    43      515.0918       47.3111  7733133   90.82%
                                                      Cuts: 3                  
 447230 307995      173.8319    32      515.0918       48.4970  7778561   90.58%
 450134 310120      426.0538    19      515.0918       49.5525  7825984   90.38%
                                                    Covers: 3                  
Elapsed time = 555.42 sec. (511290.66 ticks, tree = 1738.82 MB)
 452807 312027      171.2842    14      515.0918       50.5497  7874009   90.19%
 455668 314097      248.8542    23      515.0918       51.4151  7919411   90.02%
                                                      Cuts: 2                  
 458138 315800      169.1326    18      515.0918       52.0995  7963825   89.89%
                                                      Cuts: 6                  
 460846 317752      369.7982    19      515.0918       52.6892  8006002   89.77%
                                                      Cuts: 7                  
 463338 319522      169.8858    26      515.0918       53.2009  8050938   89.67%
                                                    Covers: 1                  
 466086 321534      369.5672    10      515.0918       53.7349  8095629   89.57%
                                                  Impl Bds: 7                  
 468933 323762      480.7187     7      515.0918       54.1883  8140692   89.48%
                                                  Impl Bds: 3                  
 471705 325836      478.7447    25      515.0918       54.7148  8185297   89.38%
                                                     Cuts: 11                  
 474250 327733      480.4033    18      515.0918       55.2094  8229380   89.28%
                                                     Cuts: 10                  
 476914 329831      482.8007     4      515.0918       55.6848  8271420   89.19%
                                                    Covers: 7                  
Elapsed time = 595.33 sec. (549452.25 ticks, tree = 1886.96 MB)
 479851 332332       59.9328    36      515.0918       55.9770  8312241   89.13%
                                                  Impl Bds: 3                  
 482790 334764      188.0567    38      515.0918       56.3201  8355550   89.07%
                                                    Covers: 1                  
 485692 337112      496.4533    17      515.0918       56.6751  8399294   89.00%
                                                      Cuts: 8                  
 488542 339330      477.5435    12      515.0918       57.3926  8443842   88.86%
                                                      Cuts: 7                  
 491483 341596      335.6129    23      515.0918       57.9718  8491250   88.75%
 494168 343541      476.8364    34      515.0918       58.5968  8533847   88.62%
                                                      Cuts: 3                  
 496813 345518      169.3931    25      515.0918       59.1636  8576348   88.51%
                                                      Cuts: 3                  
 499761 347833      340.1724    26      515.0918       59.7503  8618882   88.40%
                                                    Covers: 2                  
 502478 349807       61.0254    37      515.0918       60.6653  8662031   88.22%
                                                      Cuts: 4                  
 505077 351721      324.9819    18      515.0918       61.3705  8704594   88.09%
                                                    Covers: 3                  
Elapsed time = 635.28 sec. (587616.35 ticks, tree = 2063.85 MB)
Nodefile size = 16.79 MB (9.45 MB after compression)
 507665 353775      480.7353    20      515.0918       61.9453  8745594   87.97%
                                                      Cuts: 8                  
 510321 355770      480.0454    21      515.0918       62.7882  8789645   87.81%
                                                    Covers: 4                  
 512985 357890        cutoff            515.0918       63.3763  8830430   87.70%
                                                      Cuts: 6                  
 515596 359844      478.2416    20      515.0918       64.2724  8870996   87.52%
                                                     Cuts: 10                  
 517975 361671      475.2097     9      515.0918       65.1179  8911883   87.36%
 520794 363889      176.3719    29      515.0918       65.8782  8951352   87.21%
                                                    Covers: 1                  
 523366 365854      478.9153    13      515.0918       66.7057  8995109   87.05%
                                                  Impl Bds: 2                  
 525733 367581      181.8992    26      515.0918       67.7373  9037878   86.85%
                                                      Cuts: 4                  
 528378 369492      327.3180    12      515.0918       69.0836  9080651   86.59%
                                                    Covers: 3                  
 530821 371194      254.2671    31      515.0918       70.4257  9122783   86.33%
                                                      Cuts: 2                  
Elapsed time = 679.69 sec. (625773.64 ticks, tree = 2211.74 MB)
Nodefile size = 164.13 MB (94.16 MB after compression)
 533330 373017      331.7483    23      515.0918       71.8445  9164665   86.05%
                                                    Covers: 1                  
 535610 374672      173.3185    39      515.0918       73.1195  9204240   85.80%
                                                    Covers: 2                  
 538025 376382      322.4185    14      515.0918       74.6855  9246963   85.50%
                                                    Covers: 6                  
 540535 378155      480.5831     9      515.0918       76.5088  9290068   85.15%
 542986 379651      319.5087    23      515.0918       79.1764  9333560   84.63%
                                                  Impl Bds: 2                  
 545185 380692      320.4594    21      515.0918       81.5228  9374065   84.17%
                                                     Cuts: 12                  
 547305 381999      388.0917    26      515.0918       82.9036  9415263   83.91%
                                                   MIRcuts: 1                  
 549202 383030        cutoff            515.0918       84.4943  9456221   83.60%
 551535 384678      481.5276    14      515.0918       85.5771  9495359   83.39%
                                                  Impl Bds: 1                  
 553621 385762      141.0772    37      515.0918       87.8709  9536064   82.94%
                                                     Cuts: 14                  
Elapsed time = 723.94 sec. (663948.90 ticks, tree = 2330.61 MB)
Nodefile size = 282.86 MB (163.08 MB after compression)
 555867 387189      207.6224    30      515.0918       90.9887  9577727   82.34%
                                                      Cuts: 6                  
 558154 388578      169.2217    30      515.0918       93.7720  9618733   81.80%
                                                    Covers: 1                  
 560657 390374      472.3038    11      515.0918       95.9382  9659230   81.37%
                                                      Cuts: 4                  
 563075 392127      326.3346    18      515.0918       97.3534  9700694   81.10%
                                                  Impl Bds: 1                  
 565617 394165      174.4378    26      515.0918       98.1819  9740296   80.94%
                                                      Cuts: 3                  
 567869 395659       99.6138    38      515.0918       99.6205  9779801   80.66%
                                                      Cuts: 9                  
 570230 397296      169.6081    42      515.0918      101.0298  9818224   80.39%
                                                      Cuts: 6                  
 572466 398859      322.5844    32      515.0918      102.7394  9858531   80.05%
                                                      Cuts: 2                  
 574982 400582      104.5554    37      515.0918      104.3196  9897877   79.75%
                                                    Covers: 1                  

GUB cover cuts applied:  2
Clique cuts applied:  10
Cover cuts applied:  390
Implied bound cuts applied:  252
Flow cuts applied:  7
Mixed integer rounding cuts applied:  87
Zero-half cuts applied:  5
Multi commodity flow cuts applied:  1
Gomory fractional cuts applied:  18

Root node processing (before b&c):
  Real time             =    0.09 sec. (79.77 ticks)
Sequential b&c:
  Real time             =  765.42 sec. (698789.48 ticks)
                          ------------
Total (root+branch&cut) =  765.52 sec. (698869.25 ticks)

--- MIP status (113): aborted.
--- Cplex Time: 765.52sec (det. 698869.26 ticks)

--- Fixing integer variables and solving final LP...

Version identifier: 20.1.0.1 | 2021-04-07 | 3a818710c
CPXPARAM_Advance                                 2
CPXPARAM_Threads                                 1
CPXPARAM_MIP_Display                             4
CPXPARAM_MIP_Pool_Capacity                       0
CPXPARAM_MIP_Tolerances_AbsMIPGap                0
Presolve time = 0.00 sec. (0.31 ticks)

--- Fixed MIP status (13): user aborted.
--- Cplex Time: 0.00sec (det. 0.31 ticks)

--- Rerunning with presolve turned off and solving with LPMETHOD=1.

Version identifier: 20.1.0.1 | 2021-04-07 | 3a818710c
CPXPARAM_Advance                                 2
CPXPARAM_Preprocessing_Presolve                  0
CPXPARAM_LPMethod                                1
CPXPARAM_Threads                                 1
CPXPARAM_MIP_Display                             4
CPXPARAM_MIP_Pool_Capacity                       0
CPXPARAM_MIP_Tolerances_AbsMIPGap                0
Primal superbasis not built.

--- Fixed MIP status (13): user aborted.
--- Cplex Time: 0.00sec (det. 0.60 ticks)

*** WARNING: Final solve did not return an optimal solution.
--- Returning a primal only solution to GAMS (marginals all set to NA).

Problem aborted
MIP Solution:          515.091785    (9899577 iterations, 575101 nodes)
Final Solve:           116.222500    (0 iterations)

Best possible:         104.345651
Absolute gap:          410.746134
Relative gap:            0.797423

--- Reading solution for model buraktez
***
*** Solver did not provide marginals for model buraktez
***
*** Status: Normal completion
--- Job new7.gms Stop 01/06/22 12:57:57 elapsed 0:12:46.561
